13:07:42 **** Clean-only build of configuration Nios II for project SDCard_OnchipRam_bsp ****
make clean 
[BSP clean complete]
13:07:44 **** Clean-only build of configuration Nios II for project SDCard_OnchipRam ****
make clean 
[SDCard_OnchipRam clean complete]
13:09:07 **** Build of configuration Nios II for project SDCard_OnchipRam ****
make all 
Info: Building ../SDCard_OnchipRam_bsp/
C:/altera/15.1/nios2eds/bin/gnu/H-x86_64-mingw32/bin/make --no-print-directory -C ../SDCard_OnchipRam_bsp/
Compiling alt_alarm_start.c...
nios2-elf-gcc -xc -MP -MMD -c  -I./HAL/inc -I. -I./drivers/inc -pipe -D__hal__ -DALT_NO_INSTRUCTION_EMULATION -DALT_SINGLE_THREADED    -O0 -g -Wall  -mno-hw-div -mhw-mul -mno-hw-mulx   -o obj/HAL/src/alt_alarm_start.o HAL/src/alt_alarm_start.c
Compiling alt_busy_sleep.c...
nios2-elf-gcc -xc -MP -MMD -c  -I./HAL/inc -I. -I./drivers/inc -pipe -D__hal__ -DALT_NO_INSTRUCTION_EMULATION -DALT_SINGLE_THREADED    -O0 -g -Wall  -mno-hw-div -mhw-mul -mno-hw-mulx   -o obj/HAL/src/alt_busy_sleep.o HAL/src/alt_busy_sleep.c
Compiling alt_close.c...
nios2-elf-gcc -xc -MP -MMD -c  -I./HAL/inc -I. -I./drivers/inc -pipe -D__hal__ -DALT_NO_INSTRUCTION_EMULATION -DALT_SINGLE_THREADED    -O0 -g -Wall  -mno-hw-div -mhw-mul -mno-hw-mulx   -o obj/HAL/src/alt_close.o HAL/src/alt_close.c
Compiling alt_dcache_flush.c...
nios2-elf-gcc -xc -MP -MMD -c  -I./HAL/inc -I. -I./drivers/inc -pipe -D__hal__ -DALT_NO_INSTRUCTION_EMULATION -DALT_SINGLE_THREADED    -O0 -g -Wall  -mno-hw-div -mhw-mul -mno-hw-mulx   -o obj/HAL/src/alt_dcache_flush.o HAL/src/alt_dcache_flush.c
Compiling alt_dcache_flush_all.c...
nios2-elf-gcc -xc -MP -MMD -c  -I./HAL/inc -I. -I./drivers/inc -pipe -D__hal__ -DALT_NO_INSTRUCTION_EMULATION -DALT_SINGLE_THREADED    -O0 -g -Wall  -mno-hw-div -mhw-mul -mno-hw-mulx   -o obj/HAL/src/alt_dcache_flush_all.o HAL/src/alt_dcache_flush_all.c
Compiling alt_dcache_flush_no_writeback.c...
nios2-elf-gcc -xc -MP -MMD -c  -I./HAL/inc -I. -I./drivers/inc -pipe -D__hal__ -DALT_NO_INSTRUCTION_EMULATION -DALT_SINGLE_THREADED    -O0 -g -Wall  -mno-hw-div -mhw-mul -mno-hw-mulx   -o obj/HAL/src/alt_dcache_flush_no_writeback.o HAL/src/alt_dcache_flush_no_writeback.c
Compiling alt_dev.c...
nios2-elf-gcc -xc -MP -MMD -c  -I./HAL/inc -I. -I./drivers/inc -pipe -D__hal__ -DALT_NO_INSTRUCTION_EMULATION -DALT_SINGLE_THREADED    -O0 -g -Wall  -mno-hw-div -mhw-mul -mno-hw-mulx   -o obj/HAL/src/alt_dev.o HAL/src/alt_dev.c
Compiling alt_dev_llist_insert.c...
nios2-elf-gcc -xc -MP -MMD -c  -I./HAL/inc -I. -I./drivers/inc -pipe -D__hal__ -DALT_NO_INSTRUCTION_EMULATION -DALT_SINGLE_THREADED    -O0 -g -Wall  -mno-hw-div -mhw-mul -mno-hw-mulx   -o obj/HAL/src/alt_dev_llist_insert.o HAL/src/alt_dev_llist_insert.c
Compiling alt_dma_rxchan_open.c...
nios2-elf-gcc -xc -MP -MMD -c  -I./HAL/inc -I. -I./drivers/inc -pipe -D__hal__ -DALT_NO_INSTRUCTION_EMULATION -DALT_SINGLE_THREADED    -O0 -g -Wall  -mno-hw-div -mhw-mul -mno-hw-mulx   -o obj/HAL/src/alt_dma_rxchan_open.o HAL/src/alt_dma_rxchan_open.c
Compiling alt_dma_txchan_open.c...
nios2-elf-gcc -xc -MP -MMD -c  -I./HAL/inc -I. -I./drivers/inc -pipe -D__hal__ -DALT_NO_INSTRUCTION_EMULATION -DALT_SINGLE_THREADED    -O0 -g -Wall  -mno-hw-div -mhw-mul -mno-hw-mulx   -o obj/HAL/src/alt_dma_txchan_open.o HAL/src/alt_dma_txchan_open.c
Compiling alt_do_ctors.c...
nios2-elf-gcc -xc -MP -MMD -c  -I./HAL/inc -I. -I./drivers/inc -pipe -D__hal__ -DALT_NO_INSTRUCTION_EMULATION -DALT_SINGLE_THREADED    -O0 -g -Wall  -mno-hw-div -mhw-mul -mno-hw-mulx   -o obj/HAL/src/alt_do_ctors.o HAL/src/alt_do_ctors.c
Compiling alt_do_dtors.c...
nios2-elf-gcc -xc -MP -MMD -c  -I./HAL/inc -I. -I./drivers/inc -pipe -D__hal__ -DALT_NO_INSTRUCTION_EMULATION -DALT_SINGLE_THREADED    -O0 -g -Wall  -mno-hw-div -mhw-mul -mno-hw-mulx   -o obj/HAL/src/alt_do_dtors.o HAL/src/alt_do_dtors.c
Compiling alt_ecc_fatal_entry.S...
nios2-elf-gcc -MP -MMD -c   -O0 -g -Wall  -mno-hw-div -mhw-mul -mno-hw-mulx    -I./HAL/inc -I. -I./drivers/inc -pipe -D__hal__ -DALT_NO_INSTRUCTION_EMULATION -DALT_SINGLE_THREADED  -Wa,-gdwarf2  -o obj/HAL/src/alt_ecc_fatal_entry.o HAL/src/alt_ecc_fatal_entry.S
Compiling alt_ecc_fatal_exception.c...
nios2-elf-gcc -xc -MP -MMD -c  -I./HAL/inc -I. -I./drivers/inc -pipe -D__hal__ -DALT_NO_INSTRUCTION_EMULATION -DALT_SINGLE_THREADED    -O0 -g -Wall  -mno-hw-div -mhw-mul -mno-hw-mulx   -o obj/HAL/src/alt_ecc_fatal_exception.o HAL/src/alt_ecc_fatal_exception.c
Compiling alt_env_lock.c...
nios2-elf-gcc -xc -MP -MMD -c  -I./HAL/inc -I. -I./drivers/inc -pipe -D__hal__ -DALT_NO_INSTRUCTION_EMULATION -DALT_SINGLE_THREADED    -O0 -g -Wall  -mno-hw-div -mhw-mul -mno-hw-mulx   -o obj/HAL/src/alt_env_lock.o HAL/src/alt_env_lock.c
Compiling alt_environ.c...
nios2-elf-gcc -xc -MP -MMD -c  -I./HAL/inc -I. -I./drivers/inc -pipe -D__hal__ -DALT_NO_INSTRUCTION_EMULATION -DALT_SINGLE_THREADED    -O0 -g -Wall  -mno-hw-div -mhw-mul -mno-hw-mulx   -o obj/HAL/src/alt_environ.o HAL/src/alt_environ.c
Compiling alt_errno.c...
nios2-elf-gcc -xc -MP -MMD -c  -I./HAL/inc -I. -I./drivers/inc -pipe -D__hal__ -DALT_NO_INSTRUCTION_EMULATION -DALT_SINGLE_THREADED    -O0 -g -Wall  -mno-hw-div -mhw-mul -mno-hw-mulx   -o obj/HAL/src/alt_errno.o HAL/src/alt_errno.c
Compiling alt_exception_entry.S...
nios2-elf-gcc -MP -MMD -c   -O0 -g -Wall  -mno-hw-div -mhw-mul -mno-hw-mulx    -I./HAL/inc -I. -I./drivers/inc -pipe -D__hal__ -DALT_NO_INSTRUCTION_EMULATION -DALT_SINGLE_THREADED  -Wa,-gdwarf2  -o obj/HAL/src/alt_exception_entry.o HAL/src/alt_exception_entry.S
Compiling alt_exception_muldiv.S...
nios2-elf-gcc -MP -MMD -c   -O0 -g -Wall  -mno-hw-div -mhw-mul -mno-hw-mulx    -I./HAL/inc -I. -I./drivers/inc -pipe -D__hal__ -DALT_NO_INSTRUCTION_EMULATION -DALT_SINGLE_THREADED  -Wa,-gdwarf2  -o obj/HAL/src/alt_exception_muldiv.o HAL/src/alt_exception_muldiv.S
Compiling alt_exception_trap.S...
nios2-elf-gcc -MP -MMD -c   -O0 -g -Wall  -mno-hw-div -mhw-mul -mno-hw-mulx    -I./HAL/inc -I. -I./drivers/inc -pipe -D__hal__ -DALT_NO_INSTRUCTION_EMULATION -DALT_SINGLE_THREADED  -Wa,-gdwarf2  -o obj/HAL/src/alt_exception_trap.o HAL/src/alt_exception_trap.S
Compiling alt_execve.c...
nios2-elf-gcc -xc -MP -MMD -c  -I./HAL/inc -I. -I./drivers/inc -pipe -D__hal__ -DALT_NO_INSTRUCTION_EMULATION -DALT_SINGLE_THREADED    -O0 -g -Wall  -mno-hw-div -mhw-mul -mno-hw-mulx   -o obj/HAL/src/alt_execve.o HAL/src/alt_execve.c
Compiling alt_exit.c...
nios2-elf-gcc -xc -MP -MMD -c  -I./HAL/inc -I. -I./drivers/inc -pipe -D__hal__ -DALT_NO_INSTRUCTION_EMULATION -DALT_SINGLE_THREADED    -O0 -g -Wall  -mno-hw-div -mhw-mul -mno-hw-mulx   -o obj/HAL/src/alt_exit.o HAL/src/alt_exit.c
Compiling alt_fcntl.c...
nios2-elf-gcc -xc -MP -MMD -c  -I./HAL/inc -I. -I./drivers/inc -pipe -D__hal__ -DALT_NO_INSTRUCTION_EMULATION -DALT_SINGLE_THREADED    -O0 -g -Wall  -mno-hw-div -mhw-mul -mno-hw-mulx   -o obj/HAL/src/alt_fcntl.o HAL/src/alt_fcntl.c
Compiling alt_fd_lock.c...
nios2-elf-gcc -xc -MP -MMD -c  -I./HAL/inc -I. -I./drivers/inc -pipe -D__hal__ -DALT_NO_INSTRUCTION_EMULATION -DALT_SINGLE_THREADED    -O0 -g -Wall  -mno-hw-div -mhw-mul -mno-hw-mulx   -o obj/HAL/src/alt_fd_lock.o HAL/src/alt_fd_lock.c
Compiling alt_fd_unlock.c...
nios2-elf-gcc -xc -MP -MMD -c  -I./HAL/inc -I. -I./drivers/inc -pipe -D__hal__ -DALT_NO_INSTRUCTION_EMULATION -DALT_SINGLE_THREADED    -O0 -g -Wall  -mno-hw-div -mhw-mul -mno-hw-mulx   -o obj/HAL/src/alt_fd_unlock.o HAL/src/alt_fd_unlock.c
Compiling alt_find_dev.c...
nios2-elf-gcc -xc -MP -MMD -c  -I./HAL/inc -I. -I./drivers/inc -pipe -D__hal__ -DALT_NO_INSTRUCTION_EMULATION -DALT_SINGLE_THREADED    -O0 -g -Wall  -mno-hw-div -mhw-mul -mno-hw-mulx   -o obj/HAL/src/alt_find_dev.o HAL/src/alt_find_dev.c
Compiling alt_find_file.c...
nios2-elf-gcc -xc -MP -MMD -c  -I./HAL/inc -I. -I./drivers/inc -pipe -D__hal__ -DALT_NO_INSTRUCTION_EMULATION -DALT_SINGLE_THREADED    -O0 -g -Wall  -mno-hw-div -mhw-mul -mno-hw-mulx   -o obj/HAL/src/alt_find_file.o HAL/src/alt_find_file.c
Compiling alt_flash_dev.c...
nios2-elf-gcc -xc -MP -MMD -c  -I./HAL/inc -I. -I./drivers/inc -pipe -D__hal__ -DALT_NO_INSTRUCTION_EMULATION -DALT_SINGLE_THREADED    -O0 -g -Wall  -mno-hw-div -mhw-mul -mno-hw-mulx   -o obj/HAL/src/alt_flash_dev.o HAL/src/alt_flash_dev.c
Compiling alt_fork.c...
nios2-elf-gcc -xc -MP -MMD -c  -I./HAL/inc -I. -I./drivers/inc -pipe -D__hal__ -DALT_NO_INSTRUCTION_EMULATION -DALT_SINGLE_THREADED    -O0 -g -Wall  -mno-hw-div -mhw-mul -mno-hw-mulx   -o obj/HAL/src/alt_fork.o HAL/src/alt_fork.c
Compiling alt_fs_reg.c...
nios2-elf-gcc -xc -MP -MMD -c  -I./HAL/inc -I. -I./drivers/inc -pipe -D__hal__ -DALT_NO_INSTRUCTION_EMULATION -DALT_SINGLE_THREADED    -O0 -g -Wall  -mno-hw-div -mhw-mul -mno-hw-mulx   -o obj/HAL/src/alt_fs_reg.o HAL/src/alt_fs_reg.c
Compiling alt_fstat.c...
nios2-elf-gcc -xc -MP -MMD -c  -I./HAL/inc -I. -I./drivers/inc -pipe -D__hal__ -DALT_NO_INSTRUCTION_EMULATION -DALT_SINGLE_THREADED    -O0 -g -Wall  -mno-hw-div -mhw-mul -mno-hw-mulx   -o obj/HAL/src/alt_fstat.o HAL/src/alt_fstat.c
Compiling alt_get_fd.c...
nios2-elf-gcc -xc -MP -MMD -c  -I./HAL/inc -I. -I./drivers/inc -pipe -D__hal__ -DALT_NO_INSTRUCTION_EMULATION -DALT_SINGLE_THREADED    -O0 -g -Wall  -mno-hw-div -mhw-mul -mno-hw-mulx   -o obj/HAL/src/alt_get_fd.o HAL/src/alt_get_fd.c
Compiling alt_getchar.c...
nios2-elf-gcc -xc -MP -MMD -c  -I./HAL/inc -I. -I./drivers/inc -pipe -D__hal__ -DALT_NO_INSTRUCTION_EMULATION -DALT_SINGLE_THREADED    -O0 -g -Wall  -mno-hw-div -mhw-mul -mno-hw-mulx   -o obj/HAL/src/alt_getchar.o HAL/src/alt_getchar.c
Compiling alt_getpid.c...
nios2-elf-gcc -xc -MP -MMD -c  -I./HAL/inc -I. -I./drivers/inc -pipe -D__hal__ -DALT_NO_INSTRUCTION_EMULATION -DALT_SINGLE_THREADED    -O0 -g -Wall  -mno-hw-div -mhw-mul -mno-hw-mulx   -o obj/HAL/src/alt_getpid.o HAL/src/alt_getpid.c
Compiling alt_gettod.c...
nios2-elf-gcc -xc -MP -MMD -c  -I./HAL/inc -I. -I./drivers/inc -pipe -D__hal__ -DALT_NO_INSTRUCTION_EMULATION -DALT_SINGLE_THREADED    -O0 -g -Wall  -mno-hw-div -mhw-mul -mno-hw-mulx   -o obj/HAL/src/alt_gettod.o HAL/src/alt_gettod.c
Compiling alt_gmon.c...
nios2-elf-gcc -xc -MP -MMD -c  -I./HAL/inc -I. -I./drivers/inc -pipe -D__hal__ -DALT_NO_INSTRUCTION_EMULATION -DALT_SINGLE_THREADED    -O0 -g -Wall  -mno-hw-div -mhw-mul -mno-hw-mulx   -o obj/HAL/src/alt_gmon.o HAL/src/alt_gmon.c
Compiling alt_icache_flush.c...
nios2-elf-gcc -xc -MP -MMD -c  -I./HAL/inc -I. -I./drivers/inc -pipe -D__hal__ -DALT_NO_INSTRUCTION_EMULATION -DALT_SINGLE_THREADED    -O0 -g -Wall  -mno-hw-div -mhw-mul -mno-hw-mulx   -o obj/HAL/src/alt_icache_flush.o HAL/src/alt_icache_flush.c
Compiling alt_icache_flush_all.c...
nios2-elf-gcc -xc -MP -MMD -c  -I./HAL/inc -I. -I./drivers/inc -pipe -D__hal__ -DALT_NO_INSTRUCTION_EMULATION -DALT_SINGLE_THREADED    -O0 -g -Wall  -mno-hw-div -mhw-mul -mno-hw-mulx   -o obj/HAL/src/alt_icache_flush_all.o HAL/src/alt_icache_flush_all.c
Compiling alt_iic.c...
nios2-elf-gcc -xc -MP -MMD -c  -I./HAL/inc -I. -I./drivers/inc -pipe -D__hal__ -DALT_NO_INSTRUCTION_EMULATION -DALT_SINGLE_THREADED    -O0 -g -Wall  -mno-hw-div -mhw-mul -mno-hw-mulx   -o obj/HAL/src/alt_iic.o HAL/src/alt_iic.c
Compiling alt_iic_isr_register.c...
nios2-elf-gcc -xc -MP -MMD -c  -I./HAL/inc -I. -I./drivers/inc -pipe -D__hal__ -DALT_NO_INSTRUCTION_EMULATION -DALT_SINGLE_THREADED    -O0 -g -Wall  -mno-hw-div -mhw-mul -mno-hw-mulx   -o obj/HAL/src/alt_iic_isr_register.o HAL/src/alt_iic_isr_register.c
Compiling alt_instruction_exception_entry.c...
nios2-elf-gcc -xc -MP -MMD -c  -I./HAL/inc -I. -I./drivers/inc -pipe -D__hal__ -DALT_NO_INSTRUCTION_EMULATION -DALT_SINGLE_THREADED    -O0 -g -Wall  -mno-hw-div -mhw-mul -mno-hw-mulx   -o obj/HAL/src/alt_instruction_exception_entry.o HAL/src/alt_instruction_exception_entry.c
Compiling alt_instruction_exception_register.c...
nios2-elf-gcc -xc -MP -MMD -c  -I./HAL/inc -I. -I./drivers/inc -pipe -D__hal__ -DALT_NO_INSTRUCTION_EMULATION -DALT_SINGLE_THREADED    -O0 -g -Wall  -mno-hw-div -mhw-mul -mno-hw-mulx   -o obj/HAL/src/alt_instruction_exception_register.o HAL/src/alt_instruction_exception_register.c
Compiling alt_io_redirect.c...
nios2-elf-gcc -xc -MP -MMD -c  -I./HAL/inc -I. -I./drivers/inc -pipe -D__hal__ -DALT_NO_INSTRUCTION_EMULATION -DALT_SINGLE_THREADED    -O0 -g -Wall  -mno-hw-div -mhw-mul -mno-hw-mulx   -o obj/HAL/src/alt_io_redirect.o HAL/src/alt_io_redirect.c
Compiling alt_ioctl.c...
nios2-elf-gcc -xc -MP -MMD -c  -I./HAL/inc -I. -I./drivers/inc -pipe -D__hal__ -DALT_NO_INSTRUCTION_EMULATION -DALT_SINGLE_THREADED    -O0 -g -Wall  -mno-hw-div -mhw-mul -mno-hw-mulx   -o obj/HAL/src/alt_ioctl.o HAL/src/alt_ioctl.c
Compiling alt_irq_entry.S...
nios2-elf-gcc -MP -MMD -c   -O0 -g -Wall  -mno-hw-div -mhw-mul -mno-hw-mulx    -I./HAL/inc -I. -I./drivers/inc -pipe -D__hal__ -DALT_NO_INSTRUCTION_EMULATION -DALT_SINGLE_THREADED  -Wa,-gdwarf2  -o obj/HAL/src/alt_irq_entry.o HAL/src/alt_irq_entry.S
Compiling alt_irq_handler.c...
nios2-elf-gcc -xc -MP -MMD -c  -I./HAL/inc -I. -I./drivers/inc -pipe -D__hal__ -DALT_NO_INSTRUCTION_EMULATION -DALT_SINGLE_THREADED    -O0 -g -Wall  -mno-hw-div -mhw-mul -mno-hw-mulx   -o obj/HAL/src/alt_irq_handler.o HAL/src/alt_irq_handler.c
Compiling alt_irq_register.c...
nios2-elf-gcc -xc -MP -MMD -c  -I./HAL/inc -I. -I./drivers/inc -pipe -D__hal__ -DALT_NO_INSTRUCTION_EMULATION -DALT_SINGLE_THREADED    -O0 -g -Wall  -mno-hw-div -mhw-mul -mno-hw-mulx   -o obj/HAL/src/alt_irq_register.o HAL/src/alt_irq_register.c
Compiling alt_irq_vars.c...
nios2-elf-gcc -xc -MP -MMD -c  -I./HAL/inc -I. -I./drivers/inc -pipe -D__hal__ -DALT_NO_INSTRUCTION_EMULATION -DALT_SINGLE_THREADED    -O0 -g -Wall  -mno-hw-div -mhw-mul -mno-hw-mulx   -o obj/HAL/src/alt_irq_vars.o HAL/src/alt_irq_vars.c
Compiling alt_isatty.c...
nios2-elf-gcc -xc -MP -MMD -c  -I./HAL/inc -I. -I./drivers/inc -pipe -D__hal__ -DALT_NO_INSTRUCTION_EMULATION -DALT_SINGLE_THREADED    -O0 -g -Wall  -mno-hw-div -mhw-mul -mno-hw-mulx   -o obj/HAL/src/alt_isatty.o HAL/src/alt_isatty.c
Compiling alt_kill.c...
nios2-elf-gcc -xc -MP -MMD -c  -I./HAL/inc -I. -I./drivers/inc -pipe -D__hal__ -DALT_NO_INSTRUCTION_EMULATION -DALT_SINGLE_THREADED    -O0 -g -Wall  -mno-hw-div -mhw-mul -mno-hw-mulx   -o obj/HAL/src/alt_kill.o HAL/src/alt_kill.c
Compiling alt_link.c...
nios2-elf-gcc -xc -MP -MMD -c  -I./HAL/inc -I. -I./drivers/inc -pipe -D__hal__ -DALT_NO_INSTRUCTION_EMULATION -DALT_SINGLE_THREADED    -O0 -g -Wall  -mno-hw-div -mhw-mul -mno-hw-mulx   -o obj/HAL/src/alt_link.o HAL/src/alt_link.c
Compiling alt_load.c...
nios2-elf-gcc -xc -MP -MMD -c  -I./HAL/inc -I. -I./drivers/inc -pipe -D__hal__ -DALT_NO_INSTRUCTION_EMULATION -DALT_SINGLE_THREADED    -O0 -g -Wall  -mno-hw-div -mhw-mul -mno-hw-mulx   -o obj/HAL/src/alt_load.o HAL/src/alt_load.c
Compiling alt_log_macro.S...
nios2-elf-gcc -MP -MMD -c   -O0 -g -Wall  -mno-hw-div -mhw-mul -mno-hw-mulx    -I./HAL/inc -I. -I./drivers/inc -pipe -D__hal__ -DALT_NO_INSTRUCTION_EMULATION -DALT_SINGLE_THREADED  -Wa,-gdwarf2  -o obj/HAL/src/alt_log_macro.o HAL/src/alt_log_macro.S
Compiling alt_log_printf.c...
nios2-elf-gcc -xc -MP -MMD -c  -I./HAL/inc -I. -I./drivers/inc -pipe -D__hal__ -DALT_NO_INSTRUCTION_EMULATION -DALT_SINGLE_THREADED    -O0 -g -Wall  -mno-hw-div -mhw-mul -mno-hw-mulx   -o obj/HAL/src/alt_log_printf.o HAL/src/alt_log_printf.c
Compiling alt_lseek.c...
nios2-elf-gcc -xc -MP -MMD -c  -I./HAL/inc -I. -I./drivers/inc -pipe -D__hal__ -DALT_NO_INSTRUCTION_EMULATION -DALT_SINGLE_THREADED    -O0 -g -Wall  -mno-hw-div -mhw-mul -mno-hw-mulx   -o obj/HAL/src/alt_lseek.o HAL/src/alt_lseek.c
Compiling alt_main.c...
nios2-elf-gcc -xc -MP -MMD -c  -I./HAL/inc -I. -I./drivers/inc -pipe -D__hal__ -DALT_NO_INSTRUCTION_EMULATION -DALT_SINGLE_THREADED    -O0 -g -Wall  -mno-hw-div -mhw-mul -mno-hw-mulx   -o obj/HAL/src/alt_main.o HAL/src/alt_main.c
Compiling alt_malloc_lock.c...
nios2-elf-gcc -xc -MP -MMD -c  -I./HAL/inc -I. -I./drivers/inc -pipe -D__hal__ -DALT_NO_INSTRUCTION_EMULATION -DALT_SINGLE_THREADED    -O0 -g -Wall  -mno-hw-div -mhw-mul -mno-hw-mulx   -o obj/HAL/src/alt_malloc_lock.o HAL/src/alt_malloc_lock.c
Compiling alt_mcount.S...
nios2-elf-gcc -MP -MMD -c   -O0 -g -Wall  -mno-hw-div -mhw-mul -mno-hw-mulx    -I./HAL/inc -I. -I./drivers/inc -pipe -D__hal__ -DALT_NO_INSTRUCTION_EMULATION -DALT_SINGLE_THREADED  -Wa,-gdwarf2  -o obj/HAL/src/alt_mcount.o HAL/src/alt_mcount.S
Compiling alt_open.c...
nios2-elf-gcc -xc -MP -MMD -c  -I./HAL/inc -I. -I./drivers/inc -pipe -D__hal__ -DALT_NO_INSTRUCTION_EMULATION -DALT_SINGLE_THREADED    -O0 -g -Wall  -mno-hw-div -mhw-mul -mno-hw-mulx   -o obj/HAL/src/alt_open.o HAL/src/alt_open.c
Compiling alt_printf.c...
nios2-elf-gcc -xc -MP -MMD -c  -I./HAL/inc -I. -I./drivers/inc -pipe -D__hal__ -DALT_NO_INSTRUCTION_EMULATION -DALT_SINGLE_THREADED    -O0 -g -Wall  -mno-hw-div -mhw-mul -mno-hw-mulx   -o obj/HAL/src/alt_printf.o HAL/src/alt_printf.c
Compiling alt_putchar.c...
nios2-elf-gcc -xc -MP -MMD -c  -I./HAL/inc -I. -I./drivers/inc -pipe -D__hal__ -DALT_NO_INSTRUCTION_EMULATION -DALT_SINGLE_THREADED    -O0 -g -Wall  -mno-hw-div -mhw-mul -mno-hw-mulx   -o obj/HAL/src/alt_putchar.o HAL/src/alt_putchar.c
Compiling alt_putcharbuf.c...
nios2-elf-gcc -xc -MP -MMD -c  -I./HAL/inc -I. -I./drivers/inc -pipe -D__hal__ -DALT_NO_INSTRUCTION_EMULATION -DALT_SINGLE_THREADED    -O0 -g -Wall  -mno-hw-div -mhw-mul -mno-hw-mulx   -o obj/HAL/src/alt_putcharbuf.o HAL/src/alt_putcharbuf.c
Compiling alt_putstr.c...
nios2-elf-gcc -xc -MP -MMD -c  -I./HAL/inc -I. -I./drivers/inc -pipe -D__hal__ -DALT_NO_INSTRUCTION_EMULATION -DALT_SINGLE_THREADED    -O0 -g -Wall  -mno-hw-div -mhw-mul -mno-hw-mulx   -o obj/HAL/src/alt_putstr.o HAL/src/alt_putstr.c
Compiling alt_read.c...
nios2-elf-gcc -xc -MP -MMD -c  -I./HAL/inc -I. -I./drivers/inc -pipe -D__hal__ -DALT_NO_INSTRUCTION_EMULATION -DALT_SINGLE_THREADED    -O0 -g -Wall  -mno-hw-div -mhw-mul -mno-hw-mulx   -o obj/HAL/src/alt_read.o HAL/src/alt_read.c
Compiling alt_release_fd.c...
nios2-elf-gcc -xc -MP -MMD -c  -I./HAL/inc -I. -I./drivers/inc -pipe -D__hal__ -DALT_NO_INSTRUCTION_EMULATION -DALT_SINGLE_THREADED    -O0 -g -Wall  -mno-hw-div -mhw-mul -mno-hw-mulx   -o obj/HAL/src/alt_release_fd.o HAL/src/alt_release_fd.c
Compiling alt_remap_cached.c...
nios2-elf-gcc -xc -MP -MMD -c  -I./HAL/inc -I. -I./drivers/inc -pipe -D__hal__ -DALT_NO_INSTRUCTION_EMULATION -DALT_SINGLE_THREADED    -O0 -g -Wall  -mno-hw-div -mhw-mul -mno-hw-mulx   -o obj/HAL/src/alt_remap_cached.o HAL/src/alt_remap_cached.c
Compiling alt_remap_uncached.c...
nios2-elf-gcc -xc -MP -MMD -c  -I./HAL/inc -I. -I./drivers/inc -pipe -D__hal__ -DALT_NO_INSTRUCTION_EMULATION -DALT_SINGLE_THREADED    -O0 -g -Wall  -mno-hw-div -mhw-mul -mno-hw-mulx   -o obj/HAL/src/alt_remap_uncached.o HAL/src/alt_remap_uncached.c
Compiling alt_rename.c...
nios2-elf-gcc -xc -MP -MMD -c  -I./HAL/inc -I. -I./drivers/inc -pipe -D__hal__ -DALT_NO_INSTRUCTION_EMULATION -DALT_SINGLE_THREADED    -O0 -g -Wall  -mno-hw-div -mhw-mul -mno-hw-mulx   -o obj/HAL/src/alt_rename.o HAL/src/alt_rename.c
Compiling alt_sbrk.c...
nios2-elf-gcc -xc -MP -MMD -c  -I./HAL/inc -I. -I./drivers/inc -pipe -D__hal__ -DALT_NO_INSTRUCTION_EMULATION -DALT_SINGLE_THREADED    -O0 -g -Wall  -mno-hw-div -mhw-mul -mno-hw-mulx   -o obj/HAL/src/alt_sbrk.o HAL/src/alt_sbrk.c
Compiling alt_settod.c...
nios2-elf-gcc -xc -MP -MMD -c  -I./HAL/inc -I. -I./drivers/inc -pipe -D__hal__ -DALT_NO_INSTRUCTION_EMULATION -DALT_SINGLE_THREADED    -O0 -g -Wall  -mno-hw-div -mhw-mul -mno-hw-mulx   -o obj/HAL/src/alt_settod.o HAL/src/alt_settod.c
Compiling alt_software_exception.S...
nios2-elf-gcc -MP -MMD -c   -O0 -g -Wall  -mno-hw-div -mhw-mul -mno-hw-mulx    -I./HAL/inc -I. -I./drivers/inc -pipe -D__hal__ -DALT_NO_INSTRUCTION_EMULATION -DALT_SINGLE_THREADED  -Wa,-gdwarf2  -o obj/HAL/src/alt_software_exception.o HAL/src/alt_software_exception.S
Compiling alt_stat.c...
nios2-elf-gcc -xc -MP -MMD -c  -I./HAL/inc -I. -I./drivers/inc -pipe -D__hal__ -DALT_NO_INSTRUCTION_EMULATION -DALT_SINGLE_THREADED    -O0 -g -Wall  -mno-hw-div -mhw-mul -mno-hw-mulx   -o obj/HAL/src/alt_stat.o HAL/src/alt_stat.c
Compiling alt_tick.c...
nios2-elf-gcc -xc -MP -MMD -c  -I./HAL/inc -I. -I./drivers/inc -pipe -D__hal__ -DALT_NO_INSTRUCTION_EMULATION -DALT_SINGLE_THREADED    -O0 -g -Wall  -mno-hw-div -mhw-mul -mno-hw-mulx   -o obj/HAL/src/alt_tick.o HAL/src/alt_tick.c
Compiling alt_times.c...
nios2-elf-gcc -xc -MP -MMD -c  -I./HAL/inc -I. -I./drivers/inc -pipe -D__hal__ -DALT_NO_INSTRUCTION_EMULATION -DALT_SINGLE_THREADED    -O0 -g -Wall  -mno-hw-div -mhw-mul -mno-hw-mulx   -o obj/HAL/src/alt_times.o HAL/src/alt_times.c
Compiling alt_uncached_free.c...
nios2-elf-gcc -xc -MP -MMD -c  -I./HAL/inc -I. -I./drivers/inc -pipe -D__hal__ -DALT_NO_INSTRUCTION_EMULATION -DALT_SINGLE_THREADED    -O0 -g -Wall  -mno-hw-div -mhw-mul -mno-hw-mulx   -o obj/HAL/src/alt_uncached_free.o HAL/src/alt_uncached_free.c
Compiling alt_uncached_malloc.c...
nios2-elf-gcc -xc -MP -MMD -c  -I./HAL/inc -I. -I./drivers/inc -pipe -D__hal__ -DALT_NO_INSTRUCTION_EMULATION -DALT_SINGLE_THREADED    -O0 -g -Wall  -mno-hw-div -mhw-mul -mno-hw-mulx   -o obj/HAL/src/alt_uncached_malloc.o HAL/src/alt_uncached_malloc.c
Compiling alt_unlink.c...
nios2-elf-gcc -xc -MP -MMD -c  -I./HAL/inc -I. -I./drivers/inc -pipe -D__hal__ -DALT_NO_INSTRUCTION_EMULATION -DALT_SINGLE_THREADED    -O0 -g -Wall  -mno-hw-div -mhw-mul -mno-hw-mulx   -o obj/HAL/src/alt_unlink.o HAL/src/alt_unlink.c
Compiling alt_usleep.c...
nios2-elf-gcc -xc -MP -MMD -c  -I./HAL/inc -I. -I./drivers/inc -pipe -D__hal__ -DALT_NO_INSTRUCTION_EMULATION -DALT_SINGLE_THREADED    -O0 -g -Wall  -mno-hw-div -mhw-mul -mno-hw-mulx   -o obj/HAL/src/alt_usleep.o HAL/src/alt_usleep.c
Compiling alt_wait.c...
nios2-elf-gcc -xc -MP -MMD -c  -I./HAL/inc -I. -I./drivers/inc -pipe -D__hal__ -DALT_NO_INSTRUCTION_EMULATION -DALT_SINGLE_THREADED    -O0 -g -Wall  -mno-hw-div -mhw-mul -mno-hw-mulx   -o obj/HAL/src/alt_wait.o HAL/src/alt_wait.c
Compiling alt_write.c...
nios2-elf-gcc -xc -MP -MMD -c  -I./HAL/inc -I. -I./drivers/inc -pipe -D__hal__ -DALT_NO_INSTRUCTION_EMULATION -DALT_SINGLE_THREADED    -O0 -g -Wall  -mno-hw-div -mhw-mul -mno-hw-mulx   -o obj/HAL/src/alt_write.o HAL/src/alt_write.c
Compiling altera_nios2_gen2_irq.c...
nios2-elf-gcc -xc -MP -MMD -c  -I./HAL/inc -I. -I./drivers/inc -pipe -D__hal__ -DALT_NO_INSTRUCTION_EMULATION -DALT_SINGLE_THREADED    -O0 -g -Wall  -mno-hw-div -mhw-mul -mno-hw-mulx   -o obj/HAL/src/altera_nios2_gen2_irq.o HAL/src/altera_nios2_gen2_irq.c
Compiling crt0.S...
nios2-elf-gcc -MP -MMD -c   -O0 -g -Wall  -mno-hw-div -mhw-mul -mno-hw-mulx    -I./HAL/inc -I. -I./drivers/inc -pipe -D__hal__ -DALT_NO_INSTRUCTION_EMULATION -DALT_SINGLE_THREADED  -Wa,-gdwarf2  -o obj/HAL/src/crt0.o HAL/src/crt0.S
Compiling alt_sys_init.c...
nios2-elf-gcc -xc -MP -MMD -c  -I./HAL/inc -I. -I./drivers/inc -pipe -D__hal__ -DALT_NO_INSTRUCTION_EMULATION -DALT_SINGLE_THREADED    -O0 -g -Wall  -mno-hw-div -mhw-mul -mno-hw-mulx   -o obj/alt_sys_init.o alt_sys_init.c
Compiling Altera_UP_SD_Card_Avalon_Interface.c...
nios2-elf-gcc -xc -MP -MMD -c  -I./HAL/inc -I. -I./drivers/inc -pipe -D__hal__ -DALT_NO_INSTRUCTION_EMULATION -DALT_SINGLE_THREADED    -O0 -g -Wall  -mno-hw-div -mhw-mul -mno-hw-mulx   -o obj/drivers/src/Altera_UP_SD_Card_Avalon_Interface.o drivers/src/Altera_UP_SD_Card_Avalon_Interface.c
Compiling altera_avalon_jtag_uart_fd.c...
nios2-elf-gcc -xc -MP -MMD -c  -I./HAL/inc -I. -I./drivers/inc -pipe -D__hal__ -DALT_NO_INSTRUCTION_EMULATION -DALT_SINGLE_THREADED    -O0 -g -Wall  -mno-hw-div -mhw-mul -mno-hw-mulx   -o obj/drivers/src/altera_avalon_jtag_uart_fd.o drivers/src/altera_avalon_jtag_uart_fd.c
Compiling altera_avalon_jtag_uart_init.c...
nios2-elf-gcc -xc -MP -MMD -c  -I./HAL/inc -I. -I./drivers/inc -pipe -D__hal__ -DALT_NO_INSTRUCTION_EMULATION -DALT_SINGLE_THREADED    -O0 -g -Wall  -mno-hw-div -mhw-mul -mno-hw-mulx   -o obj/drivers/src/altera_avalon_jtag_uart_init.o drivers/src/altera_avalon_jtag_uart_init.c
Compiling altera_avalon_jtag_uart_ioctl.c...
nios2-elf-gcc -xc -MP -MMD -c  -I./HAL/inc -I. -I./drivers/inc -pipe -D__hal__ -DALT_NO_INSTRUCTION_EMULATION -DALT_SINGLE_THREADED    -O0 -g -Wall  -mno-hw-div -mhw-mul -mno-hw-mulx   -o obj/drivers/src/altera_avalon_jtag_uart_ioctl.o drivers/src/altera_avalon_jtag_uart_ioctl.c
Compiling altera_avalon_jtag_uart_read.c...
nios2-elf-gcc -xc -MP -MMD -c  -I./HAL/inc -I. -I./drivers/inc -pipe -D__hal__ -DALT_NO_INSTRUCTION_EMULATION -DALT_SINGLE_THREADED    -O0 -g -Wall  -mno-hw-div -mhw-mul -mno-hw-mulx   -o obj/drivers/src/altera_avalon_jtag_uart_read.o drivers/src/altera_avalon_jtag_uart_read.c
Compiling altera_avalon_jtag_uart_write.c...
nios2-elf-gcc -xc -MP -MMD -c  -I./HAL/inc -I. -I./drivers/inc -pipe -D__hal__ -DALT_NO_INSTRUCTION_EMULATION -DALT_SINGLE_THREADED    -O0 -g -Wall  -mno-hw-div -mhw-mul -mno-hw-mulx   -o obj/drivers/src/altera_avalon_jtag_uart_write.o drivers/src/altera_avalon_jtag_uart_write.c
Compiling altera_avalon_sysid_qsys.c...
nios2-elf-gcc -xc -MP -MMD -c  -I./HAL/inc -I. -I./drivers/inc -pipe -D__hal__ -DALT_NO_INSTRUCTION_EMULATION -DALT_SINGLE_THREADED    -O0 -g -Wall  -mno-hw-div -mhw-mul -mno-hw-mulx   -o obj/drivers/src/altera_avalon_sysid_qsys.o drivers/src/altera_avalon_sysid_qsys.c
Compiling altera_avalon_timer_sc.c...
nios2-elf-gcc -xc -MP -MMD -c  -I./HAL/inc -I. -I./drivers/inc -pipe -D__hal__ -DALT_NO_INSTRUCTION_EMULATION -DALT_SINGLE_THREADED    -O0 -g -Wall  -mno-hw-div -mhw-mul -mno-hw-mulx   -o obj/drivers/src/altera_avalon_timer_sc.o drivers/src/altera_avalon_timer_sc.c
Compiling altera_avalon_timer_ts.c...
nios2-elf-gcc -xc -MP -MMD -c  -I./HAL/inc -I. -I./drivers/inc -pipe -D__hal__ -DALT_NO_INSTRUCTION_EMULATION -DALT_SINGLE_THREADED    -O0 -g -Wall  -mno-hw-div -mhw-mul -mno-hw-mulx   -o obj/drivers/src/altera_avalon_timer_ts.o drivers/src/altera_avalon_timer_ts.c
Compiling altera_avalon_timer_vars.c...
nios2-elf-gcc -xc -MP -MMD -c  -I./HAL/inc -I. -I./drivers/inc -pipe -D__hal__ -DALT_NO_INSTRUCTION_EMULATION -DALT_SINGLE_THREADED    -O0 -g -Wall  -mno-hw-div -mhw-mul -mno-hw-mulx   -o obj/drivers/src/altera_avalon_timer_vars.o drivers/src/altera_avalon_timer_vars.c
Creating libhal_bsp.a...
rm -f -f libhal_bsp.a
nios2-elf-ar -src libhal_bsp.a obj/HAL/src/alt_alarm_start.o obj/HAL/src/alt_busy_sleep.o obj/HAL/src/alt_close.o obj/HAL/src/alt_dcache_flush.o obj/HAL/src/alt_dcache_flush_all.o obj/HAL/src/alt_dcache_flush_no_writeback.o obj/HAL/src/alt_dev.o obj/HAL/src/alt_dev_llist_insert.o obj/HAL/src/alt_dma_rxchan_open.o obj/HAL/src/alt_dma_txchan_open.o obj/HAL/src/alt_do_ctors.o obj/HAL/src/alt_do_dtors.o obj/HAL/src/alt_ecc_fatal_entry.o obj/HAL/src/alt_ecc_fatal_exception.o obj/HAL/src/alt_env_lock.o obj/HAL/src/alt_environ.o obj/HAL/src/alt_errno.o obj/HAL/src/alt_exception_entry.o obj/HAL/src/alt_exception_muldiv.o obj/HAL/src/alt_exception_trap.o obj/HAL/src/alt_execve.o obj/HAL/src/alt_exit.o obj/HAL/src/alt_fcntl.o obj/HAL/src/alt_fd_lock.o obj/HAL/src/alt_fd_unlock.o obj/HAL/src/alt_find_dev.o obj/HAL/src/alt_find_file.o obj/HAL/src/alt_flash_dev.o obj/HAL/src/alt_fork.o obj/HAL/src/alt_fs_reg.o obj/HAL/src/alt_fstat.o obj/HAL/src/alt_get_fd.o obj/HAL/src/alt_getchar.o obj/HAL/src/alt_getpid.o obj/HAL/src/alt_gettod.o obj/HAL/src/alt_gmon.o obj/HAL/src/alt_icache_flush.o obj/HAL/src/alt_icache_flush_all.o obj/HAL/src/alt_iic.o obj/HAL/src/alt_iic_isr_register.o obj/HAL/src/alt_instruction_exception_entry.o obj/HAL/src/alt_instruction_exception_register.o obj/HAL/src/alt_io_redirect.o obj/HAL/src/alt_ioctl.o obj/HAL/src/alt_irq_entry.o obj/HAL/src/alt_irq_handler.o obj/HAL/src/alt_irq_register.o obj/HAL/src/alt_irq_vars.o obj/HAL/src/alt_isatty.o obj/HAL/src/alt_kill.o obj/HAL/src/alt_link.o obj/HAL/src/alt_load.o obj/HAL/src/alt_log_macro.o obj/HAL/src/alt_log_printf.o obj/HAL/src/alt_lseek.o obj/HAL/src/alt_main.o obj/HAL/src/alt_malloc_lock.o obj/HAL/src/alt_mcount.o obj/HAL/src/alt_open.o obj/HAL/src/alt_printf.o obj/HAL/src/alt_putchar.o obj/HAL/src/alt_putcharbuf.o obj/HAL/src/alt_putstr.o obj/HAL/src/alt_read.o obj/HAL/src/alt_release_fd.o obj/HAL/src/alt_remap_cached.o obj/HAL/src/alt_remap_uncached.o obj/HAL/src/alt_rename.o obj/HAL/src/alt_sbrk.o obj/HAL/src/alt_settod.o obj/HAL/src/alt_software_exception.o obj/HAL/src/alt_stat.o obj/HAL/src/alt_tick.o obj/HAL/src/alt_times.o obj/HAL/src/alt_uncached_free.o obj/HAL/src/alt_uncached_malloc.o obj/HAL/src/alt_unlink.o obj/HAL/src/alt_usleep.o obj/HAL/src/alt_wait.o obj/HAL/src/alt_write.o obj/HAL/src/altera_nios2_gen2_irq.o obj/HAL/src/crt0.o obj/alt_sys_init.o obj/drivers/src/Altera_UP_SD_Card_Avalon_Interface.o obj/drivers/src/altera_avalon_jtag_uart_fd.o obj/drivers/src/altera_avalon_jtag_uart_init.o obj/drivers/src/altera_avalon_jtag_uart_ioctl.o obj/drivers/src/altera_avalon_jtag_uart_read.o obj/drivers/src/altera_avalon_jtag_uart_write.o obj/drivers/src/altera_avalon_sysid_qsys.o obj/drivers/src/altera_avalon_timer_sc.o obj/drivers/src/altera_avalon_timer_ts.o obj/drivers/src/altera_avalon_timer_vars.o
[BSP build complete]
Info: Compiling main.c to obj/default/main.o
nios2-elf-gcc -xc -MP -MMD -c -I../SDCard_OnchipRam_bsp//HAL/inc -I../SDCard_OnchipRam_bsp/ -I../SDCard_OnchipRam_bsp//drivers/inc  -pipe -D__hal__ -DALT_NO_INSTRUCTION_EMULATION -DALT_SINGLE_THREADED    -O0 -g -Wall   -mno-hw-div -mhw-mul -mno-hw-mulx  -o obj/default/main.o main.c
main.c: In function 'main':
main.c:20:9: warning: unused variable 'i' [-Wunused-variable]
     int i;
         ^
main.c:19:9: warning: variable 'len' set but not used [-Wunused-but-set-variable]
     int len;
         ^
main.c: In function 'SD_Card_Init':
main.c:33:60: error: 'ALTERA_UP_SD_CARD_AVALON_INTERFACE_0_NAME' undeclared (first use in this function)
  alt_up_sd_card_dev *sd_card_dev = alt_up_sd_card_open_dev(ALTERA_UP_SD_CARD_AVALON_INTERFACE_0_NAME);
                                                            ^
main.c:33:60: note: each undeclared identifier is reported only once for each function it appears in
make: *** [obj/default/main.o] Error 1
13:09:13 **** Build of configuration Nios II for project SDCard_OnchipRam_bsp ****
make all 
[BSP build complete]
13:09:39 **** Incremental Build of configuration Nios II for project SDCard_OnchipRam ****
make all 
Info: Building ../SDCard_OnchipRam_bsp/
C:/altera/15.1/nios2eds/bin/gnu/H-x86_64-mingw32/bin/make --no-print-directory -C ../SDCard_OnchipRam_bsp/
[BSP build complete]
Info: Compiling main.c to obj/default/main.o
nios2-elf-gcc -xc -MP -MMD -c -I../SDCard_OnchipRam_bsp//HAL/inc -I../SDCard_OnchipRam_bsp/ -I../SDCard_OnchipRam_bsp//drivers/inc  -pipe -D__hal__ -DALT_NO_INSTRUCTION_EMULATION -DALT_SINGLE_THREADED    -O0 -g -Wall   -mno-hw-div -mhw-mul -mno-hw-mulx  -o obj/default/main.o main.c
main.c: In function 'main':
main.c:20:9: warning: unused variable 'i' [-Wunused-variable]
     int i;
         ^
main.c:19:9: warning: variable 'len' set but not used [-Wunused-but-set-variable]
     int len;
         ^
Info: Linking SDCard_OnchipRam.elf
nios2-elf-g++  -T'../SDCard_OnchipRam_bsp//linker.x' -msys-crt0='../SDCard_OnchipRam_bsp//obj/HAL/src/crt0.o' -msys-lib=hal_bsp -L../SDCard_OnchipRam_bsp/   -Wl,-Map=SDCard_OnchipRam.map   -O0 -g -Wall   -mno-hw-div -mhw-mul -mno-hw-mulx  -o SDCard_OnchipRam.elf obj/default/main.o -lm -msys-lib=m
nios2-elf-insert SDCard_OnchipRam.elf --thread_model hal --cpu_name nios2_gen2 --qsys true --simulation_enabled false --id 0 --sidp 0x81428 --timestamp 1508993350 --stderr_dev jtag_uart --stdin_dev jtag_uart --stdout_dev jtag_uart --sopc_system_name Qsys_system --quartus_project_dir "C:/Users/M10512001/Desktop/DE2-115/SDCard_OnchipRam" --jdi ../..//output_files/SDCard_OnchipRam.jdi --sopcinfo C:/Users/M10512001/Desktop/DE2-115/SDCard_OnchipRam/software/SDCard_OnchipRam_bsp/../../Qsys_system.sopcinfo
Info: (SDCard_OnchipRam.elf) 122 KBytes program size (code + initialized data).
Info:                        126 KBytes free for stack + heap.
Info: Creating SDCard_OnchipRam.objdump
nios2-elf-objdump --disassemble --syms --all-header --source SDCard_OnchipRam.elf >SDCard_OnchipRam.objdump
[SDCard_OnchipRam build complete]
13:09:41 **** Incremental Build of configuration Nios II for project SDCard_OnchipRam_bsp ****
make all 
[BSP build complete]
13:09:52 **** Incremental Build of configuration Nios II for project SDCard_OnchipRam ****
make all 
Info: Building ../SDCard_OnchipRam_bsp/
C:/altera/15.1/nios2eds/bin/gnu/H-x86_64-mingw32/bin/make --no-print-directory -C ../SDCard_OnchipRam_bsp/
[BSP build complete]
Info: Compiling main.c to obj/default/main.o
nios2-elf-gcc -xc -MP -MMD -c -I../SDCard_OnchipRam_bsp//HAL/inc -I../SDCard_OnchipRam_bsp/ -I../SDCard_OnchipRam_bsp//drivers/inc  -pipe -D__hal__ -DALT_NO_INSTRUCTION_EMULATION -DALT_SINGLE_THREADED    -O0 -g -Wall   -mno-hw-div -mhw-mul -mno-hw-mulx  -o obj/default/main.o main.c
Info: Linking SDCard_OnchipRam.elf
nios2-elf-g++  -T'../SDCard_OnchipRam_bsp//linker.x' -msys-crt0='../SDCard_OnchipRam_bsp//obj/HAL/src/crt0.o' -msys-lib=hal_bsp -L../SDCard_OnchipRam_bsp/   -Wl,-Map=SDCard_OnchipRam.map   -O0 -g -Wall   -mno-hw-div -mhw-mul -mno-hw-mulx  -o SDCard_OnchipRam.elf obj/default/main.o -lm -msys-lib=m
nios2-elf-insert SDCard_OnchipRam.elf --thread_model hal --cpu_name nios2_gen2 --qsys true --simulation_enabled false --id 0 --sidp 0x81428 --timestamp 1508993350 --stderr_dev jtag_uart --stdin_dev jtag_uart --stdout_dev jtag_uart --sopc_system_name Qsys_system --quartus_project_dir "C:/Users/M10512001/Desktop/DE2-115/SDCard_OnchipRam" --jdi ../..//output_files/SDCard_OnchipRam.jdi --sopcinfo C:/Users/M10512001/Desktop/DE2-115/SDCard_OnchipRam/software/SDCard_OnchipRam_bsp/../../Qsys_system.sopcinfo
Info: (SDCard_OnchipRam.elf) 122 KBytes program size (code + initialized data).
Info:                        126 KBytes free for stack + heap.
Info: Creating SDCard_OnchipRam.objdump
nios2-elf-objdump --disassemble --syms --all-header --source SDCard_OnchipRam.elf >SDCard_OnchipRam.objdump
[SDCard_OnchipRam build complete]
13:09:54 **** Incremental Build of configuration Nios II for project SDCard_OnchipRam_bsp ****
make all 
[BSP build complete]
13:10:59 **** Incremental Build of configuration Nios II for project SDCard_OnchipRam ****
make all 
Info: Building ../SDCard_OnchipRam_bsp/
C:/altera/15.1/nios2eds/bin/gnu/H-x86_64-mingw32/bin/make --no-print-directory -C ../SDCard_OnchipRam_bsp/
[BSP build complete]
[SDCard_OnchipRam build complete]
13:11:00 **** Incremental Build of configuration Nios II for project SDCard_OnchipRam_bsp ****
make all 
[BSP build complete]
13:11:13 **** Build of configuration Nios II for project SDCard_OnchipRam ****
make all 
Info: Building ../SDCard_OnchipRam_bsp/
C:/altera/15.1/nios2eds/bin/gnu/H-x86_64-mingw32/bin/make --no-print-directory -C ../SDCard_OnchipRam_bsp/
[BSP build complete]
[SDCard_OnchipRam build complete]
13:11:36 **** Incremental Build of configuration Nios II for project SDCard_OnchipRam ****
make all 
Info: Building ../SDCard_OnchipRam_bsp/
C:/altera/15.1/nios2eds/bin/gnu/H-x86_64-mingw32/bin/make --no-print-directory -C ../SDCard_OnchipRam_bsp/
[BSP build complete]
[SDCard_OnchipRam build complete]
13:45:41 **** Incremental Build of configuration Nios II for project SDCard_OnchipRam ****
make all 
Info: Building ../SDCard_OnchipRam_bsp/
C:/altera/15.1/nios2eds/bin/gnu/H-x86_64-mingw32/bin/make --no-print-directory -C ../SDCard_OnchipRam_bsp/
[BSP build complete]
[SDCard_OnchipRam build complete]
13:45:42 **** Incremental Build of configuration Nios II for project SDCard_OnchipRam_bsp ****
make all 
[BSP build complete]
21:48:54 **** Incremental Build of configuration Nios II for project SDCard_OnchipRam ****
make all 
Info: Building ../SDCard_OnchipRam_bsp/
C:/altera/15.1/nios2eds/bin/gnu/H-x86_64-mingw32/bin/make --no-print-directory -C ../SDCard_OnchipRam_bsp/
[BSP build complete]
Info: Compiling main.c to obj/default/main.o
nios2-elf-gcc -xc -MP -MMD -c -I../SDCard_OnchipRam_bsp//HAL/inc -I../SDCard_OnchipRam_bsp/ -I../SDCard_OnchipRam_bsp//drivers/inc  -pipe -D__hal__ -DALT_NO_INSTRUCTION_EMULATION -DALT_SINGLE_THREADED    -O0 -g -Wall   -mno-hw-div -mhw-mul -mno-hw-mulx  -o obj/default/main.o main.c
main.c: In function 'List_SD_Card_Files':
main.c:59:61: warning: pointer targets in passing argument 2 of 'alt_up_sd_card_find_first' differ in signedness [-Wpointer-sign]
  alt_16 first_file_result = alt_up_sd_card_find_first("/.", root_filename);
                                                             ^
In file included from main.c:10:0:
../SDCard_OnchipRam_bsp//drivers/inc/Altera_UP_SD_Card_Avalon_Interface.h:60:11: note: expected 'char *' but argument is of type 'alt_8 *'
 short int alt_up_sd_card_find_first(char *directory_to_search_through, char *file_name);
           ^
main.c:62:34: warning: pointer targets in passing argument 1 of 'alt_up_sd_card_find_next' differ in signedness [-Wpointer-sign]
   while(alt_up_sd_card_find_next(root_filename) != -1)
                                  ^
In file included from main.c:10:0:
../SDCard_OnchipRam_bsp//drivers/inc/Altera_UP_SD_Card_Avalon_Interface.h:86:11: note: expected 'char *' but argument is of type 'alt_8 *'
 short int alt_up_sd_card_find_next(char *file_name);
           ^
main.c: In function 'Get_File_Len':
main.c:76:34: warning: pointer targets in passing argument 1 of 'alt_up_sd_card_fopen' differ in signedness [-Wpointer-sign]
  sd_fileh = alt_up_sd_card_fopen(filename, false);
                                  ^
In file included from main.c:10:0:
../SDCard_OnchipRam_bsp//drivers/inc/Altera_UP_SD_Card_Avalon_Interface.h:48:11: note: expected 'char *' but argument is of type 'alt_u8 *'
 short int alt_up_sd_card_fopen(char *name, bool create);
           ^
main.c:85:2: warning: format '%d' expects argument of type 'int', but argument 3 has type 'alt_32' [-Wformat=]
  printf("Info: %s is %d bytes.\n", filename, count);
  ^
main.c:85:2: warning: format '%d' expects argument of type 'int', but argument 3 has type 'alt_32' [-Wformat=]
Info: Linking SDCard_OnchipRam.elf
nios2-elf-g++  -T'../SDCard_OnchipRam_bsp//linker.x' -msys-crt0='../SDCard_OnchipRam_bsp//obj/HAL/src/crt0.o' -msys-lib=hal_bsp -L../SDCard_OnchipRam_bsp/   -Wl,-Map=SDCard_OnchipRam.map   -O0 -g -Wall   -mno-hw-div -mhw-mul -mno-hw-mulx  -o SDCard_OnchipRam.elf obj/default/main.o -lm -msys-lib=m
obj/default/main.o: In function `main':
C:\Users\M10512001\Desktop\DE2-115\SDCard_OnchipRam\software\SDCard_OnchipRam/main.c:28: undefined reference to `File_Read_Into_List'
collect2.exe: error: ld returned 1 exit status
make: *** [SDCard_OnchipRam.elf] Error 1
21:48:55 **** Incremental Build of configuration Nios II for project SDCard_OnchipRam_bsp ****
make all 
[BSP build complete]
21:49:09 **** Incremental Build of configuration Nios II for project SDCard_OnchipRam ****
make all 
Info: Building ../SDCard_OnchipRam_bsp/
C:/altera/15.1/nios2eds/bin/gnu/H-x86_64-mingw32/bin/make --no-print-directory -C ../SDCard_OnchipRam_bsp/
[BSP build complete]
Info: Compiling main.c to obj/default/main.o
nios2-elf-gcc -xc -MP -MMD -c -I../SDCard_OnchipRam_bsp//HAL/inc -I../SDCard_OnchipRam_bsp/ -I../SDCard_OnchipRam_bsp//drivers/inc  -pipe -D__hal__ -DALT_NO_INSTRUCTION_EMULATION -DALT_SINGLE_THREADED    -O0 -g -Wall   -mno-hw-div -mhw-mul -mno-hw-mulx  -o obj/default/main.o main.c
main.c: In function 'main':
main.c:21:12: warning: unused variable 'i' [-Wunused-variable]
     alt_32 i;
            ^
main.c:20:13: warning: unused variable 'list' [-Wunused-variable]
     alt_u8 *list;
             ^
main.c:19:12: warning: variable 'len' set but not used [-Wunused-but-set-variable]
     alt_32 len;
            ^
main.c: In function 'List_SD_Card_Files':
main.c:55:61: warning: pointer targets in passing argument 2 of 'alt_up_sd_card_find_first' differ in signedness [-Wpointer-sign]
  alt_16 first_file_result = alt_up_sd_card_find_first("/.", root_filename);
                                                             ^
In file included from main.c:10:0:
../SDCard_OnchipRam_bsp//drivers/inc/Altera_UP_SD_Card_Avalon_Interface.h:60:11: note: expected 'char *' but argument is of type 'alt_8 *'
 short int alt_up_sd_card_find_first(char *directory_to_search_through, char *file_name);
           ^
main.c:58:34: warning: pointer targets in passing argument 1 of 'alt_up_sd_card_find_next' differ in signedness [-Wpointer-sign]
   while(alt_up_sd_card_find_next(root_filename) != -1)
                                  ^
In file included from main.c:10:0:
../SDCard_OnchipRam_bsp//drivers/inc/Altera_UP_SD_Card_Avalon_Interface.h:86:11: note: expected 'char *' but argument is of type 'alt_8 *'
 short int alt_up_sd_card_find_next(char *file_name);
           ^
main.c: In function 'Get_File_Len':
main.c:72:34: warning: pointer targets in passing argument 1 of 'alt_up_sd_card_fopen' differ in signedness [-Wpointer-sign]
  sd_fileh = alt_up_sd_card_fopen(filename, false);
                                  ^
In file included from main.c:10:0:
../SDCard_OnchipRam_bsp//drivers/inc/Altera_UP_SD_Card_Avalon_Interface.h:48:11: note: expected 'char *' but argument is of type 'alt_u8 *'
 short int alt_up_sd_card_fopen(char *name, bool create);
           ^
main.c:81:2: warning: format '%d' expects argument of type 'int', but argument 3 has type 'alt_32' [-Wformat=]
  printf("Info: %s is %d bytes.\n", filename, count);
  ^
main.c:81:2: warning: format '%d' expects argument of type 'int', but argument 3 has type 'alt_32' [-Wformat=]
Info: Linking SDCard_OnchipRam.elf
nios2-elf-g++  -T'../SDCard_OnchipRam_bsp//linker.x' -msys-crt0='../SDCard_OnchipRam_bsp//obj/HAL/src/crt0.o' -msys-lib=hal_bsp -L../SDCard_OnchipRam_bsp/   -Wl,-Map=SDCard_OnchipRam.map   -O0 -g -Wall   -mno-hw-div -mhw-mul -mno-hw-mulx  -o SDCard_OnchipRam.elf obj/default/main.o -lm -msys-lib=m
nios2-elf-insert SDCard_OnchipRam.elf --thread_model hal --cpu_name nios2_gen2 --qsys true --simulation_enabled false --id 0 --sidp 0x81428 --timestamp 1508993350 --stderr_dev jtag_uart --stdin_dev jtag_uart --stdout_dev jtag_uart --sopc_system_name Qsys_system --quartus_project_dir "C:/Users/M10512001/Desktop/DE2-115/SDCard_OnchipRam" --jdi ../..//output_files/SDCard_OnchipRam.jdi --sopcinfo C:/Users/M10512001/Desktop/DE2-115/SDCard_OnchipRam/software/SDCard_OnchipRam_bsp/../../Qsys_system.sopcinfo
Info: (SDCard_OnchipRam.elf) 122 KBytes program size (code + initialized data).
Info:                        126 KBytes free for stack + heap.
Info: Creating SDCard_OnchipRam.objdump
nios2-elf-objdump --disassemble --syms --all-header --source SDCard_OnchipRam.elf >SDCard_OnchipRam.objdump
[SDCard_OnchipRam build complete]
21:49:11 **** Incremental Build of configuration Nios II for project SDCard_OnchipRam_bsp ****
make all 
[BSP build complete]
21:49:25 **** Incremental Build of configuration Nios II for project SDCard_OnchipRam ****
make all 
Info: Building ../SDCard_OnchipRam_bsp/
C:/altera/15.1/nios2eds/bin/gnu/H-x86_64-mingw32/bin/make --no-print-directory -C ../SDCard_OnchipRam_bsp/
[BSP build complete]
Info: Compiling main.c to obj/default/main.o
nios2-elf-gcc -xc -MP -MMD -c -I../SDCard_OnchipRam_bsp//HAL/inc -I../SDCard_OnchipRam_bsp/ -I../SDCard_OnchipRam_bsp//drivers/inc  -pipe -D__hal__ -DALT_NO_INSTRUCTION_EMULATION -DALT_SINGLE_THREADED    -O0 -g -Wall   -mno-hw-div -mhw-mul -mno-hw-mulx  -o obj/default/main.o main.c
main.c: In function 'main':
main.c:20:12: warning: unused variable 'i' [-Wunused-variable]
     alt_32 i;
            ^
main.c:19:13: warning: unused variable 'list' [-Wunused-variable]
     alt_u8 *list;
             ^
main.c:18:12: warning: variable 'len' set but not used [-Wunused-but-set-variable]
     alt_32 len;
            ^
main.c: In function 'List_SD_Card_Files':
main.c:54:61: warning: pointer targets in passing argument 2 of 'alt_up_sd_card_find_first' differ in signedness [-Wpointer-sign]
  alt_16 first_file_result = alt_up_sd_card_find_first("/.", root_filename);
                                                             ^
In file included from main.c:10:0:
../SDCard_OnchipRam_bsp//drivers/inc/Altera_UP_SD_Card_Avalon_Interface.h:60:11: note: expected 'char *' but argument is of type 'alt_8 *'
 short int alt_up_sd_card_find_first(char *directory_to_search_through, char *file_name);
           ^
main.c:57:34: warning: pointer targets in passing argument 1 of 'alt_up_sd_card_find_next' differ in signedness [-Wpointer-sign]
   while(alt_up_sd_card_find_next(root_filename) != -1)
                                  ^
In file included from main.c:10:0:
../SDCard_OnchipRam_bsp//drivers/inc/Altera_UP_SD_Card_Avalon_Interface.h:86:11: note: expected 'char *' but argument is of type 'alt_8 *'
 short int alt_up_sd_card_find_next(char *file_name);
           ^
main.c: In function 'Get_File_Len':
main.c:71:34: warning: pointer targets in passing argument 1 of 'alt_up_sd_card_fopen' differ in signedness [-Wpointer-sign]
  sd_fileh = alt_up_sd_card_fopen(filename, false);
                                  ^
In file included from main.c:10:0:
../SDCard_OnchipRam_bsp//drivers/inc/Altera_UP_SD_Card_Avalon_Interface.h:48:11: note: expected 'char *' but argument is of type 'alt_u8 *'
 short int alt_up_sd_card_fopen(char *name, bool create);
           ^
main.c:80:2: warning: format '%d' expects argument of type 'int', but argument 3 has type 'alt_32' [-Wformat=]
  printf("Info: %s is %d bytes.\n", filename, count);
  ^
main.c:80:2: warning: format '%d' expects argument of type 'int', but argument 3 has type 'alt_32' [-Wformat=]
Info: Linking SDCard_OnchipRam.elf
nios2-elf-g++  -T'../SDCard_OnchipRam_bsp//linker.x' -msys-crt0='../SDCard_OnchipRam_bsp//obj/HAL/src/crt0.o' -msys-lib=hal_bsp -L../SDCard_OnchipRam_bsp/   -Wl,-Map=SDCard_OnchipRam.map   -O0 -g -Wall   -mno-hw-div -mhw-mul -mno-hw-mulx  -o SDCard_OnchipRam.elf obj/default/main.o -lm -msys-lib=m
nios2-elf-insert SDCard_OnchipRam.elf --thread_model hal --cpu_name nios2_gen2 --qsys true --simulation_enabled false --id 0 --sidp 0x81428 --timestamp 1508993350 --stderr_dev jtag_uart --stdin_dev jtag_uart --stdout_dev jtag_uart --sopc_system_name Qsys_system --quartus_project_dir "C:/Users/M10512001/Desktop/DE2-115/SDCard_OnchipRam" --jdi ../..//output_files/SDCard_OnchipRam.jdi --sopcinfo C:/Users/M10512001/Desktop/DE2-115/SDCard_OnchipRam/software/SDCard_OnchipRam_bsp/../../Qsys_system.sopcinfo
Info: (SDCard_OnchipRam.elf) 122 KBytes program size (code + initialized data).
Info:                        126 KBytes free for stack + heap.
Info: Creating SDCard_OnchipRam.objdump
nios2-elf-objdump --disassemble --syms --all-header --source SDCard_OnchipRam.elf >SDCard_OnchipRam.objdump
[SDCard_OnchipRam build complete]
21:49:27 **** Incremental Build of configuration Nios II for project SDCard_OnchipRam_bsp ****
make all 
[BSP build complete]
21:49:32 **** Incremental Build of configuration Nios II for project SDCard_OnchipRam ****
make all 
Info: Building ../SDCard_OnchipRam_bsp/
C:/altera/15.1/nios2eds/bin/gnu/H-x86_64-mingw32/bin/make --no-print-directory -C ../SDCard_OnchipRam_bsp/
[BSP build complete]
Info: Compiling main.c to obj/default/main.o
nios2-elf-gcc -xc -MP -MMD -c -I../SDCard_OnchipRam_bsp//HAL/inc -I../SDCard_OnchipRam_bsp/ -I../SDCard_OnchipRam_bsp//drivers/inc  -pipe -D__hal__ -DALT_NO_INSTRUCTION_EMULATION -DALT_SINGLE_THREADED    -O0 -g -Wall   -mno-hw-div -mhw-mul -mno-hw-mulx  -o obj/default/main.o main.c
main.c: In function 'main':
main.c:23:6: error: 'len' undeclared (first use in this function)
      len = Get_File_Len(filename);
      ^
main.c:23:6: note: each undeclared identifier is reported only once for each function it appears in
main.c: In function 'List_SD_Card_Files':
main.c:51:61: warning: pointer targets in passing argument 2 of 'alt_up_sd_card_find_first' differ in signedness [-Wpointer-sign]
  alt_16 first_file_result = alt_up_sd_card_find_first("/.", root_filename);
                                                             ^
In file included from main.c:10:0:
../SDCard_OnchipRam_bsp//drivers/inc/Altera_UP_SD_Card_Avalon_Interface.h:60:11: note: expected 'char *' but argument is of type 'alt_8 *'
 short int alt_up_sd_card_find_first(char *directory_to_search_through, char *file_name);
           ^
main.c:54:34: warning: pointer targets in passing argument 1 of 'alt_up_sd_card_find_next' differ in signedness [-Wpointer-sign]
   while(alt_up_sd_card_find_next(root_filename) != -1)
                                  ^
In file included from main.c:10:0:
../SDCard_OnchipRam_bsp//drivers/inc/Altera_UP_SD_Card_Avalon_Interface.h:86:11: note: expected 'char *' but argument is of type 'alt_8 *'
 short int alt_up_sd_card_find_next(char *file_name);
           ^
main.c: In function 'Get_File_Len':
main.c:68:34: warning: pointer targets in passing argument 1 of 'alt_up_sd_card_fopen' differ in signedness [-Wpointer-sign]
  sd_fileh = alt_up_sd_card_fopen(filename, false);
                                  ^
In file included from main.c:10:0:
../SDCard_OnchipRam_bsp//drivers/inc/Altera_UP_SD_Card_Avalon_Interface.h:48:11: note: expected 'char *' but argument is of type 'alt_u8 *'
 short int alt_up_sd_card_fopen(char *name, bool create);
           ^
main.c:77:2: warning: format '%d' expects argument of type 'int', but argument 3 has type 'alt_32' [-Wformat=]
  printf("Info: %s is %d bytes.\n", filename, count);
  ^
main.c:77:2: warning: format '%d' expects argument of type 'int', but argument 3 has type 'alt_32' [-Wformat=]
make: *** [obj/default/main.o] Error 1
21:49:33 **** Incremental Build of configuration Nios II for project SDCard_OnchipRam_bsp ****
make all 
[BSP build complete]
21:49:48 **** Incremental Build of configuration Nios II for project SDCard_OnchipRam ****
make all 
Info: Building ../SDCard_OnchipRam_bsp/
C:/altera/15.1/nios2eds/bin/gnu/H-x86_64-mingw32/bin/make --no-print-directory -C ../SDCard_OnchipRam_bsp/
[BSP build complete]
Info: Compiling main.c to obj/default/main.o
nios2-elf-gcc -xc -MP -MMD -c -I../SDCard_OnchipRam_bsp//HAL/inc -I../SDCard_OnchipRam_bsp/ -I../SDCard_OnchipRam_bsp//drivers/inc  -pipe -D__hal__ -DALT_NO_INSTRUCTION_EMULATION -DALT_SINGLE_THREADED    -O0 -g -Wall   -mno-hw-div -mhw-mul -mno-hw-mulx  -o obj/default/main.o main.c
main.c: In function 'main':
main.c:18:12: warning: variable 'len' set but not used [-Wunused-but-set-variable]
     alt_32 len;
            ^
main.c: In function 'List_SD_Card_Files':
main.c:52:61: warning: pointer targets in passing argument 2 of 'alt_up_sd_card_find_first' differ in signedness [-Wpointer-sign]
  alt_16 first_file_result = alt_up_sd_card_find_first("/.", root_filename);
                                                             ^
In file included from main.c:10:0:
../SDCard_OnchipRam_bsp//drivers/inc/Altera_UP_SD_Card_Avalon_Interface.h:60:11: note: expected 'char *' but argument is of type 'alt_8 *'
 short int alt_up_sd_card_find_first(char *directory_to_search_through, char *file_name);
           ^
main.c:55:34: warning: pointer targets in passing argument 1 of 'alt_up_sd_card_find_next' differ in signedness [-Wpointer-sign]
   while(alt_up_sd_card_find_next(root_filename) != -1)
                                  ^
In file included from main.c:10:0:
../SDCard_OnchipRam_bsp//drivers/inc/Altera_UP_SD_Card_Avalon_Interface.h:86:11: note: expected 'char *' but argument is of type 'alt_8 *'
 short int alt_up_sd_card_find_next(char *file_name);
           ^
main.c: In function 'Get_File_Len':
main.c:69:34: warning: pointer targets in passing argument 1 of 'alt_up_sd_card_fopen' differ in signedness [-Wpointer-sign]
  sd_fileh = alt_up_sd_card_fopen(filename, false);
                                  ^
In file included from main.c:10:0:
../SDCard_OnchipRam_bsp//drivers/inc/Altera_UP_SD_Card_Avalon_Interface.h:48:11: note: expected 'char *' but argument is of type 'alt_u8 *'
 short int alt_up_sd_card_fopen(char *name, bool create);
           ^
main.c:78:2: warning: format '%d' expects argument of type 'int', but argument 3 has type 'alt_32' [-Wformat=]
  printf("Info: %s is %d bytes.\n", filename, count);
  ^
main.c:78:2: warning: format '%d' expects argument of type 'int', but argument 3 has type 'alt_32' [-Wformat=]
Info: Linking SDCard_OnchipRam.elf
nios2-elf-g++  -T'../SDCard_OnchipRam_bsp//linker.x' -msys-crt0='../SDCard_OnchipRam_bsp//obj/HAL/src/crt0.o' -msys-lib=hal_bsp -L../SDCard_OnchipRam_bsp/   -Wl,-Map=SDCard_OnchipRam.map   -O0 -g -Wall   -mno-hw-div -mhw-mul -mno-hw-mulx  -o SDCard_OnchipRam.elf obj/default/main.o -lm -msys-lib=m
nios2-elf-insert SDCard_OnchipRam.elf --thread_model hal --cpu_name nios2_gen2 --qsys true --simulation_enabled false --id 0 --sidp 0x81428 --timestamp 1508993350 --stderr_dev jtag_uart --stdin_dev jtag_uart --stdout_dev jtag_uart --sopc_system_name Qsys_system --quartus_project_dir "C:/Users/M10512001/Desktop/DE2-115/SDCard_OnchipRam" --jdi ../..//output_files/SDCard_OnchipRam.jdi --sopcinfo C:/Users/M10512001/Desktop/DE2-115/SDCard_OnchipRam/software/SDCard_OnchipRam_bsp/../../Qsys_system.sopcinfo
Info: (SDCard_OnchipRam.elf) 122 KBytes program size (code + initialized data).
Info:                        126 KBytes free for stack + heap.
Info: Creating SDCard_OnchipRam.objdump
nios2-elf-objdump --disassemble --syms --all-header --source SDCard_OnchipRam.elf >SDCard_OnchipRam.objdump
[SDCard_OnchipRam build complete]
21:49:49 **** Incremental Build of configuration Nios II for project SDCard_OnchipRam_bsp ****
make all 
[BSP build complete]
21:50:31 **** Incremental Build of configuration Nios II for project SDCard_OnchipRam ****
make all 
Info: Building ../SDCard_OnchipRam_bsp/
C:/altera/15.1/nios2eds/bin/gnu/H-x86_64-mingw32/bin/make --no-print-directory -C ../SDCard_OnchipRam_bsp/
[BSP build complete]
[SDCard_OnchipRam build complete]
21:50:32 **** Incremental Build of configuration Nios II for project SDCard_OnchipRam_bsp ****
make all 
[BSP build complete]
18:02:32 **** Incremental Build of configuration Nios II for project SDCard_OnchipRam ****
make all 
Info: Building ../SDCard_OnchipRam_bsp/
C:/altera/15.1/nios2eds/bin/gnu/H-x86_64-mingw32/bin/make --no-print-directory -C ../SDCard_OnchipRam_bsp/
[BSP build complete]
Info: Compiling main.c to obj/default/main.o
nios2-elf-gcc -xc -MP -MMD -c -I../SDCard_OnchipRam_bsp//HAL/inc -I../SDCard_OnchipRam_bsp/ -I../SDCard_OnchipRam_bsp//drivers/inc  -pipe -D__hal__ -DALT_NO_INSTRUCTION_EMULATION -DALT_SINGLE_THREADED    -O0 -g -Wall   -mno-hw-div -mhw-mul -mno-hw-mulx  -o obj/default/main.o main.c
main.c: In function 'main':
main.c:18:12: warning: variable 'len' set but not used [-Wunused-but-set-variable]
     alt_32 len;
            ^
main.c: In function 'SD_Card_Init':
main.c:32:4: warning: suggest explicit braces to avoid ambiguous 'else' [-Wparentheses]
  if(sd_card_dev != 0)
    ^
main.c: In function 'List_SD_Card_Files':
main.c:50:61: warning: pointer targets in passing argument 2 of 'alt_up_sd_card_find_first' differ in signedness [-Wpointer-sign]
  alt_16 first_file_result = alt_up_sd_card_find_first("/.", root_filename);
                                                             ^
In file included from main.c:10:0:
../SDCard_OnchipRam_bsp//drivers/inc/Altera_UP_SD_Card_Avalon_Interface.h:60:11: note: expected 'char *' but argument is of type 'alt_8 *'
 short int alt_up_sd_card_find_first(char *directory_to_search_through, char *file_name);
           ^
main.c:53:34: warning: pointer targets in passing argument 1 of 'alt_up_sd_card_find_next' differ in signedness [-Wpointer-sign]
   while(alt_up_sd_card_find_next(root_filename) != -1)
                                  ^
In file included from main.c:10:0:
../SDCard_OnchipRam_bsp//drivers/inc/Altera_UP_SD_Card_Avalon_Interface.h:86:11: note: expected 'char *' but argument is of type 'alt_8 *'
 short int alt_up_sd_card_find_next(char *file_name);
           ^
main.c: In function 'Get_File_Len':
main.c:67:34: warning: pointer targets in passing argument 1 of 'alt_up_sd_card_fopen' differ in signedness [-Wpointer-sign]
  sd_fileh = alt_up_sd_card_fopen(filename, false);
                                  ^
In file included from main.c:10:0:
../SDCard_OnchipRam_bsp//drivers/inc/Altera_UP_SD_Card_Avalon_Interface.h:48:11: note: expected 'char *' but argument is of type 'alt_u8 *'
 short int alt_up_sd_card_fopen(char *name, bool create);
           ^
main.c:76:2: warning: format '%d' expects argument of type 'int', but argument 3 has type 'alt_32' [-Wformat=]
  printf("Info: %s is %d bytes.\n", filename, count);
  ^
main.c:76:2: warning: format '%d' expects argument of type 'int', but argument 3 has type 'alt_32' [-Wformat=]
Info: Linking SDCard_OnchipRam.elf
nios2-elf-g++  -T'../SDCard_OnchipRam_bsp//linker.x' -msys-crt0='../SDCard_OnchipRam_bsp//obj/HAL/src/crt0.o' -msys-lib=hal_bsp -L../SDCard_OnchipRam_bsp/   -Wl,-Map=SDCard_OnchipRam.map   -O0 -g -Wall   -mno-hw-div -mhw-mul -mno-hw-mulx  -o SDCard_OnchipRam.elf obj/default/main.o -lm -msys-lib=m
nios2-elf-insert SDCard_OnchipRam.elf --thread_model hal --cpu_name nios2_gen2 --qsys true --simulation_enabled false --id 0 --sidp 0x81428 --timestamp 1508993350 --stderr_dev jtag_uart --stdin_dev jtag_uart --stdout_dev jtag_uart --sopc_system_name Qsys_system --quartus_project_dir "C:/Users/M10512001/Documents/GitHub/DE2-115/SDCard_OnchipRam" --jdi ../..//output_files/SDCard_OnchipRam.jdi --sopcinfo C:/Users/M10512001/Documents/GitHub/DE2-115/SDCard_OnchipRam/software/SDCard_OnchipRam_bsp/../../Qsys_system.sopcinfo
Info: (SDCard_OnchipRam.elf) 122 KBytes program size (code + initialized data).
Info:                        126 KBytes free for stack + heap.
Info: Creating SDCard_OnchipRam.objdump
nios2-elf-objdump --disassemble --syms --all-header --source SDCard_OnchipRam.elf >SDCard_OnchipRam.objdump
[SDCard_OnchipRam build complete]
18:02:34 **** Incremental Build of configuration Nios II for project SDCard_OnchipRam_bsp ****
make all 
[BSP build complete]
18:02:40 **** Incremental Build of configuration Nios II for project SDCard_OnchipRam ****
make all 
Info: Building ../SDCard_OnchipRam_bsp/
C:/altera/15.1/nios2eds/bin/gnu/H-x86_64-mingw32/bin/make --no-print-directory -C ../SDCard_OnchipRam_bsp/
[BSP build complete]
[SDCard_OnchipRam build complete]
18:02:41 **** Incremental Build of configuration Nios II for project SDCard_OnchipRam_bsp ****
make all 
[BSP build complete]
16:37:05 **** Incremental Build of configuration Nios II for project SDCard_OnchipRam ****
make all 
Info: Building ../SDCard_OnchipRam_bsp/
C:/altera/15.1/nios2eds/bin/gnu/H-x86_64-mingw32/bin/make --no-print-directory -C ../SDCard_OnchipRam_bsp/
[BSP build complete]
Info: Compiling main.c to obj/default/main.o
nios2-elf-gcc -xc -MP -MMD -c -I../SDCard_OnchipRam_bsp//HAL/inc -I../SDCard_OnchipRam_bsp/ -I../SDCard_OnchipRam_bsp//drivers/inc  -pipe -D__hal__ -DALT_NO_INSTRUCTION_EMULATION -DALT_SINGLE_THREADED    -O0 -g -Wall   -mno-hw-div -mhw-mul -mno-hw-mulx  -o obj/default/main.o main.c
main.c: In function 'main':
main.c:19:9: warning: variable 'len' set but not used [-Wunused-but-set-variable]
  alt_32 len;
         ^
main.c: In function 'List_SD_Card_Files':
main.c:51:61: warning: pointer targets in passing argument 2 of 'alt_up_sd_card_find_first' differ in signedness [-Wpointer-sign]
  alt_16 first_file_result = alt_up_sd_card_find_first("/.", root_filename);
                                                             ^
In file included from main.c:11:0:
../SDCard_OnchipRam_bsp//drivers/inc/Altera_UP_SD_Card_Avalon_Interface.h:60:11: note: expected 'char *' but argument is of type 'alt_8 *'
 short int alt_up_sd_card_find_first(char *directory_to_search_through, char *file_name);
           ^
main.c:54:34: warning: pointer targets in passing argument 1 of 'alt_up_sd_card_find_next' differ in signedness [-Wpointer-sign]
   while(alt_up_sd_card_find_next(root_filename) != -1)
                                  ^
In file included from main.c:11:0:
../SDCard_OnchipRam_bsp//drivers/inc/Altera_UP_SD_Card_Avalon_Interface.h:86:11: note: expected 'char *' but argument is of type 'alt_8 *'
 short int alt_up_sd_card_find_next(char *file_name);
           ^
main.c: In function 'Get_File_Len':
main.c:67:34: warning: pointer targets in passing argument 1 of 'alt_up_sd_card_fopen' differ in signedness [-Wpointer-sign]
  sd_fileh = alt_up_sd_card_fopen(filename, false);
                                  ^
In file included from main.c:11:0:
../SDCard_OnchipRam_bsp//drivers/inc/Altera_UP_SD_Card_Avalon_Interface.h:48:11: note: expected 'char *' but argument is of type 'alt_u8 *'
 short int alt_up_sd_card_fopen(char *name, bool create);
           ^
main.c:76:2: warning: format '%d' expects argument of type 'int', but argument 3 has type 'alt_32' [-Wformat=]
  printf("Info: %s is %d bytes.\n", filename, count);
  ^
main.c:76:2: warning: format '%d' expects argument of type 'int', but argument 3 has type 'alt_32' [-Wformat=]
Info: Linking SDCard_OnchipRam.elf
nios2-elf-g++  -T'../SDCard_OnchipRam_bsp//linker.x' -msys-crt0='../SDCard_OnchipRam_bsp//obj/HAL/src/crt0.o' -msys-lib=hal_bsp -L../SDCard_OnchipRam_bsp/   -Wl,-Map=SDCard_OnchipRam.map   -O0 -g -Wall   -mno-hw-div -mhw-mul -mno-hw-mulx  -o SDCard_OnchipRam.elf obj/default/main.o -lm -msys-lib=m
nios2-elf-insert SDCard_OnchipRam.elf --thread_model hal --cpu_name nios2_gen2 --qsys true --simulation_enabled false --id 0 --sidp 0x81428 --timestamp 1508993350 --stderr_dev jtag_uart --stdin_dev jtag_uart --stdout_dev jtag_uart --sopc_system_name Qsys_system --quartus_project_dir "C:/Users/M10512001/Desktop/DE2-115/SDCard_OnchipRam" --jdi ../..//output_files/SDCard_OnchipRam.jdi --sopcinfo C:/Users/M10512001/Desktop/DE2-115/SDCard_OnchipRam/software/SDCard_OnchipRam_bsp/../../Qsys_system.sopcinfo
Info: (SDCard_OnchipRam.elf) 122 KBytes program size (code + initialized data).
Info:                        126 KBytes free for stack + heap.
Info: Creating SDCard_OnchipRam.objdump
nios2-elf-objdump --disassemble --syms --all-header --source SDCard_OnchipRam.elf >SDCard_OnchipRam.objdump
[SDCard_OnchipRam build complete]
16:37:07 **** Incremental Build of configuration Nios II for project SDCard_OnchipRam_bsp ****
make all 
[BSP build complete]
16:37:25 **** Incremental Build of configuration Nios II for project SDCard_OnchipRam ****
make all 
Info: Building ../SDCard_OnchipRam_bsp/
C:/altera/15.1/nios2eds/bin/gnu/H-x86_64-mingw32/bin/make --no-print-directory -C ../SDCard_OnchipRam_bsp/
[BSP build complete]
[SDCard_OnchipRam build complete]
16:37:51 **** Incremental Build of configuration Nios II for project SDCard_OnchipRam ****
make all 
Info: Building ../SDCard_OnchipRam_bsp/
C:/altera/15.1/nios2eds/bin/gnu/H-x86_64-mingw32/bin/make --no-print-directory -C ../SDCard_OnchipRam_bsp/
[BSP build complete]
[SDCard_OnchipRam build complete]
16:37:52 **** Incremental Build of configuration Nios II for project SDCard_OnchipRam_bsp ****
make all 
[BSP build complete]
18:31:30 **** Incremental Build of configuration Nios II for project SDCard_OnchipRam ****
make all 
Info: Building ../SDCard_OnchipRam_bsp/
C:/altera/15.1/nios2eds/bin/gnu/H-x86_64-mingw32/bin/make --no-print-directory -C ../SDCard_OnchipRam_bsp/
[BSP build complete]
[SDCard_OnchipRam build complete]
18:31:31 **** Incremental Build of configuration Nios II for project SDCard_OnchipRam_bsp ****
make all 
[BSP build complete]
18:31:47 **** Incremental Build of configuration Nios II for project SDCard_OnchipRam ****
make all 
Info: Building ../SDCard_OnchipRam_bsp/
C:/altera/15.1/nios2eds/bin/gnu/H-x86_64-mingw32/bin/make --no-print-directory -C ../SDCard_OnchipRam_bsp/
[BSP build complete]
[SDCard_OnchipRam build complete]
