Flow report for SDCard_VGA
Tue Oct 31 17:47:30 2017
Quartus Prime Version 15.1.0 Build 185 10/21/2015 SJ Standard Edition


---------------------
; Table of Contents ;
---------------------
  1. Legal Notice
  2. Flow Summary
  3. Flow Settings
  4. Flow Non-Default Global Settings
  5. Flow Elapsed Time
  6. Flow OS Summary
  7. Flow Log
  8. Flow Messages
  9. Flow Suppressed Messages



----------------
; Legal Notice ;
----------------
Copyright (C) 1991-2015 Altera Corporation. All rights reserved.
Your use of Altera Corporation's design tools, logic functions 
and other software and tools, and its AMPP partner logic 
functions, and any output files from any of the foregoing 
(including device programming or simulation files), and any 
associated documentation or information are expressly subject 
to the terms and conditions of the Altera Program License 
Subscription Agreement, the Altera Quartus Prime License Agreement,
the Altera MegaCore Function License Agreement, or other 
applicable license agreement, including, without limitation, 
that your use is for the sole purpose of programming logic 
devices manufactured by Altera and sold by Altera or its 
authorized distributors.  Please refer to the applicable 
agreement for further details.



+--------------------------------------------------------------------------------------+
; Flow Summary                                                                         ;
+------------------------------------+-------------------------------------------------+
; Flow Status                        ; Successful - Tue Oct 31 17:47:30 2017           ;
; Quartus Prime Version              ; 15.1.0 Build 185 10/21/2015 SJ Standard Edition ;
; Revision Name                      ; SDCard_VGA                                      ;
; Top-level Entity Name              ; SDCard_VGA                                      ;
; Family                             ; Cyclone IV E                                    ;
; Device                             ; EP4CE115F29C7                                   ;
; Timing Models                      ; Final                                           ;
; Total logic elements               ; 6,288 / 114,480 ( 5 % )                         ;
;     Total combinational functions  ; 5,409 / 114,480 ( 5 % )                         ;
;     Dedicated logic registers      ; 4,019 / 114,480 ( 4 % )                         ;
; Total registers                    ; 4138                                            ;
; Total pins                         ; 133 / 529 ( 25 % )                              ;
; Total virtual pins                 ; 0                                               ;
; Total memory bits                  ; 76,160 / 3,981,312 ( 2 % )                      ;
; Embedded Multiplier 9-bit elements ; 6 / 532 ( 1 % )                                 ;
; Total PLLs                         ; 1 / 4 ( 25 % )                                  ;
+------------------------------------+-------------------------------------------------+


+-----------------------------------------+
; Flow Settings                           ;
+-------------------+---------------------+
; Option            ; Setting             ;
+-------------------+---------------------+
; Start date & time ; 10/31/2017 17:45:37 ;
; Main task         ; Compilation         ;
; Revision Name     ; SDCard_VGA          ;
+-------------------+---------------------+


+----------------------------------------------------------------------------------------------------------------------------------------------------+
; Flow Non-Default Global Settings                                                                                                                   ;
+-------------------------------------+---------------------------------------------------------------+---------------+-------------+----------------+
; Assignment Name                     ; Value                                                         ; Default Value ; Entity Name ; Section Id     ;
+-------------------------------------+---------------------------------------------------------------+---------------+-------------+----------------+
; COMPILER_SIGNATURE_ID               ; 114916069636.150944313601132                                  ; --            ; --          ; --             ;
; EDA_OUTPUT_DATA_FORMAT              ; Verilog Hdl                                                   ; --            ; --          ; eda_simulation ;
; EDA_SIMULATION_TOOL                 ; ModelSim-Altera (Verilog)                                     ; <None>        ; --          ; --             ;
; MAX_CORE_JUNCTION_TEMP              ; 85                                                            ; --            ; --          ; --             ;
; MIN_CORE_JUNCTION_TEMP              ; 0                                                             ; --            ; --          ; --             ;
; MISC_FILE                           ; Qsys_system/synthesis/../Qsys_system.cmp                      ; --            ; --          ; --             ;
; MISC_FILE                           ; Qsys_system/synthesis/../../Qsys_system.qsys                  ; --            ; --          ; --             ;
; NOMINAL_CORE_SUPPLY_VOLTAGE         ; 1.2V                                                          ; --            ; --          ; --             ;
; PARTITION_COLOR                     ; 16764057                                                      ; --            ; --          ; Top            ;
; PARTITION_FITTER_PRESERVATION_LEVEL ; PLACEMENT_AND_ROUTING                                         ; --            ; --          ; Top            ;
; PARTITION_NETLIST_TYPE              ; SOURCE                                                        ; --            ; --          ; Top            ;
; POWER_BOARD_THERMAL_MODEL           ; None (CONSERVATIVE)                                           ; --            ; --          ; --             ;
; POWER_PRESET_COOLING_SOLUTION       ; 23 MM HEAT SINK WITH 200 LFPM AIRFLOW                         ; --            ; --          ; --             ;
; PROJECT_OUTPUT_DIRECTORY            ; output_files                                                  ; --            ; --          ; --             ;
; SLD_FILE                            ; Qsys_system/synthesis/Qsys_system.regmap                      ; --            ; --          ; --             ;
; SLD_FILE                            ; Qsys_system/synthesis/Qsys_system.debuginfo                   ; --            ; --          ; --             ;
; SLD_INFO                            ; QSYS_NAME Qsys_system HAS_SOPCINFO 1 GENERATION_ID 1509003872 ; --            ; Qsys_system ; --             ;
; SOPCINFO_FILE                       ; Qsys_system/synthesis/../../Qsys_system.sopcinfo              ; --            ; --          ; --             ;
; SYNTHESIS_ONLY_QIP                  ; On                                                            ; --            ; --          ; --             ;
+-------------------------------------+---------------------------------------------------------------+---------------+-------------+----------------+


+-------------------------------------------------------------------------------------------------------------------------------+
; Flow Elapsed Time                                                                                                             ;
+---------------------------+--------------+-------------------------+---------------------+------------------------------------+
; Module Name               ; Elapsed Time ; Average Processors Used ; Peak Virtual Memory ; Total CPU Time (on all processors) ;
+---------------------------+--------------+-------------------------+---------------------+------------------------------------+
; Analysis & Synthesis      ; 00:00:45     ; 1.0                     ; 1074 MB             ; 00:01:09                           ;
; Fitter                    ; 00:00:33     ; 1.1                     ; 2015 MB             ; 00:00:49                           ;
; Assembler                 ; 00:00:05     ; 1.0                     ; 791 MB              ; 00:00:04                           ;
; TimeQuest Timing Analyzer ; 00:00:05     ; 2.0                     ; 1019 MB             ; 00:00:04                           ;
; EDA Netlist Writer        ; 00:00:07     ; 1.0                     ; 831 MB              ; 00:00:06                           ;
; Total                     ; 00:01:35     ; --                      ; --                  ; 00:02:12                           ;
+---------------------------+--------------+-------------------------+---------------------+------------------------------------+


+----------------------------------------------------------------------------------------+
; Flow OS Summary                                                                        ;
+---------------------------+------------------+-----------+------------+----------------+
; Module Name               ; Machine Hostname ; OS Name   ; OS Version ; Processor type ;
+---------------------------+------------------+-----------+------------+----------------+
; Analysis & Synthesis      ; DESKTOP-CIU62I1  ; Windows 8 ; 6.2        ; x86_64         ;
; Fitter                    ; DESKTOP-CIU62I1  ; Windows 8 ; 6.2        ; x86_64         ;
; Assembler                 ; DESKTOP-CIU62I1  ; Windows 8 ; 6.2        ; x86_64         ;
; TimeQuest Timing Analyzer ; DESKTOP-CIU62I1  ; Windows 8 ; 6.2        ; x86_64         ;
; EDA Netlist Writer        ; DESKTOP-CIU62I1  ; Windows 8 ; 6.2        ; x86_64         ;
+---------------------------+------------------+-----------+------------+----------------+


------------
; Flow Log ;
------------
quartus_map --read_settings_files=on --write_settings_files=off SDCard_VGA -c SDCard_VGA
quartus_fit --read_settings_files=off --write_settings_files=off SDCard_VGA -c SDCard_VGA
quartus_asm --read_settings_files=off --write_settings_files=off SDCard_VGA -c SDCard_VGA
quartus_sta SDCard_VGA -c SDCard_VGA
quartus_eda --read_settings_files=off --write_settings_files=off SDCard_VGA -c SDCard_VGA



