EDA Netlist Writer report for SDCard_SDRam
Thu Nov 02 18:15:56 2017
Quartus Prime Version 15.1.0 Build 185 10/21/2015 SJ Standard Edition


---------------------
; Table of Contents ;
---------------------
  1. Legal Notice
  2. EDA Netlist Writer Summary
  3. Simulation Settings
  4. Simulation Generated Files
  5. EDA Netlist Writer Messages



----------------
; Legal Notice ;
----------------
Copyright (C) 1991-2015 Altera Corporation. All rights reserved.
Your use of Altera Corporation's design tools, logic functions 
and other software and tools, and its AMPP partner logic 
functions, and any output files from any of the foregoing 
(including device programming or simulation files), and any 
associated documentation or information are expressly subject 
to the terms and conditions of the Altera Program License 
Subscription Agreement, the Altera Quartus Prime License Agreement,
the Altera MegaCore Function License Agreement, or other 
applicable license agreement, including, without limitation, 
that your use is for the sole purpose of programming logic 
devices manufactured by Altera and sold by Altera or its 
authorized distributors.  Please refer to the applicable 
agreement for further details.



+-------------------------------------------------------------------+
; EDA Netlist Writer Summary                                        ;
+---------------------------+---------------------------------------+
; EDA Netlist Writer Status ; Successful - Thu Nov 02 18:15:56 2017 ;
; Revision Name             ; SDCard_SDRam                          ;
; Top-level Entity Name     ; SDCard_SDRam                          ;
; Family                    ; Cyclone IV E                          ;
; Simulation Files Creation ; Successful                            ;
+---------------------------+---------------------------------------+


+-------------------------------------------------------------------------------------------------------------------------------+
; Simulation Settings                                                                                                           ;
+---------------------------------------------------------------------------------------------------+---------------------------+
; Option                                                                                            ; Setting                   ;
+---------------------------------------------------------------------------------------------------+---------------------------+
; Tool Name                                                                                         ; ModelSim-Altera (Verilog) ;
; Generate netlist for functional simulation only                                                   ; Off                       ;
; Time scale                                                                                        ; 1 ps                      ;
; Truncate long hierarchy paths                                                                     ; Off                       ;
; Map illegal HDL characters                                                                        ; Off                       ;
; Flatten buses into individual nodes                                                               ; Off                       ;
; Maintain hierarchy                                                                                ; Off                       ;
; Bring out device-wide set/reset signals as ports                                                  ; Off                       ;
; Enable glitch filtering                                                                           ; Off                       ;
; Do not write top level VHDL entity                                                                ; Off                       ;
; Disable detection of setup and hold time violations in the input registers of bi-directional pins ; Off                       ;
; Architecture name in VHDL output netlist                                                          ; structure                 ;
; Generate third-party EDA tool command script for RTL functional simulation                        ; Off                       ;
; Generate third-party EDA tool command script for gate-level simulation                            ; Off                       ;
+---------------------------------------------------------------------------------------------------+---------------------------+


+-----------------------------------------------------------------------------------------------------------+
; Simulation Generated Files                                                                                ;
+-----------------------------------------------------------------------------------------------------------+
; Generated Files                                                                                           ;
+-----------------------------------------------------------------------------------------------------------+
; C:/Users/M10512001/Desktop/DE2-115/SDCard_SDRam/simulation/modelsim/SDCard_SDRam_7_1200mv_85c_slow.vo     ;
; C:/Users/M10512001/Desktop/DE2-115/SDCard_SDRam/simulation/modelsim/SDCard_SDRam_7_1200mv_0c_slow.vo      ;
; C:/Users/M10512001/Desktop/DE2-115/SDCard_SDRam/simulation/modelsim/SDCard_SDRam_min_1200mv_0c_fast.vo    ;
; C:/Users/M10512001/Desktop/DE2-115/SDCard_SDRam/simulation/modelsim/SDCard_SDRam.vo                       ;
; C:/Users/M10512001/Desktop/DE2-115/SDCard_SDRam/simulation/modelsim/SDCard_SDRam_7_1200mv_85c_v_slow.sdo  ;
; C:/Users/M10512001/Desktop/DE2-115/SDCard_SDRam/simulation/modelsim/SDCard_SDRam_7_1200mv_0c_v_slow.sdo   ;
; C:/Users/M10512001/Desktop/DE2-115/SDCard_SDRam/simulation/modelsim/SDCard_SDRam_min_1200mv_0c_v_fast.sdo ;
; C:/Users/M10512001/Desktop/DE2-115/SDCard_SDRam/simulation/modelsim/SDCard_SDRam_v.sdo                    ;
+-----------------------------------------------------------------------------------------------------------+


+-----------------------------+
; EDA Netlist Writer Messages ;
+-----------------------------+
Info: *******************************************************************
Info: Running Quartus Prime EDA Netlist Writer
    Info: Version 15.1.0 Build 185 10/21/2015 SJ Standard Edition
    Info: Processing started: Thu Nov 02 18:15:50 2017
Info: Command: quartus_eda --read_settings_files=off --write_settings_files=off SDCard_SDRam -c SDCard_SDRam
Info (204019): Generated file SDCard_SDRam_7_1200mv_85c_slow.vo in folder "C:/Users/M10512001/Desktop/DE2-115/SDCard_SDRam/simulation/modelsim/" for EDA simulation tool
Info (204019): Generated file SDCard_SDRam_7_1200mv_0c_slow.vo in folder "C:/Users/M10512001/Desktop/DE2-115/SDCard_SDRam/simulation/modelsim/" for EDA simulation tool
Info (204019): Generated file SDCard_SDRam_min_1200mv_0c_fast.vo in folder "C:/Users/M10512001/Desktop/DE2-115/SDCard_SDRam/simulation/modelsim/" for EDA simulation tool
Info (204019): Generated file SDCard_SDRam.vo in folder "C:/Users/M10512001/Desktop/DE2-115/SDCard_SDRam/simulation/modelsim/" for EDA simulation tool
Info (204019): Generated file SDCard_SDRam_7_1200mv_85c_v_slow.sdo in folder "C:/Users/M10512001/Desktop/DE2-115/SDCard_SDRam/simulation/modelsim/" for EDA simulation tool
Info (204019): Generated file SDCard_SDRam_7_1200mv_0c_v_slow.sdo in folder "C:/Users/M10512001/Desktop/DE2-115/SDCard_SDRam/simulation/modelsim/" for EDA simulation tool
Info (204019): Generated file SDCard_SDRam_min_1200mv_0c_v_fast.sdo in folder "C:/Users/M10512001/Desktop/DE2-115/SDCard_SDRam/simulation/modelsim/" for EDA simulation tool
Info (204019): Generated file SDCard_SDRam_v.sdo in folder "C:/Users/M10512001/Desktop/DE2-115/SDCard_SDRam/simulation/modelsim/" for EDA simulation tool
Info: Quartus Prime EDA Netlist Writer was successful. 0 errors, 0 warnings
    Info: Peak virtual memory: 821 megabytes
    Info: Processing ended: Thu Nov 02 18:15:56 2017
    Info: Elapsed time: 00:00:06
    Info: Total CPU time (on all processors): 00:00:05


