Info: Starting: Create block symbol file (.bsf)
Info: qsys-generate C:\Users\M10512001\Desktop\DE2-115\SDCard_VGA\Qsys_system.qsys --block-symbol-file --output-directory=C:\Users\M10512001\Desktop\DE2-115\SDCard_VGA\Qsys_system --family="Cyclone IV E" --part=EP4CE115F29C7
Progress: Loading SDCard_VGA/Qsys_system.qsys
Progress: Reading input file
Progress: Adding altpll [altpll 15.1]
Progress: Parameterizing module altpll
Progress: Adding clk [clock_source 15.1]
Progress: Parameterizing module clk
Progress: Adding dual_clock_buffer [altera_up_avalon_video_dual_clock_buffer 15.1]
Progress: Parameterizing module dual_clock_buffer
Progress: Adding jtag_uart [altera_avalon_jtag_uart 15.1]
Progress: Parameterizing module jtag_uart
Progress: Adding nios2_gen2 [altera_nios2_gen2 15.1]
Progress: Parameterizing module nios2_gen2
Progress: Adding pixel_buffer [altera_up_avalon_sram 15.1]
Progress: Parameterizing module pixel_buffer
Progress: Adding pixel_buffer_dma [altera_up_avalon_video_pixel_buffer_dma 15.1]
Progress: Parameterizing module pixel_buffer_dma
Progress: Adding rgb_resampler [altera_up_avalon_video_rgb_resampler 15.1]
Progress: Parameterizing module rgb_resampler
Progress: Adding sd_card [Altera_UP_SD_Card_Avalon_Interface 15.1]
Progress: Parameterizing module sd_card
Progress: Adding sdram [altera_avalon_new_sdram_controller 15.1]
Progress: Parameterizing module sdram
Progress: Adding sysid [altera_avalon_sysid_qsys 15.1]
Progress: Parameterizing module sysid
Progress: Adding timer [altera_avalon_timer 15.1]
Progress: Parameterizing module timer
Progress: Adding vga_controller [altera_up_avalon_video_vga_controller 15.1]
Progress: Parameterizing module vga_controller
Progress: Building connections
Progress: Parameterizing connections
Progress: Validating
Progress: Done reading input file
Info: Qsys_system.rgb_resampler: RGB Resampling: 8 (bits) x 3 (planes) -> 10 (bits) x 3 (planes)
Info: Qsys_system.sysid: System ID is not assigned automatically. Edit the System ID parameter to provide a unique ID
Info: Qsys_system.sysid: Time stamp will be automatically updated when this component is generated.
Info: Qsys_system.vga_controller: Video Output Stream: Format: 640 x 480 with Color: 10 (bits) x 3 (planes) converted to 8 (bits) per color plane
Warning: Qsys_system.altpll: altpll.areset_conduit must be exported, or connected to a matching conduit.
Warning: Qsys_system.altpll: altpll.locked_conduit must be exported, or connected to a matching conduit.
Warning: Qsys_system.altpll: altpll.phasedone_conduit must be exported, or connected to a matching conduit.
Info: qsys-generate succeeded.
Info: Finished: Create block symbol file (.bsf)
Info: 
Info: Starting: Create HDL design files for synthesis
Info: qsys-generate C:\Users\M10512001\Desktop\DE2-115\SDCard_VGA\Qsys_system.qsys --synthesis=VERILOG --output-directory=C:\Users\M10512001\Desktop\DE2-115\SDCard_VGA\Qsys_system\synthesis --family="Cyclone IV E" --part=EP4CE115F29C7
Progress: Loading SDCard_VGA/Qsys_system.qsys
Progress: Reading input file
Progress: Adding altpll [altpll 15.1]
Progress: Parameterizing module altpll
Progress: Adding clk [clock_source 15.1]
Progress: Parameterizing module clk
Progress: Adding dual_clock_buffer [altera_up_avalon_video_dual_clock_buffer 15.1]
Progress: Parameterizing module dual_clock_buffer
Progress: Adding jtag_uart [altera_avalon_jtag_uart 15.1]
Progress: Parameterizing module jtag_uart
Progress: Adding nios2_gen2 [altera_nios2_gen2 15.1]
Progress: Parameterizing module nios2_gen2
Progress: Adding pixel_buffer [altera_up_avalon_sram 15.1]
Progress: Parameterizing module pixel_buffer
Progress: Adding pixel_buffer_dma [altera_up_avalon_video_pixel_buffer_dma 15.1]
Progress: Parameterizing module pixel_buffer_dma
Progress: Adding rgb_resampler [altera_up_avalon_video_rgb_resampler 15.1]
Progress: Parameterizing module rgb_resampler
Progress: Adding sd_card [Altera_UP_SD_Card_Avalon_Interface 15.1]
Progress: Parameterizing module sd_card
Progress: Adding sdram [altera_avalon_new_sdram_controller 15.1]
Progress: Parameterizing module sdram
Progress: Adding sysid [altera_avalon_sysid_qsys 15.1]
Progress: Parameterizing module sysid
Progress: Adding timer [altera_avalon_timer 15.1]
Progress: Parameterizing module timer
Progress: Adding vga_controller [altera_up_avalon_video_vga_controller 15.1]
Progress: Parameterizing module vga_controller
Progress: Building connections
Progress: Parameterizing connections
Progress: Validating
Progress: Done reading input file
Info: Qsys_system.rgb_resampler: RGB Resampling: 8 (bits) x 3 (planes) -> 10 (bits) x 3 (planes)
Info: Qsys_system.sysid: System ID is not assigned automatically. Edit the System ID parameter to provide a unique ID
Info: Qsys_system.sysid: Time stamp will be automatically updated when this component is generated.
Info: Qsys_system.vga_controller: Video Output Stream: Format: 640 x 480 with Color: 10 (bits) x 3 (planes) converted to 8 (bits) per color plane
Warning: Qsys_system.altpll: altpll.areset_conduit must be exported, or connected to a matching conduit.
Warning: Qsys_system.altpll: altpll.locked_conduit must be exported, or connected to a matching conduit.
Warning: Qsys_system.altpll: altpll.phasedone_conduit must be exported, or connected to a matching conduit.
Info: Qsys_system: Generating Qsys_system "Qsys_system" for QUARTUS_SYNTH
Info: Inserting clock-crossing logic between cmd_demux_001.src6 and cmd_mux_006.sink0
Info: Inserting clock-crossing logic between rsp_demux_006.src0 and rsp_mux_001.sink6
Info: altpll: "Qsys_system" instantiated altpll "altpll"
Info: dual_clock_buffer: Starting Generation of the Dual Clock Buffer
Info: dual_clock_buffer: "Qsys_system" instantiated altera_up_avalon_video_dual_clock_buffer "dual_clock_buffer"
Info: jtag_uart: Starting RTL generation for module 'Qsys_system_jtag_uart'
Info: jtag_uart:   Generation command is [exec C:/altera/15.1/quartus/bin64/perl/bin/perl.exe -I C:/altera/15.1/quartus/bin64/perl/lib -I C:/altera/15.1/quartus/sopc_builder/bin/europa -I C:/altera/15.1/quartus/sopc_builder/bin/perl_lib -I C:/altera/15.1/quartus/sopc_builder/bin -I C:/altera/15.1/quartus/../ip/altera/sopc_builder_ip/common -I C:/altera/15.1/quartus/../ip/altera/sopc_builder_ip/altera_avalon_jtag_uart -- C:/altera/15.1/quartus/../ip/altera/sopc_builder_ip/altera_avalon_jtag_uart/generate_rtl.pl --name=Qsys_system_jtag_uart --dir=C:/Users/M10512~1/AppData/Local/Temp/alt7465_2118416491060626759.dir/0008_jtag_uart_gen/ --quartus_dir=C:/altera/15.1/quartus --verilog --config=C:/Users/M10512~1/AppData/Local/Temp/alt7465_2118416491060626759.dir/0008_jtag_uart_gen//Qsys_system_jtag_uart_component_configuration.pl  --do_build_sim=0  ]
Info: jtag_uart: Done RTL generation for module 'Qsys_system_jtag_uart'
Info: jtag_uart: "Qsys_system" instantiated altera_avalon_jtag_uart "jtag_uart"
Info: nios2_gen2: "Qsys_system" instantiated altera_nios2_gen2 "nios2_gen2"
Info: pixel_buffer: Starting Generation of SRAM or SSRAM Controller
Info: pixel_buffer: "Qsys_system" instantiated altera_up_avalon_sram "pixel_buffer"
Info: pixel_buffer_dma: Starting Generation of VGA Pixel Buffer
Info: pixel_buffer_dma: "Qsys_system" instantiated altera_up_avalon_video_pixel_buffer_dma "pixel_buffer_dma"
Info: rgb_resampler: Starting Generation of Video RGB Resampler
Info: rgb_resampler: "Qsys_system" instantiated altera_up_avalon_video_rgb_resampler "rgb_resampler"
Info: sd_card: "Qsys_system" instantiated Altera_UP_SD_Card_Avalon_Interface "sd_card"
Info: sdram: Starting RTL generation for module 'Qsys_system_sdram'
Info: sdram:   Generation command is [exec C:/altera/15.1/quartus/bin64/perl/bin/perl.exe -I C:/altera/15.1/quartus/bin64/perl/lib -I C:/altera/15.1/quartus/sopc_builder/bin/europa -I C:/altera/15.1/quartus/sopc_builder/bin/perl_lib -I C:/altera/15.1/quartus/sopc_builder/bin -I C:/altera/15.1/quartus/../ip/altera/sopc_builder_ip/common -I C:/altera/15.1/quartus/../ip/altera/sopc_builder_ip/altera_avalon_new_sdram_controller -- C:/altera/15.1/quartus/../ip/altera/sopc_builder_ip/altera_avalon_new_sdram_controller/generate_rtl.pl --name=Qsys_system_sdram --dir=C:/Users/M10512~1/AppData/Local/Temp/alt7465_2118416491060626759.dir/0012_sdram_gen/ --quartus_dir=C:/altera/15.1/quartus --verilog --config=C:/Users/M10512~1/AppData/Local/Temp/alt7465_2118416491060626759.dir/0012_sdram_gen//Qsys_system_sdram_component_configuration.pl  --do_build_sim=0  ]
Info: sdram: Done RTL generation for module 'Qsys_system_sdram'
Info: sdram: "Qsys_system" instantiated altera_avalon_new_sdram_controller "sdram"
Info: sysid: "Qsys_system" instantiated altera_avalon_sysid_qsys "sysid"
Info: timer: Starting RTL generation for module 'Qsys_system_timer'
Info: timer:   Generation command is [exec C:/altera/15.1/quartus/bin64//perl/bin/perl.exe -I C:/altera/15.1/quartus/bin64//perl/lib -I C:/altera/15.1/quartus/sopc_builder/bin/europa -I C:/altera/15.1/quartus/sopc_builder/bin/perl_lib -I C:/altera/15.1/quartus/sopc_builder/bin -I C:/altera/15.1/quartus/../ip/altera/sopc_builder_ip/common -I C:/altera/15.1/quartus/../ip/altera/sopc_builder_ip/altera_avalon_timer -- C:/altera/15.1/quartus/../ip/altera/sopc_builder_ip/altera_avalon_timer/generate_rtl.pl --name=Qsys_system_timer --dir=C:/Users/M10512~1/AppData/Local/Temp/alt7465_2118416491060626759.dir/0014_timer_gen/ --quartus_dir=C:/altera/15.1/quartus --verilog --config=C:/Users/M10512~1/AppData/Local/Temp/alt7465_2118416491060626759.dir/0014_timer_gen//Qsys_system_timer_component_configuration.pl  --do_build_sim=0  ]
Info: timer: Done RTL generation for module 'Qsys_system_timer'
Info: timer: "Qsys_system" instantiated altera_avalon_timer "timer"
Info: vga_controller: Starting Generation of VGA Controller
Info: vga_controller: "Qsys_system" instantiated altera_up_avalon_video_vga_controller "vga_controller"
Info: avalon_st_adapter: Inserting error_adapter: error_adapter_0
Info: avalon_st_adapter_001: Inserting error_adapter: error_adapter_0
Info: avalon_st_adapter_002: Inserting error_adapter: error_adapter_0
Info: avalon_st_adapter_003: Inserting error_adapter: error_adapter_0
Info: avalon_st_adapter_004: Inserting error_adapter: error_adapter_0
Info: avalon_st_adapter_005: Inserting error_adapter: error_adapter_0
Info: avalon_st_adapter_006: Inserting error_adapter: error_adapter_0
Info: avalon_st_adapter_007: Inserting error_adapter: error_adapter_0
Info: avalon_st_adapter_008: Inserting error_adapter: error_adapter_0
Info: mm_interconnect_0: "Qsys_system" instantiated altera_mm_interconnect "mm_interconnect_0"
Info: irq_mapper: "Qsys_system" instantiated altera_irq_mapper "irq_mapper"
Info: rst_controller: "Qsys_system" instantiated altera_reset_controller "rst_controller"
Info: cpu: Starting RTL generation for module 'Qsys_system_nios2_gen2_cpu'
Info: cpu:   Generation command is [exec C:/altera/15.1/quartus/bin64//eperlcmd.exe -I C:/altera/15.1/quartus/bin64//perl/lib -I C:/altera/15.1/quartus/sopc_builder/bin/europa -I C:/altera/15.1/quartus/sopc_builder/bin/perl_lib -I C:/altera/15.1/quartus/sopc_builder/bin -I C:/altera/15.1/quartus/../ip/altera/nios2_ip/altera_nios2_gen2/cpu_lib -I C:/altera/15.1/quartus/../ip/altera/nios2_ip/altera_nios2_gen2/nios_lib -I C:/altera/15.1/quartus/../ip/altera/nios2_ip/altera_nios2_gen2 -I C:/altera/15.1/quartus/../ip/altera/nios2_ip/altera_nios2_gen2 -- C:/altera/15.1/quartus/../ip/altera/nios2_ip/altera_nios2_gen2/generate_rtl.epl --name=Qsys_system_nios2_gen2_cpu --dir=C:/Users/M10512~1/AppData/Local/Temp/alt7465_2118416491060626759.dir/0018_cpu_gen/ --quartus_bindir=C:/altera/15.1/quartus/bin64/ --verilog --config=C:/Users/M10512~1/AppData/Local/Temp/alt7465_2118416491060626759.dir/0018_cpu_gen//Qsys_system_nios2_gen2_cpu_processor_configuration.pl  --do_build_sim=0  ]
Info: cpu: # 2017.10.26 15:44:44 (*) Starting Nios II generation
Info: cpu: # 2017.10.26 15:44:44 (*)   Checking for plaintext license.
Info: cpu: # 2017.10.26 15:44:47 (*)   Plaintext license not found.
Info: cpu: # 2017.10.26 15:44:47 (*)   Checking for encrypted license (non-evaluation).
Info: cpu: # 2017.10.26 15:44:50 (*)   Encrypted license found.  SOF will not be time-limited.
Info: cpu: # 2017.10.26 15:44:50 (*)   Elaborating CPU configuration settings
Info: cpu: # 2017.10.26 15:44:50 (*)   Creating all objects for CPU
Info: cpu: # 2017.10.26 15:44:50 (*)     Testbench
Info: cpu: # 2017.10.26 15:44:50 (*)     Instruction decoding
Info: cpu: # 2017.10.26 15:44:50 (*)       Instruction fields
Info: cpu: # 2017.10.26 15:44:51 (*)       Instruction decodes
Info: cpu: # 2017.10.26 15:44:51 (*)       Signals for RTL simulation waveforms
Info: cpu: # 2017.10.26 15:44:51 (*)       Instruction controls
Info: cpu: # 2017.10.26 15:44:51 (*)     Pipeline frontend
Info: cpu: # 2017.10.26 15:44:51 (*)     Pipeline backend
Info: cpu: # 2017.10.26 15:44:53 (*)   Generating RTL from CPU objects
Info: cpu: # 2017.10.26 15:44:55 (*)   Creating encrypted RTL
Info: cpu: # 2017.10.26 15:44:56 (*) Done Nios II generation
Info: cpu: Done RTL generation for module 'Qsys_system_nios2_gen2_cpu'
Info: cpu: "nios2_gen2" instantiated altera_nios2_gen2_unit "cpu"
Info: pixel_buffer_dma_avalon_pixel_dma_master_translator: "mm_interconnect_0" instantiated altera_merlin_master_translator "pixel_buffer_dma_avalon_pixel_dma_master_translator"
Info: pixel_buffer_avalon_sram_slave_translator: "mm_interconnect_0" instantiated altera_merlin_slave_translator "pixel_buffer_avalon_sram_slave_translator"
Info: pixel_buffer_dma_avalon_pixel_dma_master_agent: "mm_interconnect_0" instantiated altera_merlin_master_agent "pixel_buffer_dma_avalon_pixel_dma_master_agent"
Info: pixel_buffer_avalon_sram_slave_agent: "mm_interconnect_0" instantiated altera_merlin_slave_agent "pixel_buffer_avalon_sram_slave_agent"
Info: pixel_buffer_avalon_sram_slave_agent_rsp_fifo: "mm_interconnect_0" instantiated altera_avalon_sc_fifo "pixel_buffer_avalon_sram_slave_agent_rsp_fifo"
Info: router: "mm_interconnect_0" instantiated altera_merlin_router "router"
Info: router_001: "mm_interconnect_0" instantiated altera_merlin_router "router_001"
Info: router_002: "mm_interconnect_0" instantiated altera_merlin_router "router_002"
Info: router_003: "mm_interconnect_0" instantiated altera_merlin_router "router_003"
Info: router_004: "mm_interconnect_0" instantiated altera_merlin_router "router_004"
Info: router_008: "mm_interconnect_0" instantiated altera_merlin_router "router_008"
Info: nios2_gen2_data_master_limiter: "mm_interconnect_0" instantiated altera_merlin_traffic_limiter "nios2_gen2_data_master_limiter"
Info: Reusing file C:/Users/M10512001/Desktop/DE2-115/SDCard_VGA/Qsys_system/synthesis/submodules/altera_avalon_sc_fifo.v
Info: pixel_buffer_avalon_sram_slave_burst_adapter: "mm_interconnect_0" instantiated altera_merlin_burst_adapter "pixel_buffer_avalon_sram_slave_burst_adapter"
Info: Reusing file C:/Users/M10512001/Desktop/DE2-115/SDCard_VGA/Qsys_system/synthesis/submodules/altera_avalon_st_pipeline_base.v
Info: cmd_demux: "mm_interconnect_0" instantiated altera_merlin_demultiplexer "cmd_demux"
Info: cmd_demux_001: "mm_interconnect_0" instantiated altera_merlin_demultiplexer "cmd_demux_001"
Info: cmd_demux_002: "mm_interconnect_0" instantiated altera_merlin_demultiplexer "cmd_demux_002"
Info: cmd_mux: "mm_interconnect_0" instantiated altera_merlin_multiplexer "cmd_mux"
Info: cmd_mux_001: "mm_interconnect_0" instantiated altera_merlin_multiplexer "cmd_mux_001"
Info: Reusing file C:/Users/M10512001/Desktop/DE2-115/SDCard_VGA/Qsys_system/synthesis/submodules/altera_merlin_arbitrator.sv
Info: rsp_demux: "mm_interconnect_0" instantiated altera_merlin_demultiplexer "rsp_demux"
Info: rsp_mux: "mm_interconnect_0" instantiated altera_merlin_multiplexer "rsp_mux"
Info: Reusing file C:/Users/M10512001/Desktop/DE2-115/SDCard_VGA/Qsys_system/synthesis/submodules/altera_merlin_arbitrator.sv
Info: rsp_mux_001: "mm_interconnect_0" instantiated altera_merlin_multiplexer "rsp_mux_001"
Info: Reusing file C:/Users/M10512001/Desktop/DE2-115/SDCard_VGA/Qsys_system/synthesis/submodules/altera_merlin_arbitrator.sv
Info: rsp_mux_002: "mm_interconnect_0" instantiated altera_merlin_multiplexer "rsp_mux_002"
Info: Reusing file C:/Users/M10512001/Desktop/DE2-115/SDCard_VGA/Qsys_system/synthesis/submodules/altera_merlin_arbitrator.sv
Info: pixel_buffer_avalon_sram_slave_rsp_width_adapter: "mm_interconnect_0" instantiated altera_merlin_width_adapter "pixel_buffer_avalon_sram_slave_rsp_width_adapter"
Info: Reusing file C:/Users/M10512001/Desktop/DE2-115/SDCard_VGA/Qsys_system/synthesis/submodules/altera_merlin_address_alignment.sv
Info: Reusing file C:/Users/M10512001/Desktop/DE2-115/SDCard_VGA/Qsys_system/synthesis/submodules/altera_merlin_burst_uncompressor.sv
Info: crosser: "mm_interconnect_0" instantiated altera_avalon_st_handshake_clock_crosser "crosser"
Info: Reusing file C:/Users/M10512001/Desktop/DE2-115/SDCard_VGA/Qsys_system/synthesis/submodules/altera_avalon_st_pipeline_base.v
Info: avalon_st_adapter: "mm_interconnect_0" instantiated altera_avalon_st_adapter "avalon_st_adapter"
Info: avalon_st_adapter_001: "mm_interconnect_0" instantiated altera_avalon_st_adapter "avalon_st_adapter_001"
Info: error_adapter_0: "avalon_st_adapter" instantiated error_adapter "error_adapter_0"
Info: error_adapter_0: "avalon_st_adapter_001" instantiated error_adapter "error_adapter_0"
Info: Qsys_system: Done "Qsys_system" with 45 modules, 86 files
Info: qsys-generate succeeded.
Info: Finished: Create HDL design files for synthesis
