13:57:51 **** Clean-only build of configuration Nios II for project SDCard_SDRam_bsp ****
make clean 
[BSP clean complete]
13:57:52 **** Clean-only build of configuration Nios II for project SDCard_SDRam ****
make clean 
[SDCard_SDRam clean complete]
14:00:13 **** Build of configuration Nios II for project SDCard_SDRam ****
make all 
Info: Building ../SDCard_SDRam_bsp/
C:/altera/15.1/nios2eds/bin/gnu/H-x86_64-mingw32/bin/make --no-print-directory -C ../SDCard_SDRam_bsp/
Compiling alt_alarm_start.c...
nios2-elf-gcc -xc -MP -MMD -c  -I./HAL/inc -I. -I./drivers/inc -pipe -D__hal__ -DALT_NO_INSTRUCTION_EMULATION -DALT_SINGLE_THREADED    -O0 -g -Wall  -mno-hw-div -mhw-mul -mno-hw-mulx   -o obj/HAL/src/alt_alarm_start.o HAL/src/alt_alarm_start.c
Compiling alt_busy_sleep.c...
nios2-elf-gcc -xc -MP -MMD -c  -I./HAL/inc -I. -I./drivers/inc -pipe -D__hal__ -DALT_NO_INSTRUCTION_EMULATION -DALT_SINGLE_THREADED    -O0 -g -Wall  -mno-hw-div -mhw-mul -mno-hw-mulx   -o obj/HAL/src/alt_busy_sleep.o HAL/src/alt_busy_sleep.c
Compiling alt_close.c...
nios2-elf-gcc -xc -MP -MMD -c  -I./HAL/inc -I. -I./drivers/inc -pipe -D__hal__ -DALT_NO_INSTRUCTION_EMULATION -DALT_SINGLE_THREADED    -O0 -g -Wall  -mno-hw-div -mhw-mul -mno-hw-mulx   -o obj/HAL/src/alt_close.o HAL/src/alt_close.c
Compiling alt_dcache_flush.c...
nios2-elf-gcc -xc -MP -MMD -c  -I./HAL/inc -I. -I./drivers/inc -pipe -D__hal__ -DALT_NO_INSTRUCTION_EMULATION -DALT_SINGLE_THREADED    -O0 -g -Wall  -mno-hw-div -mhw-mul -mno-hw-mulx   -o obj/HAL/src/alt_dcache_flush.o HAL/src/alt_dcache_flush.c
Compiling alt_dcache_flush_all.c...
nios2-elf-gcc -xc -MP -MMD -c  -I./HAL/inc -I. -I./drivers/inc -pipe -D__hal__ -DALT_NO_INSTRUCTION_EMULATION -DALT_SINGLE_THREADED    -O0 -g -Wall  -mno-hw-div -mhw-mul -mno-hw-mulx   -o obj/HAL/src/alt_dcache_flush_all.o HAL/src/alt_dcache_flush_all.c
Compiling alt_dcache_flush_no_writeback.c...
nios2-elf-gcc -xc -MP -MMD -c  -I./HAL/inc -I. -I./drivers/inc -pipe -D__hal__ -DALT_NO_INSTRUCTION_EMULATION -DALT_SINGLE_THREADED    -O0 -g -Wall  -mno-hw-div -mhw-mul -mno-hw-mulx   -o obj/HAL/src/alt_dcache_flush_no_writeback.o HAL/src/alt_dcache_flush_no_writeback.c
Compiling alt_dev.c...
nios2-elf-gcc -xc -MP -MMD -c  -I./HAL/inc -I. -I./drivers/inc -pipe -D__hal__ -DALT_NO_INSTRUCTION_EMULATION -DALT_SINGLE_THREADED    -O0 -g -Wall  -mno-hw-div -mhw-mul -mno-hw-mulx   -o obj/HAL/src/alt_dev.o HAL/src/alt_dev.c
Compiling alt_dev_llist_insert.c...
nios2-elf-gcc -xc -MP -MMD -c  -I./HAL/inc -I. -I./drivers/inc -pipe -D__hal__ -DALT_NO_INSTRUCTION_EMULATION -DALT_SINGLE_THREADED    -O0 -g -Wall  -mno-hw-div -mhw-mul -mno-hw-mulx   -o obj/HAL/src/alt_dev_llist_insert.o HAL/src/alt_dev_llist_insert.c
Compiling alt_dma_rxchan_open.c...
nios2-elf-gcc -xc -MP -MMD -c  -I./HAL/inc -I. -I./drivers/inc -pipe -D__hal__ -DALT_NO_INSTRUCTION_EMULATION -DALT_SINGLE_THREADED    -O0 -g -Wall  -mno-hw-div -mhw-mul -mno-hw-mulx   -o obj/HAL/src/alt_dma_rxchan_open.o HAL/src/alt_dma_rxchan_open.c
Compiling alt_dma_txchan_open.c...
nios2-elf-gcc -xc -MP -MMD -c  -I./HAL/inc -I. -I./drivers/inc -pipe -D__hal__ -DALT_NO_INSTRUCTION_EMULATION -DALT_SINGLE_THREADED    -O0 -g -Wall  -mno-hw-div -mhw-mul -mno-hw-mulx   -o obj/HAL/src/alt_dma_txchan_open.o HAL/src/alt_dma_txchan_open.c
Compiling alt_do_ctors.c...
nios2-elf-gcc -xc -MP -MMD -c  -I./HAL/inc -I. -I./drivers/inc -pipe -D__hal__ -DALT_NO_INSTRUCTION_EMULATION -DALT_SINGLE_THREADED    -O0 -g -Wall  -mno-hw-div -mhw-mul -mno-hw-mulx   -o obj/HAL/src/alt_do_ctors.o HAL/src/alt_do_ctors.c
Compiling alt_do_dtors.c...
nios2-elf-gcc -xc -MP -MMD -c  -I./HAL/inc -I. -I./drivers/inc -pipe -D__hal__ -DALT_NO_INSTRUCTION_EMULATION -DALT_SINGLE_THREADED    -O0 -g -Wall  -mno-hw-div -mhw-mul -mno-hw-mulx   -o obj/HAL/src/alt_do_dtors.o HAL/src/alt_do_dtors.c
Compiling alt_ecc_fatal_entry.S...
nios2-elf-gcc -MP -MMD -c   -O0 -g -Wall  -mno-hw-div -mhw-mul -mno-hw-mulx    -I./HAL/inc -I. -I./drivers/inc -pipe -D__hal__ -DALT_NO_INSTRUCTION_EMULATION -DALT_SINGLE_THREADED  -Wa,-gdwarf2  -o obj/HAL/src/alt_ecc_fatal_entry.o HAL/src/alt_ecc_fatal_entry.S
Compiling alt_ecc_fatal_exception.c...
nios2-elf-gcc -xc -MP -MMD -c  -I./HAL/inc -I. -I./drivers/inc -pipe -D__hal__ -DALT_NO_INSTRUCTION_EMULATION -DALT_SINGLE_THREADED    -O0 -g -Wall  -mno-hw-div -mhw-mul -mno-hw-mulx   -o obj/HAL/src/alt_ecc_fatal_exception.o HAL/src/alt_ecc_fatal_exception.c
Compiling alt_env_lock.c...
nios2-elf-gcc -xc -MP -MMD -c  -I./HAL/inc -I. -I./drivers/inc -pipe -D__hal__ -DALT_NO_INSTRUCTION_EMULATION -DALT_SINGLE_THREADED    -O0 -g -Wall  -mno-hw-div -mhw-mul -mno-hw-mulx   -o obj/HAL/src/alt_env_lock.o HAL/src/alt_env_lock.c
Compiling alt_environ.c...
nios2-elf-gcc -xc -MP -MMD -c  -I./HAL/inc -I. -I./drivers/inc -pipe -D__hal__ -DALT_NO_INSTRUCTION_EMULATION -DALT_SINGLE_THREADED    -O0 -g -Wall  -mno-hw-div -mhw-mul -mno-hw-mulx   -o obj/HAL/src/alt_environ.o HAL/src/alt_environ.c
Compiling alt_errno.c...
nios2-elf-gcc -xc -MP -MMD -c  -I./HAL/inc -I. -I./drivers/inc -pipe -D__hal__ -DALT_NO_INSTRUCTION_EMULATION -DALT_SINGLE_THREADED    -O0 -g -Wall  -mno-hw-div -mhw-mul -mno-hw-mulx   -o obj/HAL/src/alt_errno.o HAL/src/alt_errno.c
Compiling alt_exception_entry.S...
nios2-elf-gcc -MP -MMD -c   -O0 -g -Wall  -mno-hw-div -mhw-mul -mno-hw-mulx    -I./HAL/inc -I. -I./drivers/inc -pipe -D__hal__ -DALT_NO_INSTRUCTION_EMULATION -DALT_SINGLE_THREADED  -Wa,-gdwarf2  -o obj/HAL/src/alt_exception_entry.o HAL/src/alt_exception_entry.S
Compiling alt_exception_muldiv.S...
nios2-elf-gcc -MP -MMD -c   -O0 -g -Wall  -mno-hw-div -mhw-mul -mno-hw-mulx    -I./HAL/inc -I. -I./drivers/inc -pipe -D__hal__ -DALT_NO_INSTRUCTION_EMULATION -DALT_SINGLE_THREADED  -Wa,-gdwarf2  -o obj/HAL/src/alt_exception_muldiv.o HAL/src/alt_exception_muldiv.S
Compiling alt_exception_trap.S...
nios2-elf-gcc -MP -MMD -c   -O0 -g -Wall  -mno-hw-div -mhw-mul -mno-hw-mulx    -I./HAL/inc -I. -I./drivers/inc -pipe -D__hal__ -DALT_NO_INSTRUCTION_EMULATION -DALT_SINGLE_THREADED  -Wa,-gdwarf2  -o obj/HAL/src/alt_exception_trap.o HAL/src/alt_exception_trap.S
Compiling alt_execve.c...
nios2-elf-gcc -xc -MP -MMD -c  -I./HAL/inc -I. -I./drivers/inc -pipe -D__hal__ -DALT_NO_INSTRUCTION_EMULATION -DALT_SINGLE_THREADED    -O0 -g -Wall  -mno-hw-div -mhw-mul -mno-hw-mulx   -o obj/HAL/src/alt_execve.o HAL/src/alt_execve.c
Compiling alt_exit.c...
nios2-elf-gcc -xc -MP -MMD -c  -I./HAL/inc -I. -I./drivers/inc -pipe -D__hal__ -DALT_NO_INSTRUCTION_EMULATION -DALT_SINGLE_THREADED    -O0 -g -Wall  -mno-hw-div -mhw-mul -mno-hw-mulx   -o obj/HAL/src/alt_exit.o HAL/src/alt_exit.c
Compiling alt_fcntl.c...
nios2-elf-gcc -xc -MP -MMD -c  -I./HAL/inc -I. -I./drivers/inc -pipe -D__hal__ -DALT_NO_INSTRUCTION_EMULATION -DALT_SINGLE_THREADED    -O0 -g -Wall  -mno-hw-div -mhw-mul -mno-hw-mulx   -o obj/HAL/src/alt_fcntl.o HAL/src/alt_fcntl.c
Compiling alt_fd_lock.c...
nios2-elf-gcc -xc -MP -MMD -c  -I./HAL/inc -I. -I./drivers/inc -pipe -D__hal__ -DALT_NO_INSTRUCTION_EMULATION -DALT_SINGLE_THREADED    -O0 -g -Wall  -mno-hw-div -mhw-mul -mno-hw-mulx   -o obj/HAL/src/alt_fd_lock.o HAL/src/alt_fd_lock.c
Compiling alt_fd_unlock.c...
nios2-elf-gcc -xc -MP -MMD -c  -I./HAL/inc -I. -I./drivers/inc -pipe -D__hal__ -DALT_NO_INSTRUCTION_EMULATION -DALT_SINGLE_THREADED    -O0 -g -Wall  -mno-hw-div -mhw-mul -mno-hw-mulx   -o obj/HAL/src/alt_fd_unlock.o HAL/src/alt_fd_unlock.c
Compiling alt_find_dev.c...
nios2-elf-gcc -xc -MP -MMD -c  -I./HAL/inc -I. -I./drivers/inc -pipe -D__hal__ -DALT_NO_INSTRUCTION_EMULATION -DALT_SINGLE_THREADED    -O0 -g -Wall  -mno-hw-div -mhw-mul -mno-hw-mulx   -o obj/HAL/src/alt_find_dev.o HAL/src/alt_find_dev.c
Compiling alt_find_file.c...
nios2-elf-gcc -xc -MP -MMD -c  -I./HAL/inc -I. -I./drivers/inc -pipe -D__hal__ -DALT_NO_INSTRUCTION_EMULATION -DALT_SINGLE_THREADED    -O0 -g -Wall  -mno-hw-div -mhw-mul -mno-hw-mulx   -o obj/HAL/src/alt_find_file.o HAL/src/alt_find_file.c
Compiling alt_flash_dev.c...
nios2-elf-gcc -xc -MP -MMD -c  -I./HAL/inc -I. -I./drivers/inc -pipe -D__hal__ -DALT_NO_INSTRUCTION_EMULATION -DALT_SINGLE_THREADED    -O0 -g -Wall  -mno-hw-div -mhw-mul -mno-hw-mulx   -o obj/HAL/src/alt_flash_dev.o HAL/src/alt_flash_dev.c
Compiling alt_fork.c...
nios2-elf-gcc -xc -MP -MMD -c  -I./HAL/inc -I. -I./drivers/inc -pipe -D__hal__ -DALT_NO_INSTRUCTION_EMULATION -DALT_SINGLE_THREADED    -O0 -g -Wall  -mno-hw-div -mhw-mul -mno-hw-mulx   -o obj/HAL/src/alt_fork.o HAL/src/alt_fork.c
Compiling alt_fs_reg.c...
nios2-elf-gcc -xc -MP -MMD -c  -I./HAL/inc -I. -I./drivers/inc -pipe -D__hal__ -DALT_NO_INSTRUCTION_EMULATION -DALT_SINGLE_THREADED    -O0 -g -Wall  -mno-hw-div -mhw-mul -mno-hw-mulx   -o obj/HAL/src/alt_fs_reg.o HAL/src/alt_fs_reg.c
Compiling alt_fstat.c...
nios2-elf-gcc -xc -MP -MMD -c  -I./HAL/inc -I. -I./drivers/inc -pipe -D__hal__ -DALT_NO_INSTRUCTION_EMULATION -DALT_SINGLE_THREADED    -O0 -g -Wall  -mno-hw-div -mhw-mul -mno-hw-mulx   -o obj/HAL/src/alt_fstat.o HAL/src/alt_fstat.c
Compiling alt_get_fd.c...
nios2-elf-gcc -xc -MP -MMD -c  -I./HAL/inc -I. -I./drivers/inc -pipe -D__hal__ -DALT_NO_INSTRUCTION_EMULATION -DALT_SINGLE_THREADED    -O0 -g -Wall  -mno-hw-div -mhw-mul -mno-hw-mulx   -o obj/HAL/src/alt_get_fd.o HAL/src/alt_get_fd.c
Compiling alt_getchar.c...
nios2-elf-gcc -xc -MP -MMD -c  -I./HAL/inc -I. -I./drivers/inc -pipe -D__hal__ -DALT_NO_INSTRUCTION_EMULATION -DALT_SINGLE_THREADED    -O0 -g -Wall  -mno-hw-div -mhw-mul -mno-hw-mulx   -o obj/HAL/src/alt_getchar.o HAL/src/alt_getchar.c
Compiling alt_getpid.c...
nios2-elf-gcc -xc -MP -MMD -c  -I./HAL/inc -I. -I./drivers/inc -pipe -D__hal__ -DALT_NO_INSTRUCTION_EMULATION -DALT_SINGLE_THREADED    -O0 -g -Wall  -mno-hw-div -mhw-mul -mno-hw-mulx   -o obj/HAL/src/alt_getpid.o HAL/src/alt_getpid.c
Compiling alt_gettod.c...
nios2-elf-gcc -xc -MP -MMD -c  -I./HAL/inc -I. -I./drivers/inc -pipe -D__hal__ -DALT_NO_INSTRUCTION_EMULATION -DALT_SINGLE_THREADED    -O0 -g -Wall  -mno-hw-div -mhw-mul -mno-hw-mulx   -o obj/HAL/src/alt_gettod.o HAL/src/alt_gettod.c
Compiling alt_gmon.c...
nios2-elf-gcc -xc -MP -MMD -c  -I./HAL/inc -I. -I./drivers/inc -pipe -D__hal__ -DALT_NO_INSTRUCTION_EMULATION -DALT_SINGLE_THREADED    -O0 -g -Wall  -mno-hw-div -mhw-mul -mno-hw-mulx   -o obj/HAL/src/alt_gmon.o HAL/src/alt_gmon.c
Compiling alt_icache_flush.c...
nios2-elf-gcc -xc -MP -MMD -c  -I./HAL/inc -I. -I./drivers/inc -pipe -D__hal__ -DALT_NO_INSTRUCTION_EMULATION -DALT_SINGLE_THREADED    -O0 -g -Wall  -mno-hw-div -mhw-mul -mno-hw-mulx   -o obj/HAL/src/alt_icache_flush.o HAL/src/alt_icache_flush.c
Compiling alt_icache_flush_all.c...
nios2-elf-gcc -xc -MP -MMD -c  -I./HAL/inc -I. -I./drivers/inc -pipe -D__hal__ -DALT_NO_INSTRUCTION_EMULATION -DALT_SINGLE_THREADED    -O0 -g -Wall  -mno-hw-div -mhw-mul -mno-hw-mulx   -o obj/HAL/src/alt_icache_flush_all.o HAL/src/alt_icache_flush_all.c
Compiling alt_iic.c...
nios2-elf-gcc -xc -MP -MMD -c  -I./HAL/inc -I. -I./drivers/inc -pipe -D__hal__ -DALT_NO_INSTRUCTION_EMULATION -DALT_SINGLE_THREADED    -O0 -g -Wall  -mno-hw-div -mhw-mul -mno-hw-mulx   -o obj/HAL/src/alt_iic.o HAL/src/alt_iic.c
Compiling alt_iic_isr_register.c...
nios2-elf-gcc -xc -MP -MMD -c  -I./HAL/inc -I. -I./drivers/inc -pipe -D__hal__ -DALT_NO_INSTRUCTION_EMULATION -DALT_SINGLE_THREADED    -O0 -g -Wall  -mno-hw-div -mhw-mul -mno-hw-mulx   -o obj/HAL/src/alt_iic_isr_register.o HAL/src/alt_iic_isr_register.c
Compiling alt_instruction_exception_entry.c...
nios2-elf-gcc -xc -MP -MMD -c  -I./HAL/inc -I. -I./drivers/inc -pipe -D__hal__ -DALT_NO_INSTRUCTION_EMULATION -DALT_SINGLE_THREADED    -O0 -g -Wall  -mno-hw-div -mhw-mul -mno-hw-mulx   -o obj/HAL/src/alt_instruction_exception_entry.o HAL/src/alt_instruction_exception_entry.c
Compiling alt_instruction_exception_register.c...
nios2-elf-gcc -xc -MP -MMD -c  -I./HAL/inc -I. -I./drivers/inc -pipe -D__hal__ -DALT_NO_INSTRUCTION_EMULATION -DALT_SINGLE_THREADED    -O0 -g -Wall  -mno-hw-div -mhw-mul -mno-hw-mulx   -o obj/HAL/src/alt_instruction_exception_register.o HAL/src/alt_instruction_exception_register.c
Compiling alt_io_redirect.c...
nios2-elf-gcc -xc -MP -MMD -c  -I./HAL/inc -I. -I./drivers/inc -pipe -D__hal__ -DALT_NO_INSTRUCTION_EMULATION -DALT_SINGLE_THREADED    -O0 -g -Wall  -mno-hw-div -mhw-mul -mno-hw-mulx   -o obj/HAL/src/alt_io_redirect.o HAL/src/alt_io_redirect.c
Compiling alt_ioctl.c...
nios2-elf-gcc -xc -MP -MMD -c  -I./HAL/inc -I. -I./drivers/inc -pipe -D__hal__ -DALT_NO_INSTRUCTION_EMULATION -DALT_SINGLE_THREADED    -O0 -g -Wall  -mno-hw-div -mhw-mul -mno-hw-mulx   -o obj/HAL/src/alt_ioctl.o HAL/src/alt_ioctl.c
Compiling alt_irq_entry.S...
nios2-elf-gcc -MP -MMD -c   -O0 -g -Wall  -mno-hw-div -mhw-mul -mno-hw-mulx    -I./HAL/inc -I. -I./drivers/inc -pipe -D__hal__ -DALT_NO_INSTRUCTION_EMULATION -DALT_SINGLE_THREADED  -Wa,-gdwarf2  -o obj/HAL/src/alt_irq_entry.o HAL/src/alt_irq_entry.S
Compiling alt_irq_handler.c...
nios2-elf-gcc -xc -MP -MMD -c  -I./HAL/inc -I. -I./drivers/inc -pipe -D__hal__ -DALT_NO_INSTRUCTION_EMULATION -DALT_SINGLE_THREADED    -O0 -g -Wall  -mno-hw-div -mhw-mul -mno-hw-mulx   -o obj/HAL/src/alt_irq_handler.o HAL/src/alt_irq_handler.c
Compiling alt_irq_register.c...
nios2-elf-gcc -xc -MP -MMD -c  -I./HAL/inc -I. -I./drivers/inc -pipe -D__hal__ -DALT_NO_INSTRUCTION_EMULATION -DALT_SINGLE_THREADED    -O0 -g -Wall  -mno-hw-div -mhw-mul -mno-hw-mulx   -o obj/HAL/src/alt_irq_register.o HAL/src/alt_irq_register.c
Compiling alt_irq_vars.c...
nios2-elf-gcc -xc -MP -MMD -c  -I./HAL/inc -I. -I./drivers/inc -pipe -D__hal__ -DALT_NO_INSTRUCTION_EMULATION -DALT_SINGLE_THREADED    -O0 -g -Wall  -mno-hw-div -mhw-mul -mno-hw-mulx   -o obj/HAL/src/alt_irq_vars.o HAL/src/alt_irq_vars.c
Compiling alt_isatty.c...
nios2-elf-gcc -xc -MP -MMD -c  -I./HAL/inc -I. -I./drivers/inc -pipe -D__hal__ -DALT_NO_INSTRUCTION_EMULATION -DALT_SINGLE_THREADED    -O0 -g -Wall  -mno-hw-div -mhw-mul -mno-hw-mulx   -o obj/HAL/src/alt_isatty.o HAL/src/alt_isatty.c
Compiling alt_kill.c...
nios2-elf-gcc -xc -MP -MMD -c  -I./HAL/inc -I. -I./drivers/inc -pipe -D__hal__ -DALT_NO_INSTRUCTION_EMULATION -DALT_SINGLE_THREADED    -O0 -g -Wall  -mno-hw-div -mhw-mul -mno-hw-mulx   -o obj/HAL/src/alt_kill.o HAL/src/alt_kill.c
Compiling alt_link.c...
nios2-elf-gcc -xc -MP -MMD -c  -I./HAL/inc -I. -I./drivers/inc -pipe -D__hal__ -DALT_NO_INSTRUCTION_EMULATION -DALT_SINGLE_THREADED    -O0 -g -Wall  -mno-hw-div -mhw-mul -mno-hw-mulx   -o obj/HAL/src/alt_link.o HAL/src/alt_link.c
Compiling alt_load.c...
nios2-elf-gcc -xc -MP -MMD -c  -I./HAL/inc -I. -I./drivers/inc -pipe -D__hal__ -DALT_NO_INSTRUCTION_EMULATION -DALT_SINGLE_THREADED    -O0 -g -Wall  -mno-hw-div -mhw-mul -mno-hw-mulx   -o obj/HAL/src/alt_load.o HAL/src/alt_load.c
Compiling alt_log_macro.S...
nios2-elf-gcc -MP -MMD -c   -O0 -g -Wall  -mno-hw-div -mhw-mul -mno-hw-mulx    -I./HAL/inc -I. -I./drivers/inc -pipe -D__hal__ -DALT_NO_INSTRUCTION_EMULATION -DALT_SINGLE_THREADED  -Wa,-gdwarf2  -o obj/HAL/src/alt_log_macro.o HAL/src/alt_log_macro.S
Compiling alt_log_printf.c...
nios2-elf-gcc -xc -MP -MMD -c  -I./HAL/inc -I. -I./drivers/inc -pipe -D__hal__ -DALT_NO_INSTRUCTION_EMULATION -DALT_SINGLE_THREADED    -O0 -g -Wall  -mno-hw-div -mhw-mul -mno-hw-mulx   -o obj/HAL/src/alt_log_printf.o HAL/src/alt_log_printf.c
Compiling alt_lseek.c...
nios2-elf-gcc -xc -MP -MMD -c  -I./HAL/inc -I. -I./drivers/inc -pipe -D__hal__ -DALT_NO_INSTRUCTION_EMULATION -DALT_SINGLE_THREADED    -O0 -g -Wall  -mno-hw-div -mhw-mul -mno-hw-mulx   -o obj/HAL/src/alt_lseek.o HAL/src/alt_lseek.c
Compiling alt_main.c...
nios2-elf-gcc -xc -MP -MMD -c  -I./HAL/inc -I. -I./drivers/inc -pipe -D__hal__ -DALT_NO_INSTRUCTION_EMULATION -DALT_SINGLE_THREADED    -O0 -g -Wall  -mno-hw-div -mhw-mul -mno-hw-mulx   -o obj/HAL/src/alt_main.o HAL/src/alt_main.c
Compiling alt_malloc_lock.c...
nios2-elf-gcc -xc -MP -MMD -c  -I./HAL/inc -I. -I./drivers/inc -pipe -D__hal__ -DALT_NO_INSTRUCTION_EMULATION -DALT_SINGLE_THREADED    -O0 -g -Wall  -mno-hw-div -mhw-mul -mno-hw-mulx   -o obj/HAL/src/alt_malloc_lock.o HAL/src/alt_malloc_lock.c
Compiling alt_mcount.S...
nios2-elf-gcc -MP -MMD -c   -O0 -g -Wall  -mno-hw-div -mhw-mul -mno-hw-mulx    -I./HAL/inc -I. -I./drivers/inc -pipe -D__hal__ -DALT_NO_INSTRUCTION_EMULATION -DALT_SINGLE_THREADED  -Wa,-gdwarf2  -o obj/HAL/src/alt_mcount.o HAL/src/alt_mcount.S
Compiling alt_open.c...
nios2-elf-gcc -xc -MP -MMD -c  -I./HAL/inc -I. -I./drivers/inc -pipe -D__hal__ -DALT_NO_INSTRUCTION_EMULATION -DALT_SINGLE_THREADED    -O0 -g -Wall  -mno-hw-div -mhw-mul -mno-hw-mulx   -o obj/HAL/src/alt_open.o HAL/src/alt_open.c
Compiling alt_printf.c...
nios2-elf-gcc -xc -MP -MMD -c  -I./HAL/inc -I. -I./drivers/inc -pipe -D__hal__ -DALT_NO_INSTRUCTION_EMULATION -DALT_SINGLE_THREADED    -O0 -g -Wall  -mno-hw-div -mhw-mul -mno-hw-mulx   -o obj/HAL/src/alt_printf.o HAL/src/alt_printf.c
Compiling alt_putchar.c...
nios2-elf-gcc -xc -MP -MMD -c  -I./HAL/inc -I. -I./drivers/inc -pipe -D__hal__ -DALT_NO_INSTRUCTION_EMULATION -DALT_SINGLE_THREADED    -O0 -g -Wall  -mno-hw-div -mhw-mul -mno-hw-mulx   -o obj/HAL/src/alt_putchar.o HAL/src/alt_putchar.c
Compiling alt_putcharbuf.c...
nios2-elf-gcc -xc -MP -MMD -c  -I./HAL/inc -I. -I./drivers/inc -pipe -D__hal__ -DALT_NO_INSTRUCTION_EMULATION -DALT_SINGLE_THREADED    -O0 -g -Wall  -mno-hw-div -mhw-mul -mno-hw-mulx   -o obj/HAL/src/alt_putcharbuf.o HAL/src/alt_putcharbuf.c
Compiling alt_putstr.c...
nios2-elf-gcc -xc -MP -MMD -c  -I./HAL/inc -I. -I./drivers/inc -pipe -D__hal__ -DALT_NO_INSTRUCTION_EMULATION -DALT_SINGLE_THREADED    -O0 -g -Wall  -mno-hw-div -mhw-mul -mno-hw-mulx   -o obj/HAL/src/alt_putstr.o HAL/src/alt_putstr.c
Compiling alt_read.c...
nios2-elf-gcc -xc -MP -MMD -c  -I./HAL/inc -I. -I./drivers/inc -pipe -D__hal__ -DALT_NO_INSTRUCTION_EMULATION -DALT_SINGLE_THREADED    -O0 -g -Wall  -mno-hw-div -mhw-mul -mno-hw-mulx   -o obj/HAL/src/alt_read.o HAL/src/alt_read.c
Compiling alt_release_fd.c...
nios2-elf-gcc -xc -MP -MMD -c  -I./HAL/inc -I. -I./drivers/inc -pipe -D__hal__ -DALT_NO_INSTRUCTION_EMULATION -DALT_SINGLE_THREADED    -O0 -g -Wall  -mno-hw-div -mhw-mul -mno-hw-mulx   -o obj/HAL/src/alt_release_fd.o HAL/src/alt_release_fd.c
Compiling alt_remap_cached.c...
nios2-elf-gcc -xc -MP -MMD -c  -I./HAL/inc -I. -I./drivers/inc -pipe -D__hal__ -DALT_NO_INSTRUCTION_EMULATION -DALT_SINGLE_THREADED    -O0 -g -Wall  -mno-hw-div -mhw-mul -mno-hw-mulx   -o obj/HAL/src/alt_remap_cached.o HAL/src/alt_remap_cached.c
Compiling alt_remap_uncached.c...
nios2-elf-gcc -xc -MP -MMD -c  -I./HAL/inc -I. -I./drivers/inc -pipe -D__hal__ -DALT_NO_INSTRUCTION_EMULATION -DALT_SINGLE_THREADED    -O0 -g -Wall  -mno-hw-div -mhw-mul -mno-hw-mulx   -o obj/HAL/src/alt_remap_uncached.o HAL/src/alt_remap_uncached.c
Compiling alt_rename.c...
nios2-elf-gcc -xc -MP -MMD -c  -I./HAL/inc -I. -I./drivers/inc -pipe -D__hal__ -DALT_NO_INSTRUCTION_EMULATION -DALT_SINGLE_THREADED    -O0 -g -Wall  -mno-hw-div -mhw-mul -mno-hw-mulx   -o obj/HAL/src/alt_rename.o HAL/src/alt_rename.c
Compiling alt_sbrk.c...
nios2-elf-gcc -xc -MP -MMD -c  -I./HAL/inc -I. -I./drivers/inc -pipe -D__hal__ -DALT_NO_INSTRUCTION_EMULATION -DALT_SINGLE_THREADED    -O0 -g -Wall  -mno-hw-div -mhw-mul -mno-hw-mulx   -o obj/HAL/src/alt_sbrk.o HAL/src/alt_sbrk.c
Compiling alt_settod.c...
nios2-elf-gcc -xc -MP -MMD -c  -I./HAL/inc -I. -I./drivers/inc -pipe -D__hal__ -DALT_NO_INSTRUCTION_EMULATION -DALT_SINGLE_THREADED    -O0 -g -Wall  -mno-hw-div -mhw-mul -mno-hw-mulx   -o obj/HAL/src/alt_settod.o HAL/src/alt_settod.c
Compiling alt_software_exception.S...
nios2-elf-gcc -MP -MMD -c   -O0 -g -Wall  -mno-hw-div -mhw-mul -mno-hw-mulx    -I./HAL/inc -I. -I./drivers/inc -pipe -D__hal__ -DALT_NO_INSTRUCTION_EMULATION -DALT_SINGLE_THREADED  -Wa,-gdwarf2  -o obj/HAL/src/alt_software_exception.o HAL/src/alt_software_exception.S
Compiling alt_stat.c...
nios2-elf-gcc -xc -MP -MMD -c  -I./HAL/inc -I. -I./drivers/inc -pipe -D__hal__ -DALT_NO_INSTRUCTION_EMULATION -DALT_SINGLE_THREADED    -O0 -g -Wall  -mno-hw-div -mhw-mul -mno-hw-mulx   -o obj/HAL/src/alt_stat.o HAL/src/alt_stat.c
Compiling alt_tick.c...
nios2-elf-gcc -xc -MP -MMD -c  -I./HAL/inc -I. -I./drivers/inc -pipe -D__hal__ -DALT_NO_INSTRUCTION_EMULATION -DALT_SINGLE_THREADED    -O0 -g -Wall  -mno-hw-div -mhw-mul -mno-hw-mulx   -o obj/HAL/src/alt_tick.o HAL/src/alt_tick.c
Compiling alt_times.c...
nios2-elf-gcc -xc -MP -MMD -c  -I./HAL/inc -I. -I./drivers/inc -pipe -D__hal__ -DALT_NO_INSTRUCTION_EMULATION -DALT_SINGLE_THREADED    -O0 -g -Wall  -mno-hw-div -mhw-mul -mno-hw-mulx   -o obj/HAL/src/alt_times.o HAL/src/alt_times.c
Compiling alt_uncached_free.c...
nios2-elf-gcc -xc -MP -MMD -c  -I./HAL/inc -I. -I./drivers/inc -pipe -D__hal__ -DALT_NO_INSTRUCTION_EMULATION -DALT_SINGLE_THREADED    -O0 -g -Wall  -mno-hw-div -mhw-mul -mno-hw-mulx   -o obj/HAL/src/alt_uncached_free.o HAL/src/alt_uncached_free.c
Compiling alt_uncached_malloc.c...
nios2-elf-gcc -xc -MP -MMD -c  -I./HAL/inc -I. -I./drivers/inc -pipe -D__hal__ -DALT_NO_INSTRUCTION_EMULATION -DALT_SINGLE_THREADED    -O0 -g -Wall  -mno-hw-div -mhw-mul -mno-hw-mulx   -o obj/HAL/src/alt_uncached_malloc.o HAL/src/alt_uncached_malloc.c
Compiling alt_unlink.c...
nios2-elf-gcc -xc -MP -MMD -c  -I./HAL/inc -I. -I./drivers/inc -pipe -D__hal__ -DALT_NO_INSTRUCTION_EMULATION -DALT_SINGLE_THREADED    -O0 -g -Wall  -mno-hw-div -mhw-mul -mno-hw-mulx   -o obj/HAL/src/alt_unlink.o HAL/src/alt_unlink.c
Compiling alt_usleep.c...
nios2-elf-gcc -xc -MP -MMD -c  -I./HAL/inc -I. -I./drivers/inc -pipe -D__hal__ -DALT_NO_INSTRUCTION_EMULATION -DALT_SINGLE_THREADED    -O0 -g -Wall  -mno-hw-div -mhw-mul -mno-hw-mulx   -o obj/HAL/src/alt_usleep.o HAL/src/alt_usleep.c
Compiling alt_wait.c...
nios2-elf-gcc -xc -MP -MMD -c  -I./HAL/inc -I. -I./drivers/inc -pipe -D__hal__ -DALT_NO_INSTRUCTION_EMULATION -DALT_SINGLE_THREADED    -O0 -g -Wall  -mno-hw-div -mhw-mul -mno-hw-mulx   -o obj/HAL/src/alt_wait.o HAL/src/alt_wait.c
Compiling alt_write.c...
nios2-elf-gcc -xc -MP -MMD -c  -I./HAL/inc -I. -I./drivers/inc -pipe -D__hal__ -DALT_NO_INSTRUCTION_EMULATION -DALT_SINGLE_THREADED    -O0 -g -Wall  -mno-hw-div -mhw-mul -mno-hw-mulx   -o obj/HAL/src/alt_write.o HAL/src/alt_write.c
Compiling altera_nios2_gen2_irq.c...
nios2-elf-gcc -xc -MP -MMD -c  -I./HAL/inc -I. -I./drivers/inc -pipe -D__hal__ -DALT_NO_INSTRUCTION_EMULATION -DALT_SINGLE_THREADED    -O0 -g -Wall  -mno-hw-div -mhw-mul -mno-hw-mulx   -o obj/HAL/src/altera_nios2_gen2_irq.o HAL/src/altera_nios2_gen2_irq.c
Compiling crt0.S...
nios2-elf-gcc -MP -MMD -c   -O0 -g -Wall  -mno-hw-div -mhw-mul -mno-hw-mulx    -I./HAL/inc -I. -I./drivers/inc -pipe -D__hal__ -DALT_NO_INSTRUCTION_EMULATION -DALT_SINGLE_THREADED  -Wa,-gdwarf2  -o obj/HAL/src/crt0.o HAL/src/crt0.S
Compiling alt_sys_init.c...
nios2-elf-gcc -xc -MP -MMD -c  -I./HAL/inc -I. -I./drivers/inc -pipe -D__hal__ -DALT_NO_INSTRUCTION_EMULATION -DALT_SINGLE_THREADED    -O0 -g -Wall  -mno-hw-div -mhw-mul -mno-hw-mulx   -o obj/alt_sys_init.o alt_sys_init.c
Compiling Altera_UP_SD_Card_Avalon_Interface.c...
nios2-elf-gcc -xc -MP -MMD -c  -I./HAL/inc -I. -I./drivers/inc -pipe -D__hal__ -DALT_NO_INSTRUCTION_EMULATION -DALT_SINGLE_THREADED    -O0 -g -Wall  -mno-hw-div -mhw-mul -mno-hw-mulx   -o obj/drivers/src/Altera_UP_SD_Card_Avalon_Interface.o drivers/src/Altera_UP_SD_Card_Avalon_Interface.c
Compiling altera_avalon_jtag_uart_fd.c...
nios2-elf-gcc -xc -MP -MMD -c  -I./HAL/inc -I. -I./drivers/inc -pipe -D__hal__ -DALT_NO_INSTRUCTION_EMULATION -DALT_SINGLE_THREADED    -O0 -g -Wall  -mno-hw-div -mhw-mul -mno-hw-mulx   -o obj/drivers/src/altera_avalon_jtag_uart_fd.o drivers/src/altera_avalon_jtag_uart_fd.c
Compiling altera_avalon_jtag_uart_init.c...
nios2-elf-gcc -xc -MP -MMD -c  -I./HAL/inc -I. -I./drivers/inc -pipe -D__hal__ -DALT_NO_INSTRUCTION_EMULATION -DALT_SINGLE_THREADED    -O0 -g -Wall  -mno-hw-div -mhw-mul -mno-hw-mulx   -o obj/drivers/src/altera_avalon_jtag_uart_init.o drivers/src/altera_avalon_jtag_uart_init.c
Compiling altera_avalon_jtag_uart_ioctl.c...
nios2-elf-gcc -xc -MP -MMD -c  -I./HAL/inc -I. -I./drivers/inc -pipe -D__hal__ -DALT_NO_INSTRUCTION_EMULATION -DALT_SINGLE_THREADED    -O0 -g -Wall  -mno-hw-div -mhw-mul -mno-hw-mulx   -o obj/drivers/src/altera_avalon_jtag_uart_ioctl.o drivers/src/altera_avalon_jtag_uart_ioctl.c
Compiling altera_avalon_jtag_uart_read.c...
nios2-elf-gcc -xc -MP -MMD -c  -I./HAL/inc -I. -I./drivers/inc -pipe -D__hal__ -DALT_NO_INSTRUCTION_EMULATION -DALT_SINGLE_THREADED    -O0 -g -Wall  -mno-hw-div -mhw-mul -mno-hw-mulx   -o obj/drivers/src/altera_avalon_jtag_uart_read.o drivers/src/altera_avalon_jtag_uart_read.c
Compiling altera_avalon_jtag_uart_write.c...
nios2-elf-gcc -xc -MP -MMD -c  -I./HAL/inc -I. -I./drivers/inc -pipe -D__hal__ -DALT_NO_INSTRUCTION_EMULATION -DALT_SINGLE_THREADED    -O0 -g -Wall  -mno-hw-div -mhw-mul -mno-hw-mulx   -o obj/drivers/src/altera_avalon_jtag_uart_write.o drivers/src/altera_avalon_jtag_uart_write.c
Compiling altera_avalon_sysid_qsys.c...
nios2-elf-gcc -xc -MP -MMD -c  -I./HAL/inc -I. -I./drivers/inc -pipe -D__hal__ -DALT_NO_INSTRUCTION_EMULATION -DALT_SINGLE_THREADED    -O0 -g -Wall  -mno-hw-div -mhw-mul -mno-hw-mulx   -o obj/drivers/src/altera_avalon_sysid_qsys.o drivers/src/altera_avalon_sysid_qsys.c
Compiling altera_avalon_timer_sc.c...
nios2-elf-gcc -xc -MP -MMD -c  -I./HAL/inc -I. -I./drivers/inc -pipe -D__hal__ -DALT_NO_INSTRUCTION_EMULATION -DALT_SINGLE_THREADED    -O0 -g -Wall  -mno-hw-div -mhw-mul -mno-hw-mulx   -o obj/drivers/src/altera_avalon_timer_sc.o drivers/src/altera_avalon_timer_sc.c
Compiling altera_avalon_timer_ts.c...
nios2-elf-gcc -xc -MP -MMD -c  -I./HAL/inc -I. -I./drivers/inc -pipe -D__hal__ -DALT_NO_INSTRUCTION_EMULATION -DALT_SINGLE_THREADED    -O0 -g -Wall  -mno-hw-div -mhw-mul -mno-hw-mulx   -o obj/drivers/src/altera_avalon_timer_ts.o drivers/src/altera_avalon_timer_ts.c
Compiling altera_avalon_timer_vars.c...
nios2-elf-gcc -xc -MP -MMD -c  -I./HAL/inc -I. -I./drivers/inc -pipe -D__hal__ -DALT_NO_INSTRUCTION_EMULATION -DALT_SINGLE_THREADED    -O0 -g -Wall  -mno-hw-div -mhw-mul -mno-hw-mulx   -o obj/drivers/src/altera_avalon_timer_vars.o drivers/src/altera_avalon_timer_vars.c
Creating libhal_bsp.a...
rm -f -f libhal_bsp.a
nios2-elf-ar -src libhal_bsp.a obj/HAL/src/alt_alarm_start.o obj/HAL/src/alt_busy_sleep.o obj/HAL/src/alt_close.o obj/HAL/src/alt_dcache_flush.o obj/HAL/src/alt_dcache_flush_all.o obj/HAL/src/alt_dcache_flush_no_writeback.o obj/HAL/src/alt_dev.o obj/HAL/src/alt_dev_llist_insert.o obj/HAL/src/alt_dma_rxchan_open.o obj/HAL/src/alt_dma_txchan_open.o obj/HAL/src/alt_do_ctors.o obj/HAL/src/alt_do_dtors.o obj/HAL/src/alt_ecc_fatal_entry.o obj/HAL/src/alt_ecc_fatal_exception.o obj/HAL/src/alt_env_lock.o obj/HAL/src/alt_environ.o obj/HAL/src/alt_errno.o obj/HAL/src/alt_exception_entry.o obj/HAL/src/alt_exception_muldiv.o obj/HAL/src/alt_exception_trap.o obj/HAL/src/alt_execve.o obj/HAL/src/alt_exit.o obj/HAL/src/alt_fcntl.o obj/HAL/src/alt_fd_lock.o obj/HAL/src/alt_fd_unlock.o obj/HAL/src/alt_find_dev.o obj/HAL/src/alt_find_file.o obj/HAL/src/alt_flash_dev.o obj/HAL/src/alt_fork.o obj/HAL/src/alt_fs_reg.o obj/HAL/src/alt_fstat.o obj/HAL/src/alt_get_fd.o obj/HAL/src/alt_getchar.o obj/HAL/src/alt_getpid.o obj/HAL/src/alt_gettod.o obj/HAL/src/alt_gmon.o obj/HAL/src/alt_icache_flush.o obj/HAL/src/alt_icache_flush_all.o obj/HAL/src/alt_iic.o obj/HAL/src/alt_iic_isr_register.o obj/HAL/src/alt_instruction_exception_entry.o obj/HAL/src/alt_instruction_exception_register.o obj/HAL/src/alt_io_redirect.o obj/HAL/src/alt_ioctl.o obj/HAL/src/alt_irq_entry.o obj/HAL/src/alt_irq_handler.o obj/HAL/src/alt_irq_register.o obj/HAL/src/alt_irq_vars.o obj/HAL/src/alt_isatty.o obj/HAL/src/alt_kill.o obj/HAL/src/alt_link.o obj/HAL/src/alt_load.o obj/HAL/src/alt_log_macro.o obj/HAL/src/alt_log_printf.o obj/HAL/src/alt_lseek.o obj/HAL/src/alt_main.o obj/HAL/src/alt_malloc_lock.o obj/HAL/src/alt_mcount.o obj/HAL/src/alt_open.o obj/HAL/src/alt_printf.o obj/HAL/src/alt_putchar.o obj/HAL/src/alt_putcharbuf.o obj/HAL/src/alt_putstr.o obj/HAL/src/alt_read.o obj/HAL/src/alt_release_fd.o obj/HAL/src/alt_remap_cached.o obj/HAL/src/alt_remap_uncached.o obj/HAL/src/alt_rename.o obj/HAL/src/alt_sbrk.o obj/HAL/src/alt_settod.o obj/HAL/src/alt_software_exception.o obj/HAL/src/alt_stat.o obj/HAL/src/alt_tick.o obj/HAL/src/alt_times.o obj/HAL/src/alt_uncached_free.o obj/HAL/src/alt_uncached_malloc.o obj/HAL/src/alt_unlink.o obj/HAL/src/alt_usleep.o obj/HAL/src/alt_wait.o obj/HAL/src/alt_write.o obj/HAL/src/altera_nios2_gen2_irq.o obj/HAL/src/crt0.o obj/alt_sys_init.o obj/drivers/src/Altera_UP_SD_Card_Avalon_Interface.o obj/drivers/src/altera_avalon_jtag_uart_fd.o obj/drivers/src/altera_avalon_jtag_uart_init.o obj/drivers/src/altera_avalon_jtag_uart_ioctl.o obj/drivers/src/altera_avalon_jtag_uart_read.o obj/drivers/src/altera_avalon_jtag_uart_write.o obj/drivers/src/altera_avalon_sysid_qsys.o obj/drivers/src/altera_avalon_timer_sc.o obj/drivers/src/altera_avalon_timer_ts.o obj/drivers/src/altera_avalon_timer_vars.o
[BSP build complete]
Info: Compiling main.c to obj/default/main.o
nios2-elf-gcc -xc -MP -MMD -c -I../SDCard_SDRam_bsp//HAL/inc -I../SDCard_SDRam_bsp/ -I../SDCard_SDRam_bsp//drivers/inc  -pipe -D__hal__ -DALT_NO_INSTRUCTION_EMULATION -DALT_SINGLE_THREADED    -O0 -g -Wall   -mno-hw-div -mhw-mul -mno-hw-mulx  -o obj/default/main.o main.c
main.c: In function 'main':
main.c:22:9: warning: unused variable 'i' [-Wunused-variable]
     int i;
         ^
main.c: In function 'SD_Card_Init':
main.c:37:60: error: 'ALTERA_UP_SD_CARD_AVALON_INTERFACE_0_NAME' undeclared (first use in this function)
  alt_up_sd_card_dev *sd_card_dev = alt_up_sd_card_open_dev(ALTERA_UP_SD_CARD_AVALON_INTERFACE_0_NAME);
                                                            ^
main.c:37:60: note: each undeclared identifier is reported only once for each function it appears in
main.c: In function 'File_Read_Into_List':
main.c:92:2: warning: implicit declaration of function 'malloc' [-Wimplicit-function-declaration]
  char *list = malloc(len * sizeof(char));
  ^
main.c:92:15: warning: incompatible implicit declaration of built-in function 'malloc'
  char *list = malloc(len * sizeof(char));
               ^
make: *** [obj/default/main.o] Error 1
14:00:19 **** Build of configuration Nios II for project SDCard_SDRam_bsp ****
make all 
[BSP build complete]
14:00:43 **** Incremental Build of configuration Nios II for project SDCard_SDRam ****
make all 
Info: Building ../SDCard_SDRam_bsp/
C:/altera/15.1/nios2eds/bin/gnu/H-x86_64-mingw32/bin/make --no-print-directory -C ../SDCard_SDRam_bsp/
[BSP build complete]
Info: Compiling main.c to obj/default/main.o
nios2-elf-gcc -xc -MP -MMD -c -I../SDCard_SDRam_bsp//HAL/inc -I../SDCard_SDRam_bsp/ -I../SDCard_SDRam_bsp//drivers/inc  -pipe -D__hal__ -DALT_NO_INSTRUCTION_EMULATION -DALT_SINGLE_THREADED    -O0 -g -Wall   -mno-hw-div -mhw-mul -mno-hw-mulx  -o obj/default/main.o main.c
main.c: In function 'main':
main.c:22:9: warning: unused variable 'i' [-Wunused-variable]
     int i;
         ^
main.c: In function 'File_Read_Into_List':
main.c:92:2: warning: implicit declaration of function 'malloc' [-Wimplicit-function-declaration]
  char *list = malloc(len * sizeof(char));
  ^
main.c:92:15: warning: incompatible implicit declaration of built-in function 'malloc'
  char *list = malloc(len * sizeof(char));
               ^
Info: Linking SDCard_SDRam.elf
nios2-elf-g++  -T'../SDCard_SDRam_bsp//linker.x' -msys-crt0='../SDCard_SDRam_bsp//obj/HAL/src/crt0.o' -msys-lib=hal_bsp -L../SDCard_SDRam_bsp/   -Wl,-Map=SDCard_SDRam.map   -O0 -g -Wall   -mno-hw-div -mhw-mul -mno-hw-mulx  -o SDCard_SDRam.elf obj/default/main.o -lm -msys-lib=m
nios2-elf-insert SDCard_SDRam.elf --thread_model hal --cpu_name nios2_gen2 --qsys true --simulation_enabled false --id 0 --sidp 0x10001438 --timestamp 1508995917 --stderr_dev jtag_uart --stdin_dev jtag_uart --stdout_dev jtag_uart --sopc_system_name Qsys_system --quartus_project_dir "C:/Users/M10512001/Desktop/DE2-115/SDCard_SDRam" --jdi ../..//output_files/SDCard_SDRam.jdi --sopcinfo C:/Users/M10512001/Desktop/DE2-115/SDCard_SDRam/software/SDCard_SDRam_bsp/../../Qsys_system.sopcinfo
Info: (SDCard_SDRam.elf) 122 KBytes program size (code + initialized data).
Info:                    130942 KBytes free for stack + heap.
Info: Creating SDCard_SDRam.objdump
nios2-elf-objdump --disassemble --syms --all-header --source SDCard_SDRam.elf >SDCard_SDRam.objdump
[SDCard_SDRam build complete]
14:00:45 **** Incremental Build of configuration Nios II for project SDCard_SDRam_bsp ****
make all 
[BSP build complete]
14:01:01 **** Incremental Build of configuration Nios II for project SDCard_SDRam ****
make all 
Info: Building ../SDCard_SDRam_bsp/
C:/altera/15.1/nios2eds/bin/gnu/H-x86_64-mingw32/bin/make --no-print-directory -C ../SDCard_SDRam_bsp/
[BSP build complete]
Info: Compiling main.c to obj/default/main.o
nios2-elf-gcc -xc -MP -MMD -c -I../SDCard_SDRam_bsp//HAL/inc -I../SDCard_SDRam_bsp/ -I../SDCard_SDRam_bsp//drivers/inc  -pipe -D__hal__ -DALT_NO_INSTRUCTION_EMULATION -DALT_SINGLE_THREADED    -O0 -g -Wall   -mno-hw-div -mhw-mul -mno-hw-mulx  -o obj/default/main.o main.c
main.c: In function 'File_Read_Into_List':
main.c:91:2: warning: implicit declaration of function 'malloc' [-Wimplicit-function-declaration]
  char *list = malloc(len * sizeof(char));
  ^
main.c:91:15: warning: incompatible implicit declaration of built-in function 'malloc'
  char *list = malloc(len * sizeof(char));
               ^
Info: Linking SDCard_SDRam.elf
nios2-elf-g++  -T'../SDCard_SDRam_bsp//linker.x' -msys-crt0='../SDCard_SDRam_bsp//obj/HAL/src/crt0.o' -msys-lib=hal_bsp -L../SDCard_SDRam_bsp/   -Wl,-Map=SDCard_SDRam.map   -O0 -g -Wall   -mno-hw-div -mhw-mul -mno-hw-mulx  -o SDCard_SDRam.elf obj/default/main.o -lm -msys-lib=m
nios2-elf-insert SDCard_SDRam.elf --thread_model hal --cpu_name nios2_gen2 --qsys true --simulation_enabled false --id 0 --sidp 0x10001438 --timestamp 1508995917 --stderr_dev jtag_uart --stdin_dev jtag_uart --stdout_dev jtag_uart --sopc_system_name Qsys_system --quartus_project_dir "C:/Users/M10512001/Desktop/DE2-115/SDCard_SDRam" --jdi ../..//output_files/SDCard_SDRam.jdi --sopcinfo C:/Users/M10512001/Desktop/DE2-115/SDCard_SDRam/software/SDCard_SDRam_bsp/../../Qsys_system.sopcinfo
Info: (SDCard_SDRam.elf) 122 KBytes program size (code + initialized data).
Info:                    130942 KBytes free for stack + heap.
Info: Creating SDCard_SDRam.objdump
nios2-elf-objdump --disassemble --syms --all-header --source SDCard_SDRam.elf >SDCard_SDRam.objdump
[SDCard_SDRam build complete]
14:01:03 **** Incremental Build of configuration Nios II for project SDCard_SDRam_bsp ****
make all 
[BSP build complete]
14:01:29 **** Build of configuration Nios II for project SDCard_SDRam ****
make all 
Info: Building ../SDCard_SDRam_bsp/
C:/altera/15.1/nios2eds/bin/gnu/H-x86_64-mingw32/bin/make --no-print-directory -C ../SDCard_SDRam_bsp/
[BSP build complete]
[SDCard_SDRam build complete]
14:01:31 **** Incremental Build of configuration Nios II for project SDCard_SDRam ****
make all 
Info: Building ../SDCard_SDRam_bsp/
C:/altera/15.1/nios2eds/bin/gnu/H-x86_64-mingw32/bin/make --no-print-directory -C ../SDCard_SDRam_bsp/
[BSP build complete]
[SDCard_SDRam build complete]
14:01:59 **** Incremental Build of configuration Nios II for project SDCard_SDRam ****
make all 
Info: Building ../SDCard_SDRam_bsp/
C:/altera/15.1/nios2eds/bin/gnu/H-x86_64-mingw32/bin/make --no-print-directory -C ../SDCard_SDRam_bsp/
[BSP build complete]
[SDCard_SDRam build complete]
14:05:08 **** Incremental Build of configuration Nios II for project SDCard_SDRam ****
make all 
Info: Building ../SDCard_SDRam_bsp/
C:/altera/15.1/nios2eds/bin/gnu/H-x86_64-mingw32/bin/make --no-print-directory -C ../SDCard_SDRam_bsp/
[BSP build complete]
[SDCard_SDRam build complete]
14:05:09 **** Incremental Build of configuration Nios II for project SDCard_SDRam_bsp ****
make all 
[BSP build complete]
14:05:14 **** Incremental Build of configuration Nios II for project SDCard_SDRam ****
make all 
Info: Building ../SDCard_SDRam_bsp/
C:/altera/15.1/nios2eds/bin/gnu/H-x86_64-mingw32/bin/make --no-print-directory -C ../SDCard_SDRam_bsp/
[BSP build complete]
[SDCard_SDRam build complete]
14:06:20 **** Incremental Build of configuration Nios II for project SDCard_SDRam ****
make all 
Info: Building ../SDCard_SDRam_bsp/
C:/altera/15.1/nios2eds/bin/gnu/H-x86_64-mingw32/bin/make --no-print-directory -C ../SDCard_SDRam_bsp/
[BSP build complete]
[SDCard_SDRam build complete]
14:06:35 **** Incremental Build of configuration Nios II for project SDCard_SDRam ****
make all 
Info: Building ../SDCard_SDRam_bsp/
C:/altera/15.1/nios2eds/bin/gnu/H-x86_64-mingw32/bin/make --no-print-directory -C ../SDCard_SDRam_bsp/
[BSP build complete]
[SDCard_SDRam build complete]
14:10:21 **** Incremental Build of configuration Nios II for project SDCard_SDRam ****
make all 
Info: Building ../SDCard_SDRam_bsp/
C:/altera/15.1/nios2eds/bin/gnu/H-x86_64-mingw32/bin/make --no-print-directory -C ../SDCard_SDRam_bsp/
[BSP build complete]
[SDCard_SDRam build complete]
14:13:35 **** Incremental Build of configuration Nios II for project SDCard_SDRam ****
make all 
Info: Building ../SDCard_SDRam_bsp/
C:/altera/15.1/nios2eds/bin/gnu/H-x86_64-mingw32/bin/make --no-print-directory -C ../SDCard_SDRam_bsp/
[BSP build complete]
[SDCard_SDRam build complete]
14:13:36 **** Incremental Build of configuration Nios II for project SDCard_SDRam_bsp ****
make all 
[BSP build complete]
14:13:44 **** Incremental Build of configuration Nios II for project SDCard_SDRam ****
make all 
Info: Building ../SDCard_SDRam_bsp/
C:/altera/15.1/nios2eds/bin/gnu/H-x86_64-mingw32/bin/make --no-print-directory -C ../SDCard_SDRam_bsp/
[BSP build complete]
[SDCard_SDRam build complete]
14:22:31 **** Incremental Build of configuration Nios II for project SDCard_SDRam ****
make all 
Info: Building ../SDCard_SDRam_bsp/
C:/altera/15.1/nios2eds/bin/gnu/H-x86_64-mingw32/bin/make --no-print-directory -C ../SDCard_SDRam_bsp/
Compiling alt_alarm_start.c...
nios2-elf-gcc -xc -MP -MMD -c  -I./HAL/inc -I. -I./drivers/inc -pipe -D__hal__ -DALT_NO_INSTRUCTION_EMULATION -DALT_SINGLE_THREADED    -O0 -g -Wall  -mno-hw-div -mhw-mul -mno-hw-mulx   -o obj/HAL/src/alt_alarm_start.o HAL/src/alt_alarm_start.c
Compiling alt_busy_sleep.c...
nios2-elf-gcc -xc -MP -MMD -c  -I./HAL/inc -I. -I./drivers/inc -pipe -D__hal__ -DALT_NO_INSTRUCTION_EMULATION -DALT_SINGLE_THREADED    -O0 -g -Wall  -mno-hw-div -mhw-mul -mno-hw-mulx   -o obj/HAL/src/alt_busy_sleep.o HAL/src/alt_busy_sleep.c
Compiling alt_close.c...
nios2-elf-gcc -xc -MP -MMD -c  -I./HAL/inc -I. -I./drivers/inc -pipe -D__hal__ -DALT_NO_INSTRUCTION_EMULATION -DALT_SINGLE_THREADED    -O0 -g -Wall  -mno-hw-div -mhw-mul -mno-hw-mulx   -o obj/HAL/src/alt_close.o HAL/src/alt_close.c
Compiling alt_dcache_flush.c...
nios2-elf-gcc -xc -MP -MMD -c  -I./HAL/inc -I. -I./drivers/inc -pipe -D__hal__ -DALT_NO_INSTRUCTION_EMULATION -DALT_SINGLE_THREADED    -O0 -g -Wall  -mno-hw-div -mhw-mul -mno-hw-mulx   -o obj/HAL/src/alt_dcache_flush.o HAL/src/alt_dcache_flush.c
Compiling alt_dcache_flush_all.c...
nios2-elf-gcc -xc -MP -MMD -c  -I./HAL/inc -I. -I./drivers/inc -pipe -D__hal__ -DALT_NO_INSTRUCTION_EMULATION -DALT_SINGLE_THREADED    -O0 -g -Wall  -mno-hw-div -mhw-mul -mno-hw-mulx   -o obj/HAL/src/alt_dcache_flush_all.o HAL/src/alt_dcache_flush_all.c
Compiling alt_dcache_flush_no_writeback.c...
nios2-elf-gcc -xc -MP -MMD -c  -I./HAL/inc -I. -I./drivers/inc -pipe -D__hal__ -DALT_NO_INSTRUCTION_EMULATION -DALT_SINGLE_THREADED    -O0 -g -Wall  -mno-hw-div -mhw-mul -mno-hw-mulx   -o obj/HAL/src/alt_dcache_flush_no_writeback.o HAL/src/alt_dcache_flush_no_writeback.c
Compiling alt_dev.c...
nios2-elf-gcc -xc -MP -MMD -c  -I./HAL/inc -I. -I./drivers/inc -pipe -D__hal__ -DALT_NO_INSTRUCTION_EMULATION -DALT_SINGLE_THREADED    -O0 -g -Wall  -mno-hw-div -mhw-mul -mno-hw-mulx   -o obj/HAL/src/alt_dev.o HAL/src/alt_dev.c
Compiling alt_dma_rxchan_open.c...
nios2-elf-gcc -xc -MP -MMD -c  -I./HAL/inc -I. -I./drivers/inc -pipe -D__hal__ -DALT_NO_INSTRUCTION_EMULATION -DALT_SINGLE_THREADED    -O0 -g -Wall  -mno-hw-div -mhw-mul -mno-hw-mulx   -o obj/HAL/src/alt_dma_rxchan_open.o HAL/src/alt_dma_rxchan_open.c
Compiling alt_dma_txchan_open.c...
nios2-elf-gcc -xc -MP -MMD -c  -I./HAL/inc -I. -I./drivers/inc -pipe -D__hal__ -DALT_NO_INSTRUCTION_EMULATION -DALT_SINGLE_THREADED    -O0 -g -Wall  -mno-hw-div -mhw-mul -mno-hw-mulx   -o obj/HAL/src/alt_dma_txchan_open.o HAL/src/alt_dma_txchan_open.c
Compiling alt_ecc_fatal_exception.c...
nios2-elf-gcc -xc -MP -MMD -c  -I./HAL/inc -I. -I./drivers/inc -pipe -D__hal__ -DALT_NO_INSTRUCTION_EMULATION -DALT_SINGLE_THREADED    -O0 -g -Wall  -mno-hw-div -mhw-mul -mno-hw-mulx   -o obj/HAL/src/alt_ecc_fatal_exception.o HAL/src/alt_ecc_fatal_exception.c
Compiling alt_exception_entry.S...
nios2-elf-gcc -MP -MMD -c   -O0 -g -Wall  -mno-hw-div -mhw-mul -mno-hw-mulx    -I./HAL/inc -I. -I./drivers/inc -pipe -D__hal__ -DALT_NO_INSTRUCTION_EMULATION -DALT_SINGLE_THREADED  -Wa,-gdwarf2  -o obj/HAL/src/alt_exception_entry.o HAL/src/alt_exception_entry.S
Compiling alt_exit.c...
nios2-elf-gcc -xc -MP -MMD -c  -I./HAL/inc -I. -I./drivers/inc -pipe -D__hal__ -DALT_NO_INSTRUCTION_EMULATION -DALT_SINGLE_THREADED    -O0 -g -Wall  -mno-hw-div -mhw-mul -mno-hw-mulx   -o obj/HAL/src/alt_exit.o HAL/src/alt_exit.c
Compiling alt_fcntl.c...
nios2-elf-gcc -xc -MP -MMD -c  -I./HAL/inc -I. -I./drivers/inc -pipe -D__hal__ -DALT_NO_INSTRUCTION_EMULATION -DALT_SINGLE_THREADED    -O0 -g -Wall  -mno-hw-div -mhw-mul -mno-hw-mulx   -o obj/HAL/src/alt_fcntl.o HAL/src/alt_fcntl.c
Compiling alt_fd_lock.c...
nios2-elf-gcc -xc -MP -MMD -c  -I./HAL/inc -I. -I./drivers/inc -pipe -D__hal__ -DALT_NO_INSTRUCTION_EMULATION -DALT_SINGLE_THREADED    -O0 -g -Wall  -mno-hw-div -mhw-mul -mno-hw-mulx   -o obj/HAL/src/alt_fd_lock.o HAL/src/alt_fd_lock.c
Compiling alt_fd_unlock.c...
nios2-elf-gcc -xc -MP -MMD -c  -I./HAL/inc -I. -I./drivers/inc -pipe -D__hal__ -DALT_NO_INSTRUCTION_EMULATION -DALT_SINGLE_THREADED    -O0 -g -Wall  -mno-hw-div -mhw-mul -mno-hw-mulx   -o obj/HAL/src/alt_fd_unlock.o HAL/src/alt_fd_unlock.c
Compiling alt_find_dev.c...
nios2-elf-gcc -xc -MP -MMD -c  -I./HAL/inc -I. -I./drivers/inc -pipe -D__hal__ -DALT_NO_INSTRUCTION_EMULATION -DALT_SINGLE_THREADED    -O0 -g -Wall  -mno-hw-div -mhw-mul -mno-hw-mulx   -o obj/HAL/src/alt_find_dev.o HAL/src/alt_find_dev.c
Compiling alt_find_file.c...
nios2-elf-gcc -xc -MP -MMD -c  -I./HAL/inc -I. -I./drivers/inc -pipe -D__hal__ -DALT_NO_INSTRUCTION_EMULATION -DALT_SINGLE_THREADED    -O0 -g -Wall  -mno-hw-div -mhw-mul -mno-hw-mulx   -o obj/HAL/src/alt_find_file.o HAL/src/alt_find_file.c
Compiling alt_flash_dev.c...
nios2-elf-gcc -xc -MP -MMD -c  -I./HAL/inc -I. -I./drivers/inc -pipe -D__hal__ -DALT_NO_INSTRUCTION_EMULATION -DALT_SINGLE_THREADED    -O0 -g -Wall  -mno-hw-div -mhw-mul -mno-hw-mulx   -o obj/HAL/src/alt_flash_dev.o HAL/src/alt_flash_dev.c
Compiling alt_fs_reg.c...
nios2-elf-gcc -xc -MP -MMD -c  -I./HAL/inc -I. -I./drivers/inc -pipe -D__hal__ -DALT_NO_INSTRUCTION_EMULATION -DALT_SINGLE_THREADED    -O0 -g -Wall  -mno-hw-div -mhw-mul -mno-hw-mulx   -o obj/HAL/src/alt_fs_reg.o HAL/src/alt_fs_reg.c
Compiling alt_fstat.c...
nios2-elf-gcc -xc -MP -MMD -c  -I./HAL/inc -I. -I./drivers/inc -pipe -D__hal__ -DALT_NO_INSTRUCTION_EMULATION -DALT_SINGLE_THREADED    -O0 -g -Wall  -mno-hw-div -mhw-mul -mno-hw-mulx   -o obj/HAL/src/alt_fstat.o HAL/src/alt_fstat.c
Compiling alt_get_fd.c...
nios2-elf-gcc -xc -MP -MMD -c  -I./HAL/inc -I. -I./drivers/inc -pipe -D__hal__ -DALT_NO_INSTRUCTION_EMULATION -DALT_SINGLE_THREADED    -O0 -g -Wall  -mno-hw-div -mhw-mul -mno-hw-mulx   -o obj/HAL/src/alt_get_fd.o HAL/src/alt_get_fd.c
Compiling alt_gmon.c...
nios2-elf-gcc -xc -MP -MMD -c  -I./HAL/inc -I. -I./drivers/inc -pipe -D__hal__ -DALT_NO_INSTRUCTION_EMULATION -DALT_SINGLE_THREADED    -O0 -g -Wall  -mno-hw-div -mhw-mul -mno-hw-mulx   -o obj/HAL/src/alt_gmon.o HAL/src/alt_gmon.c
Compiling alt_icache_flush.c...
nios2-elf-gcc -xc -MP -MMD -c  -I./HAL/inc -I. -I./drivers/inc -pipe -D__hal__ -DALT_NO_INSTRUCTION_EMULATION -DALT_SINGLE_THREADED    -O0 -g -Wall  -mno-hw-div -mhw-mul -mno-hw-mulx   -o obj/HAL/src/alt_icache_flush.o HAL/src/alt_icache_flush.c
Compiling alt_icache_flush_all.c...
nios2-elf-gcc -xc -MP -MMD -c  -I./HAL/inc -I. -I./drivers/inc -pipe -D__hal__ -DALT_NO_INSTRUCTION_EMULATION -DALT_SINGLE_THREADED    -O0 -g -Wall  -mno-hw-div -mhw-mul -mno-hw-mulx   -o obj/HAL/src/alt_icache_flush_all.o HAL/src/alt_icache_flush_all.c
Compiling alt_iic.c...
nios2-elf-gcc -xc -MP -MMD -c  -I./HAL/inc -I. -I./drivers/inc -pipe -D__hal__ -DALT_NO_INSTRUCTION_EMULATION -DALT_SINGLE_THREADED    -O0 -g -Wall  -mno-hw-div -mhw-mul -mno-hw-mulx   -o obj/HAL/src/alt_iic.o HAL/src/alt_iic.c
Compiling alt_iic_isr_register.c...
nios2-elf-gcc -xc -MP -MMD -c  -I./HAL/inc -I. -I./drivers/inc -pipe -D__hal__ -DALT_NO_INSTRUCTION_EMULATION -DALT_SINGLE_THREADED    -O0 -g -Wall  -mno-hw-div -mhw-mul -mno-hw-mulx   -o obj/HAL/src/alt_iic_isr_register.o HAL/src/alt_iic_isr_register.c
Compiling alt_instruction_exception_entry.c...
nios2-elf-gcc -xc -MP -MMD -c  -I./HAL/inc -I. -I./drivers/inc -pipe -D__hal__ -DALT_NO_INSTRUCTION_EMULATION -DALT_SINGLE_THREADED    -O0 -g -Wall  -mno-hw-div -mhw-mul -mno-hw-mulx   -o obj/HAL/src/alt_instruction_exception_entry.o HAL/src/alt_instruction_exception_entry.c
Compiling alt_instruction_exception_register.c...
nios2-elf-gcc -xc -MP -MMD -c  -I./HAL/inc -I. -I./drivers/inc -pipe -D__hal__ -DALT_NO_INSTRUCTION_EMULATION -DALT_SINGLE_THREADED    -O0 -g -Wall  -mno-hw-div -mhw-mul -mno-hw-mulx   -o obj/HAL/src/alt_instruction_exception_register.o HAL/src/alt_instruction_exception_register.c
Compiling alt_io_redirect.c...
nios2-elf-gcc -xc -MP -MMD -c  -I./HAL/inc -I. -I./drivers/inc -pipe -D__hal__ -DALT_NO_INSTRUCTION_EMULATION -DALT_SINGLE_THREADED    -O0 -g -Wall  -mno-hw-div -mhw-mul -mno-hw-mulx   -o obj/HAL/src/alt_io_redirect.o HAL/src/alt_io_redirect.c
Compiling alt_ioctl.c...
nios2-elf-gcc -xc -MP -MMD -c  -I./HAL/inc -I. -I./drivers/inc -pipe -D__hal__ -DALT_NO_INSTRUCTION_EMULATION -DALT_SINGLE_THREADED    -O0 -g -Wall  -mno-hw-div -mhw-mul -mno-hw-mulx   -o obj/HAL/src/alt_ioctl.o HAL/src/alt_ioctl.c
Compiling alt_irq_entry.S...
nios2-elf-gcc -MP -MMD -c   -O0 -g -Wall  -mno-hw-div -mhw-mul -mno-hw-mulx    -I./HAL/inc -I. -I./drivers/inc -pipe -D__hal__ -DALT_NO_INSTRUCTION_EMULATION -DALT_SINGLE_THREADED  -Wa,-gdwarf2  -o obj/HAL/src/alt_irq_entry.o HAL/src/alt_irq_entry.S
Compiling alt_irq_handler.c...
nios2-elf-gcc -xc -MP -MMD -c  -I./HAL/inc -I. -I./drivers/inc -pipe -D__hal__ -DALT_NO_INSTRUCTION_EMULATION -DALT_SINGLE_THREADED    -O0 -g -Wall  -mno-hw-div -mhw-mul -mno-hw-mulx   -o obj/HAL/src/alt_irq_handler.o HAL/src/alt_irq_handler.c
Compiling alt_irq_register.c...
nios2-elf-gcc -xc -MP -MMD -c  -I./HAL/inc -I. -I./drivers/inc -pipe -D__hal__ -DALT_NO_INSTRUCTION_EMULATION -DALT_SINGLE_THREADED    -O0 -g -Wall  -mno-hw-div -mhw-mul -mno-hw-mulx   -o obj/HAL/src/alt_irq_register.o HAL/src/alt_irq_register.c
Compiling alt_irq_vars.c...
nios2-elf-gcc -xc -MP -MMD -c  -I./HAL/inc -I. -I./drivers/inc -pipe -D__hal__ -DALT_NO_INSTRUCTION_EMULATION -DALT_SINGLE_THREADED    -O0 -g -Wall  -mno-hw-div -mhw-mul -mno-hw-mulx   -o obj/HAL/src/alt_irq_vars.o HAL/src/alt_irq_vars.c
Compiling alt_isatty.c...
nios2-elf-gcc -xc -MP -MMD -c  -I./HAL/inc -I. -I./drivers/inc -pipe -D__hal__ -DALT_NO_INSTRUCTION_EMULATION -DALT_SINGLE_THREADED    -O0 -g -Wall  -mno-hw-div -mhw-mul -mno-hw-mulx   -o obj/HAL/src/alt_isatty.o HAL/src/alt_isatty.c
Compiling alt_lseek.c...
nios2-elf-gcc -xc -MP -MMD -c  -I./HAL/inc -I. -I./drivers/inc -pipe -D__hal__ -DALT_NO_INSTRUCTION_EMULATION -DALT_SINGLE_THREADED    -O0 -g -Wall  -mno-hw-div -mhw-mul -mno-hw-mulx   -o obj/HAL/src/alt_lseek.o HAL/src/alt_lseek.c
Compiling alt_main.c...
nios2-elf-gcc -xc -MP -MMD -c  -I./HAL/inc -I. -I./drivers/inc -pipe -D__hal__ -DALT_NO_INSTRUCTION_EMULATION -DALT_SINGLE_THREADED    -O0 -g -Wall  -mno-hw-div -mhw-mul -mno-hw-mulx   -o obj/HAL/src/alt_main.o HAL/src/alt_main.c
Compiling alt_open.c...
nios2-elf-gcc -xc -MP -MMD -c  -I./HAL/inc -I. -I./drivers/inc -pipe -D__hal__ -DALT_NO_INSTRUCTION_EMULATION -DALT_SINGLE_THREADED    -O0 -g -Wall  -mno-hw-div -mhw-mul -mno-hw-mulx   -o obj/HAL/src/alt_open.o HAL/src/alt_open.c
Compiling alt_read.c...
nios2-elf-gcc -xc -MP -MMD -c  -I./HAL/inc -I. -I./drivers/inc -pipe -D__hal__ -DALT_NO_INSTRUCTION_EMULATION -DALT_SINGLE_THREADED    -O0 -g -Wall  -mno-hw-div -mhw-mul -mno-hw-mulx   -o obj/HAL/src/alt_read.o HAL/src/alt_read.c
Compiling alt_release_fd.c...
nios2-elf-gcc -xc -MP -MMD -c  -I./HAL/inc -I. -I./drivers/inc -pipe -D__hal__ -DALT_NO_INSTRUCTION_EMULATION -DALT_SINGLE_THREADED    -O0 -g -Wall  -mno-hw-div -mhw-mul -mno-hw-mulx   -o obj/HAL/src/alt_release_fd.o HAL/src/alt_release_fd.c
Compiling alt_remap_cached.c...
nios2-elf-gcc -xc -MP -MMD -c  -I./HAL/inc -I. -I./drivers/inc -pipe -D__hal__ -DALT_NO_INSTRUCTION_EMULATION -DALT_SINGLE_THREADED    -O0 -g -Wall  -mno-hw-div -mhw-mul -mno-hw-mulx   -o obj/HAL/src/alt_remap_cached.o HAL/src/alt_remap_cached.c
Compiling alt_remap_uncached.c...
nios2-elf-gcc -xc -MP -MMD -c  -I./HAL/inc -I. -I./drivers/inc -pipe -D__hal__ -DALT_NO_INSTRUCTION_EMULATION -DALT_SINGLE_THREADED    -O0 -g -Wall  -mno-hw-div -mhw-mul -mno-hw-mulx   -o obj/HAL/src/alt_remap_uncached.o HAL/src/alt_remap_uncached.c
Compiling alt_sbrk.c...
nios2-elf-gcc -xc -MP -MMD -c  -I./HAL/inc -I. -I./drivers/inc -pipe -D__hal__ -DALT_NO_INSTRUCTION_EMULATION -DALT_SINGLE_THREADED    -O0 -g -Wall  -mno-hw-div -mhw-mul -mno-hw-mulx   -o obj/HAL/src/alt_sbrk.o HAL/src/alt_sbrk.c
Compiling alt_software_exception.S...
nios2-elf-gcc -MP -MMD -c   -O0 -g -Wall  -mno-hw-div -mhw-mul -mno-hw-mulx    -I./HAL/inc -I. -I./drivers/inc -pipe -D__hal__ -DALT_NO_INSTRUCTION_EMULATION -DALT_SINGLE_THREADED  -Wa,-gdwarf2  -o obj/HAL/src/alt_software_exception.o HAL/src/alt_software_exception.S
Compiling alt_tick.c...
nios2-elf-gcc -xc -MP -MMD -c  -I./HAL/inc -I. -I./drivers/inc -pipe -D__hal__ -DALT_NO_INSTRUCTION_EMULATION -DALT_SINGLE_THREADED    -O0 -g -Wall  -mno-hw-div -mhw-mul -mno-hw-mulx   -o obj/HAL/src/alt_tick.o HAL/src/alt_tick.c
Compiling alt_uncached_free.c...
nios2-elf-gcc -xc -MP -MMD -c  -I./HAL/inc -I. -I./drivers/inc -pipe -D__hal__ -DALT_NO_INSTRUCTION_EMULATION -DALT_SINGLE_THREADED    -O0 -g -Wall  -mno-hw-div -mhw-mul -mno-hw-mulx   -o obj/HAL/src/alt_uncached_free.o HAL/src/alt_uncached_free.c
Compiling alt_uncached_malloc.c...
nios2-elf-gcc -xc -MP -MMD -c  -I./HAL/inc -I. -I./drivers/inc -pipe -D__hal__ -DALT_NO_INSTRUCTION_EMULATION -DALT_SINGLE_THREADED    -O0 -g -Wall  -mno-hw-div -mhw-mul -mno-hw-mulx   -o obj/HAL/src/alt_uncached_malloc.o HAL/src/alt_uncached_malloc.c
Compiling alt_write.c...
nios2-elf-gcc -xc -MP -MMD -c  -I./HAL/inc -I. -I./drivers/inc -pipe -D__hal__ -DALT_NO_INSTRUCTION_EMULATION -DALT_SINGLE_THREADED    -O0 -g -Wall  -mno-hw-div -mhw-mul -mno-hw-mulx   -o obj/HAL/src/alt_write.o HAL/src/alt_write.c
Compiling altera_nios2_gen2_irq.c...
nios2-elf-gcc -xc -MP -MMD -c  -I./HAL/inc -I. -I./drivers/inc -pipe -D__hal__ -DALT_NO_INSTRUCTION_EMULATION -DALT_SINGLE_THREADED    -O0 -g -Wall  -mno-hw-div -mhw-mul -mno-hw-mulx   -o obj/HAL/src/altera_nios2_gen2_irq.o HAL/src/altera_nios2_gen2_irq.c
Compiling crt0.S...
nios2-elf-gcc -MP -MMD -c   -O0 -g -Wall  -mno-hw-div -mhw-mul -mno-hw-mulx    -I./HAL/inc -I. -I./drivers/inc -pipe -D__hal__ -DALT_NO_INSTRUCTION_EMULATION -DALT_SINGLE_THREADED  -Wa,-gdwarf2  -o obj/HAL/src/crt0.o HAL/src/crt0.S
Compiling alt_sys_init.c...
nios2-elf-gcc -xc -MP -MMD -c  -I./HAL/inc -I. -I./drivers/inc -pipe -D__hal__ -DALT_NO_INSTRUCTION_EMULATION -DALT_SINGLE_THREADED    -O0 -g -Wall  -mno-hw-div -mhw-mul -mno-hw-mulx   -o obj/alt_sys_init.o alt_sys_init.c
Compiling Altera_UP_SD_Card_Avalon_Interface.c...
nios2-elf-gcc -xc -MP -MMD -c  -I./HAL/inc -I. -I./drivers/inc -pipe -D__hal__ -DALT_NO_INSTRUCTION_EMULATION -DALT_SINGLE_THREADED    -O0 -g -Wall  -mno-hw-div -mhw-mul -mno-hw-mulx   -o obj/drivers/src/Altera_UP_SD_Card_Avalon_Interface.o drivers/src/Altera_UP_SD_Card_Avalon_Interface.c
Compiling altera_avalon_jtag_uart_fd.c...
nios2-elf-gcc -xc -MP -MMD -c  -I./HAL/inc -I. -I./drivers/inc -pipe -D__hal__ -DALT_NO_INSTRUCTION_EMULATION -DALT_SINGLE_THREADED    -O0 -g -Wall  -mno-hw-div -mhw-mul -mno-hw-mulx   -o obj/drivers/src/altera_avalon_jtag_uart_fd.o drivers/src/altera_avalon_jtag_uart_fd.c
Compiling altera_avalon_jtag_uart_init.c...
nios2-elf-gcc -xc -MP -MMD -c  -I./HAL/inc -I. -I./drivers/inc -pipe -D__hal__ -DALT_NO_INSTRUCTION_EMULATION -DALT_SINGLE_THREADED    -O0 -g -Wall  -mno-hw-div -mhw-mul -mno-hw-mulx   -o obj/drivers/src/altera_avalon_jtag_uart_init.o drivers/src/altera_avalon_jtag_uart_init.c
Compiling altera_avalon_jtag_uart_ioctl.c...
nios2-elf-gcc -xc -MP -MMD -c  -I./HAL/inc -I. -I./drivers/inc -pipe -D__hal__ -DALT_NO_INSTRUCTION_EMULATION -DALT_SINGLE_THREADED    -O0 -g -Wall  -mno-hw-div -mhw-mul -mno-hw-mulx   -o obj/drivers/src/altera_avalon_jtag_uart_ioctl.o drivers/src/altera_avalon_jtag_uart_ioctl.c
Compiling altera_avalon_jtag_uart_read.c...
nios2-elf-gcc -xc -MP -MMD -c  -I./HAL/inc -I. -I./drivers/inc -pipe -D__hal__ -DALT_NO_INSTRUCTION_EMULATION -DALT_SINGLE_THREADED    -O0 -g -Wall  -mno-hw-div -mhw-mul -mno-hw-mulx   -o obj/drivers/src/altera_avalon_jtag_uart_read.o drivers/src/altera_avalon_jtag_uart_read.c
Compiling altera_avalon_jtag_uart_write.c...
nios2-elf-gcc -xc -MP -MMD -c  -I./HAL/inc -I. -I./drivers/inc -pipe -D__hal__ -DALT_NO_INSTRUCTION_EMULATION -DALT_SINGLE_THREADED    -O0 -g -Wall  -mno-hw-div -mhw-mul -mno-hw-mulx   -o obj/drivers/src/altera_avalon_jtag_uart_write.o drivers/src/altera_avalon_jtag_uart_write.c
Compiling altera_avalon_sysid_qsys.c...
nios2-elf-gcc -xc -MP -MMD -c  -I./HAL/inc -I. -I./drivers/inc -pipe -D__hal__ -DALT_NO_INSTRUCTION_EMULATION -DALT_SINGLE_THREADED    -O0 -g -Wall  -mno-hw-div -mhw-mul -mno-hw-mulx   -o obj/drivers/src/altera_avalon_sysid_qsys.o drivers/src/altera_avalon_sysid_qsys.c
Compiling altera_avalon_timer_sc.c...
nios2-elf-gcc -xc -MP -MMD -c  -I./HAL/inc -I. -I./drivers/inc -pipe -D__hal__ -DALT_NO_INSTRUCTION_EMULATION -DALT_SINGLE_THREADED    -O0 -g -Wall  -mno-hw-div -mhw-mul -mno-hw-mulx   -o obj/drivers/src/altera_avalon_timer_sc.o drivers/src/altera_avalon_timer_sc.c
Compiling altera_avalon_timer_ts.c...
nios2-elf-gcc -xc -MP -MMD -c  -I./HAL/inc -I. -I./drivers/inc -pipe -D__hal__ -DALT_NO_INSTRUCTION_EMULATION -DALT_SINGLE_THREADED    -O0 -g -Wall  -mno-hw-div -mhw-mul -mno-hw-mulx   -o obj/drivers/src/altera_avalon_timer_ts.o drivers/src/altera_avalon_timer_ts.c
Compiling altera_avalon_timer_vars.c...
nios2-elf-gcc -xc -MP -MMD -c  -I./HAL/inc -I. -I./drivers/inc -pipe -D__hal__ -DALT_NO_INSTRUCTION_EMULATION -DALT_SINGLE_THREADED    -O0 -g -Wall  -mno-hw-div -mhw-mul -mno-hw-mulx   -o obj/drivers/src/altera_avalon_timer_vars.o drivers/src/altera_avalon_timer_vars.c
Creating libhal_bsp.a...
rm -f -f libhal_bsp.a
nios2-elf-ar -src libhal_bsp.a obj/HAL/src/alt_alarm_start.o obj/HAL/src/alt_busy_sleep.o obj/HAL/src/alt_close.o obj/HAL/src/alt_dcache_flush.o obj/HAL/src/alt_dcache_flush_all.o obj/HAL/src/alt_dcache_flush_no_writeback.o obj/HAL/src/alt_dev.o obj/HAL/src/alt_dev_llist_insert.o obj/HAL/src/alt_dma_rxchan_open.o obj/HAL/src/alt_dma_txchan_open.o obj/HAL/src/alt_do_ctors.o obj/HAL/src/alt_do_dtors.o obj/HAL/src/alt_ecc_fatal_entry.o obj/HAL/src/alt_ecc_fatal_exception.o obj/HAL/src/alt_env_lock.o obj/HAL/src/alt_environ.o obj/HAL/src/alt_errno.o obj/HAL/src/alt_exception_entry.o obj/HAL/src/alt_exception_muldiv.o obj/HAL/src/alt_exception_trap.o obj/HAL/src/alt_execve.o obj/HAL/src/alt_exit.o obj/HAL/src/alt_fcntl.o obj/HAL/src/alt_fd_lock.o obj/HAL/src/alt_fd_unlock.o obj/HAL/src/alt_find_dev.o obj/HAL/src/alt_find_file.o obj/HAL/src/alt_flash_dev.o obj/HAL/src/alt_fork.o obj/HAL/src/alt_fs_reg.o obj/HAL/src/alt_fstat.o obj/HAL/src/alt_get_fd.o obj/HAL/src/alt_getchar.o obj/HAL/src/alt_getpid.o obj/HAL/src/alt_gettod.o obj/HAL/src/alt_gmon.o obj/HAL/src/alt_icache_flush.o obj/HAL/src/alt_icache_flush_all.o obj/HAL/src/alt_iic.o obj/HAL/src/alt_iic_isr_register.o obj/HAL/src/alt_instruction_exception_entry.o obj/HAL/src/alt_instruction_exception_register.o obj/HAL/src/alt_io_redirect.o obj/HAL/src/alt_ioctl.o obj/HAL/src/alt_irq_entry.o obj/HAL/src/alt_irq_handler.o obj/HAL/src/alt_irq_register.o obj/HAL/src/alt_irq_vars.o obj/HAL/src/alt_isatty.o obj/HAL/src/alt_kill.o obj/HAL/src/alt_link.o obj/HAL/src/alt_load.o obj/HAL/src/alt_log_macro.o obj/HAL/src/alt_log_printf.o obj/HAL/src/alt_lseek.o obj/HAL/src/alt_main.o obj/HAL/src/alt_malloc_lock.o obj/HAL/src/alt_mcount.o obj/HAL/src/alt_open.o obj/HAL/src/alt_printf.o obj/HAL/src/alt_putchar.o obj/HAL/src/alt_putcharbuf.o obj/HAL/src/alt_putstr.o obj/HAL/src/alt_read.o obj/HAL/src/alt_release_fd.o obj/HAL/src/alt_remap_cached.o obj/HAL/src/alt_remap_uncached.o obj/HAL/src/alt_rename.o obj/HAL/src/alt_sbrk.o obj/HAL/src/alt_settod.o obj/HAL/src/alt_software_exception.o obj/HAL/src/alt_stat.o obj/HAL/src/alt_tick.o obj/HAL/src/alt_times.o obj/HAL/src/alt_uncached_free.o obj/HAL/src/alt_uncached_malloc.o obj/HAL/src/alt_unlink.o obj/HAL/src/alt_usleep.o obj/HAL/src/alt_wait.o obj/HAL/src/alt_write.o obj/HAL/src/altera_nios2_gen2_irq.o obj/HAL/src/crt0.o obj/alt_sys_init.o obj/drivers/src/Altera_UP_SD_Card_Avalon_Interface.o obj/drivers/src/altera_avalon_jtag_uart_fd.o obj/drivers/src/altera_avalon_jtag_uart_init.o obj/drivers/src/altera_avalon_jtag_uart_ioctl.o obj/drivers/src/altera_avalon_jtag_uart_read.o obj/drivers/src/altera_avalon_jtag_uart_write.o obj/drivers/src/altera_avalon_sysid_qsys.o obj/drivers/src/altera_avalon_timer_sc.o obj/drivers/src/altera_avalon_timer_ts.o obj/drivers/src/altera_avalon_timer_vars.o
[BSP build complete]
Info: Compiling main.c to obj/default/main.o
nios2-elf-gcc -xc -MP -MMD -c -I../SDCard_SDRam_bsp//HAL/inc -I../SDCard_SDRam_bsp/ -I../SDCard_SDRam_bsp//drivers/inc  -pipe -D__hal__ -DALT_NO_INSTRUCTION_EMULATION -DALT_SINGLE_THREADED    -O0 -g -Wall   -mno-hw-div -mhw-mul -mno-hw-mulx  -o obj/default/main.o main.c
main.c: In function 'File_Read_Into_List':
main.c:91:2: warning: implicit declaration of function 'malloc' [-Wimplicit-function-declaration]
  char *list = malloc(len * sizeof(char));
  ^
main.c:91:15: warning: incompatible implicit declaration of built-in function 'malloc'
  char *list = malloc(len * sizeof(char));
               ^
Info: Linking SDCard_SDRam.elf
nios2-elf-g++  -T'../SDCard_SDRam_bsp//linker.x' -msys-crt0='../SDCard_SDRam_bsp//obj/HAL/src/crt0.o' -msys-lib=hal_bsp -L../SDCard_SDRam_bsp/   -Wl,-Map=SDCard_SDRam.map   -O0 -g -Wall   -mno-hw-div -mhw-mul -mno-hw-mulx  -o SDCard_SDRam.elf obj/default/main.o -lm -msys-lib=m
nios2-elf-insert SDCard_SDRam.elf --thread_model hal --cpu_name nios2_gen2 --qsys true --simulation_enabled false --id 0 --sidp 0x10001438 --timestamp 1508998657 --stderr_dev jtag_uart --stdin_dev jtag_uart --stdout_dev jtag_uart --sopc_system_name Qsys_system --quartus_project_dir "C:/Users/M10512001/Desktop/DE2-115/SDCard_SDRam" --jdi ../..//output_files/SDCard_SDRam.jdi --sopcinfo C:/Users/M10512001/Desktop/DE2-115/SDCard_SDRam/software/SDCard_SDRam_bsp/../../Qsys_system.sopcinfo
Info: (SDCard_SDRam.elf) 122 KBytes program size (code + initialized data).
Info:                    130942 KBytes free for stack + heap.
Info: Creating SDCard_SDRam.objdump
nios2-elf-objdump --disassemble --syms --all-header --source SDCard_SDRam.elf >SDCard_SDRam.objdump
[SDCard_SDRam build complete]
14:22:38 **** Incremental Build of configuration Nios II for project SDCard_SDRam_bsp ****
make all 
[BSP build complete]
14:22:45 **** Incremental Build of configuration Nios II for project SDCard_SDRam ****
make all 
Info: Building ../SDCard_SDRam_bsp/
C:/altera/15.1/nios2eds/bin/gnu/H-x86_64-mingw32/bin/make --no-print-directory -C ../SDCard_SDRam_bsp/
[BSP build complete]
[SDCard_SDRam build complete]
14:25:40 **** Incremental Build of configuration Nios II for project SDCard_SDRam ****
make all 
Info: Building ../SDCard_SDRam_bsp/
C:/altera/15.1/nios2eds/bin/gnu/H-x86_64-mingw32/bin/make --no-print-directory -C ../SDCard_SDRam_bsp/
[BSP build complete]
[SDCard_SDRam build complete]
14:25:41 **** Incremental Build of configuration Nios II for project SDCard_SDRam_bsp ****
make all 
[BSP build complete]
21:46:44 **** Incremental Build of configuration Nios II for project SDCard_SDRam ****
make all 
Info: Building ../SDCard_SDRam_bsp/
C:/altera/15.1/nios2eds/bin/gnu/H-x86_64-mingw32/bin/make --no-print-directory -C ../SDCard_SDRam_bsp/
[BSP build complete]
Info: Compiling main.c to obj/default/main.o
nios2-elf-gcc -xc -MP -MMD -c -I../SDCard_SDRam_bsp//HAL/inc -I../SDCard_SDRam_bsp/ -I../SDCard_SDRam_bsp//drivers/inc  -pipe -D__hal__ -DALT_NO_INSTRUCTION_EMULATION -DALT_SINGLE_THREADED    -O0 -g -Wall   -mno-hw-div -mhw-mul -mno-hw-mulx  -o obj/default/main.o main.c
main.c: In function 'main':
main.c:36:6: warning: implicit declaration of function 'free' [-Wimplicit-function-declaration]
      free(list);
      ^
main.c:36:6: warning: incompatible implicit declaration of built-in function 'free'
main.c: In function 'List_SD_Card_Files':
main.c:64:61: warning: pointer targets in passing argument 2 of 'alt_up_sd_card_find_first' differ in signedness [-Wpointer-sign]
  alt_16 first_file_result = alt_up_sd_card_find_first("/.", root_filename);
                                                             ^
In file included from main.c:10:0:
../SDCard_SDRam_bsp//drivers/inc/Altera_UP_SD_Card_Avalon_Interface.h:60:11: note: expected 'char *' but argument is of type 'alt_8 *'
 short int alt_up_sd_card_find_first(char *directory_to_search_through, char *file_name);
           ^
main.c:67:34: warning: pointer targets in passing argument 1 of 'alt_up_sd_card_find_next' differ in signedness [-Wpointer-sign]
   while(alt_up_sd_card_find_next(root_filename) != -1)
                                  ^
In file included from main.c:10:0:
../SDCard_SDRam_bsp//drivers/inc/Altera_UP_SD_Card_Avalon_Interface.h:86:11: note: expected 'char *' but argument is of type 'alt_8 *'
 short int alt_up_sd_card_find_next(char *file_name);
           ^
main.c: In function 'Get_File_Len':
main.c:81:34: warning: pointer targets in passing argument 1 of 'alt_up_sd_card_fopen' differ in signedness [-Wpointer-sign]
  sd_fileh = alt_up_sd_card_fopen(filename, false);
                                  ^
In file included from main.c:10:0:
../SDCard_SDRam_bsp//drivers/inc/Altera_UP_SD_Card_Avalon_Interface.h:48:11: note: expected 'char *' but argument is of type 'alt_u8 *'
 short int alt_up_sd_card_fopen(char *name, bool create);
           ^
main.c:90:2: warning: format '%d' expects argument of type 'int', but argument 3 has type 'alt_32' [-Wformat=]
  printf("Info: %s is %d bytes.\n", filename, count);
  ^
main.c:90:2: warning: format '%d' expects argument of type 'int', but argument 3 has type 'alt_32' [-Wformat=]
main.c: In function 'File_Read_Into_List':
main.c:98:2: warning: implicit declaration of function 'malloc' [-Wimplicit-function-declaration]
  alt_u8 *list = malloc(len * sizeof(alt_u8));
  ^
main.c:98:17: warning: incompatible implicit declaration of built-in function 'malloc'
  alt_u8 *list = malloc(len * sizeof(alt_u8));
                 ^
main.c:102:35: warning: pointer targets in passing argument 1 of 'alt_up_sd_card_fopen' differ in signedness [-Wpointer-sign]
   sd_fileh = alt_up_sd_card_fopen(filename, false);
                                   ^
In file included from main.c:10:0:
../SDCard_SDRam_bsp//drivers/inc/Altera_UP_SD_Card_Avalon_Interface.h:48:11: note: expected 'char *' but argument is of type 'alt_u8 *'
 short int alt_up_sd_card_fopen(char *name, bool create);
           ^
Info: Linking SDCard_SDRam.elf
nios2-elf-g++  -T'../SDCard_SDRam_bsp//linker.x' -msys-crt0='../SDCard_SDRam_bsp//obj/HAL/src/crt0.o' -msys-lib=hal_bsp -L../SDCard_SDRam_bsp/   -Wl,-Map=SDCard_SDRam.map   -O0 -g -Wall   -mno-hw-div -mhw-mul -mno-hw-mulx  -o SDCard_SDRam.elf obj/default/main.o -lm -msys-lib=m
obj/default/main.o: In function `main':
C:\Users\M10512001\Desktop\DE2-115\SDCard_SDRam\software\SDCard_SDRam/main.c:34: undefined reference to `Display_On_VGA'
collect2.exe: error: ld returned 1 exit status
make: *** [SDCard_SDRam.elf] Error 1
21:46:45 **** Incremental Build of configuration Nios II for project SDCard_SDRam_bsp ****
make all 
[BSP build complete]
21:46:54 **** Incremental Build of configuration Nios II for project SDCard_SDRam ****
make all 
Info: Building ../SDCard_SDRam_bsp/
C:/altera/15.1/nios2eds/bin/gnu/H-x86_64-mingw32/bin/make --no-print-directory -C ../SDCard_SDRam_bsp/
[BSP build complete]
Info: Compiling main.c to obj/default/main.o
nios2-elf-gcc -xc -MP -MMD -c -I../SDCard_SDRam_bsp//HAL/inc -I../SDCard_SDRam_bsp/ -I../SDCard_SDRam_bsp//drivers/inc  -pipe -D__hal__ -DALT_NO_INSTRUCTION_EMULATION -DALT_SINGLE_THREADED    -O0 -g -Wall   -mno-hw-div -mhw-mul -mno-hw-mulx  -o obj/default/main.o main.c
main.c: In function 'main':
main.c:35:6: warning: implicit declaration of function 'free' [-Wimplicit-function-declaration]
      free(list);
      ^
main.c:35:6: warning: incompatible implicit declaration of built-in function 'free'
main.c: In function 'List_SD_Card_Files':
main.c:63:61: warning: pointer targets in passing argument 2 of 'alt_up_sd_card_find_first' differ in signedness [-Wpointer-sign]
  alt_16 first_file_result = alt_up_sd_card_find_first("/.", root_filename);
                                                             ^
In file included from main.c:10:0:
../SDCard_SDRam_bsp//drivers/inc/Altera_UP_SD_Card_Avalon_Interface.h:60:11: note: expected 'char *' but argument is of type 'alt_8 *'
 short int alt_up_sd_card_find_first(char *directory_to_search_through, char *file_name);
           ^
main.c:66:34: warning: pointer targets in passing argument 1 of 'alt_up_sd_card_find_next' differ in signedness [-Wpointer-sign]
   while(alt_up_sd_card_find_next(root_filename) != -1)
                                  ^
In file included from main.c:10:0:
../SDCard_SDRam_bsp//drivers/inc/Altera_UP_SD_Card_Avalon_Interface.h:86:11: note: expected 'char *' but argument is of type 'alt_8 *'
 short int alt_up_sd_card_find_next(char *file_name);
           ^
main.c: In function 'Get_File_Len':
main.c:80:34: warning: pointer targets in passing argument 1 of 'alt_up_sd_card_fopen' differ in signedness [-Wpointer-sign]
  sd_fileh = alt_up_sd_card_fopen(filename, false);
                                  ^
In file included from main.c:10:0:
../SDCard_SDRam_bsp//drivers/inc/Altera_UP_SD_Card_Avalon_Interface.h:48:11: note: expected 'char *' but argument is of type 'alt_u8 *'
 short int alt_up_sd_card_fopen(char *name, bool create);
           ^
main.c:89:2: warning: format '%d' expects argument of type 'int', but argument 3 has type 'alt_32' [-Wformat=]
  printf("Info: %s is %d bytes.\n", filename, count);
  ^
main.c:89:2: warning: format '%d' expects argument of type 'int', but argument 3 has type 'alt_32' [-Wformat=]
main.c: In function 'File_Read_Into_List':
main.c:97:2: warning: implicit declaration of function 'malloc' [-Wimplicit-function-declaration]
  alt_u8 *list = malloc(len * sizeof(alt_u8));
  ^
main.c:97:17: warning: incompatible implicit declaration of built-in function 'malloc'
  alt_u8 *list = malloc(len * sizeof(alt_u8));
                 ^
main.c:101:35: warning: pointer targets in passing argument 1 of 'alt_up_sd_card_fopen' differ in signedness [-Wpointer-sign]
   sd_fileh = alt_up_sd_card_fopen(filename, false);
                                   ^
In file included from main.c:10:0:
../SDCard_SDRam_bsp//drivers/inc/Altera_UP_SD_Card_Avalon_Interface.h:48:11: note: expected 'char *' but argument is of type 'alt_u8 *'
 short int alt_up_sd_card_fopen(char *name, bool create);
           ^
Info: Linking SDCard_SDRam.elf
nios2-elf-g++  -T'../SDCard_SDRam_bsp//linker.x' -msys-crt0='../SDCard_SDRam_bsp//obj/HAL/src/crt0.o' -msys-lib=hal_bsp -L../SDCard_SDRam_bsp/   -Wl,-Map=SDCard_SDRam.map   -O0 -g -Wall   -mno-hw-div -mhw-mul -mno-hw-mulx  -o SDCard_SDRam.elf obj/default/main.o -lm -msys-lib=m
nios2-elf-insert SDCard_SDRam.elf --thread_model hal --cpu_name nios2_gen2 --qsys true --simulation_enabled false --id 0 --sidp 0x10001438 --timestamp 1508998657 --stderr_dev jtag_uart --stdin_dev jtag_uart --stdout_dev jtag_uart --sopc_system_name Qsys_system --quartus_project_dir "C:/Users/M10512001/Desktop/DE2-115/SDCard_SDRam" --jdi ../..//output_files/SDCard_SDRam.jdi --sopcinfo C:/Users/M10512001/Desktop/DE2-115/SDCard_SDRam/software/SDCard_SDRam_bsp/../../Qsys_system.sopcinfo
Info: (SDCard_SDRam.elf) 122 KBytes program size (code + initialized data).
Info:                    130942 KBytes free for stack + heap.
Info: Creating SDCard_SDRam.objdump
nios2-elf-objdump --disassemble --syms --all-header --source SDCard_SDRam.elf >SDCard_SDRam.objdump
[SDCard_SDRam build complete]
21:46:56 **** Incremental Build of configuration Nios II for project SDCard_SDRam_bsp ****
make all 
[BSP build complete]
15:34:56 **** Incremental Build of configuration Nios II for project SDCard_SDRam ****
make all 
Info: Building ../SDCard_SDRam_bsp/
C:/altera/15.1/nios2eds/bin/gnu/H-x86_64-mingw32/bin/make --no-print-directory -C ../SDCard_SDRam_bsp/
[BSP build complete]
Info: Compiling main.c to obj/default/main.o
nios2-elf-gcc -xc -MP -MMD -c -I../SDCard_SDRam_bsp//HAL/inc -I../SDCard_SDRam_bsp/ -I../SDCard_SDRam_bsp//drivers/inc  -pipe -D__hal__ -DALT_NO_INSTRUCTION_EMULATION -DALT_SINGLE_THREADED    -O0 -g -Wall   -mno-hw-div -mhw-mul -mno-hw-mulx  -o obj/default/main.o main.c
main.c: In function 'main':
main.c:35:6: warning: implicit declaration of function 'free' [-Wimplicit-function-declaration]
      free(list);
      ^
main.c:35:6: warning: incompatible implicit declaration of built-in function 'free'
main.c: In function 'List_SD_Card_Files':
main.c:63:61: warning: pointer targets in passing argument 2 of 'alt_up_sd_card_find_first' differ in signedness [-Wpointer-sign]
  alt_16 first_file_result = alt_up_sd_card_find_first("/.", root_filename);
                                                             ^
In file included from main.c:10:0:
../SDCard_SDRam_bsp//drivers/inc/Altera_UP_SD_Card_Avalon_Interface.h:60:11: note: expected 'char *' but argument is of type 'alt_8 *'
 short int alt_up_sd_card_find_first(char *directory_to_search_through, char *file_name);
           ^
main.c:66:34: warning: pointer targets in passing argument 1 of 'alt_up_sd_card_find_next' differ in signedness [-Wpointer-sign]
   while(alt_up_sd_card_find_next(root_filename) != -1)
                                  ^
In file included from main.c:10:0:
../SDCard_SDRam_bsp//drivers/inc/Altera_UP_SD_Card_Avalon_Interface.h:86:11: note: expected 'char *' but argument is of type 'alt_8 *'
 short int alt_up_sd_card_find_next(char *file_name);
           ^
main.c: In function 'Get_File_Len':
main.c:80:34: warning: pointer targets in passing argument 1 of 'alt_up_sd_card_fopen' differ in signedness [-Wpointer-sign]
  sd_fileh = alt_up_sd_card_fopen(filename, false);
                                  ^
In file included from main.c:10:0:
../SDCard_SDRam_bsp//drivers/inc/Altera_UP_SD_Card_Avalon_Interface.h:48:11: note: expected 'char *' but argument is of type 'alt_u8 *'
 short int alt_up_sd_card_fopen(char *name, bool create);
           ^
main.c:89:2: warning: format '%d' expects argument of type 'int', but argument 3 has type 'alt_32' [-Wformat=]
  printf("Info: %s is %d bytes.\n", filename, count);
  ^
main.c:89:2: warning: format '%d' expects argument of type 'int', but argument 3 has type 'alt_32' [-Wformat=]
main.c: In function 'File_Read_Into_List':
main.c:97:2: warning: implicit declaration of function 'malloc' [-Wimplicit-function-declaration]
  alt_u8 *list = malloc(len * sizeof(alt_u8));
  ^
main.c:97:17: warning: incompatible implicit declaration of built-in function 'malloc'
  alt_u8 *list = malloc(len * sizeof(alt_u8));
                 ^
main.c:101:35: warning: pointer targets in passing argument 1 of 'alt_up_sd_card_fopen' differ in signedness [-Wpointer-sign]
   sd_fileh = alt_up_sd_card_fopen(filename, false);
                                   ^
In file included from main.c:10:0:
../SDCard_SDRam_bsp//drivers/inc/Altera_UP_SD_Card_Avalon_Interface.h:48:11: note: expected 'char *' but argument is of type 'alt_u8 *'
 short int alt_up_sd_card_fopen(char *name, bool create);
           ^
Info: Linking SDCard_SDRam.elf
nios2-elf-g++  -T'../SDCard_SDRam_bsp//linker.x' -msys-crt0='../SDCard_SDRam_bsp//obj/HAL/src/crt0.o' -msys-lib=hal_bsp -L../SDCard_SDRam_bsp/   -Wl,-Map=SDCard_SDRam.map   -O0 -g -Wall   -mno-hw-div -mhw-mul -mno-hw-mulx  -o SDCard_SDRam.elf obj/default/main.o -lm -msys-lib=m
nios2-elf-insert SDCard_SDRam.elf --thread_model hal --cpu_name nios2_gen2 --qsys true --simulation_enabled false --id 0 --sidp 0x10001438 --timestamp 1508998657 --stderr_dev jtag_uart --stdin_dev jtag_uart --stdout_dev jtag_uart --sopc_system_name Qsys_system --quartus_project_dir "C:/Users/M10512001/Desktop/DE2-115/SDCard_SDRam" --jdi ../..//output_files/SDCard_SDRam.jdi --sopcinfo C:/Users/M10512001/Desktop/DE2-115/SDCard_SDRam/software/SDCard_SDRam_bsp/../../Qsys_system.sopcinfo
Info: (SDCard_SDRam.elf) 122 KBytes program size (code + initialized data).
Info:                    130942 KBytes free for stack + heap.
Info: Creating SDCard_SDRam.objdump
nios2-elf-objdump --disassemble --syms --all-header --source SDCard_SDRam.elf >SDCard_SDRam.objdump
[SDCard_SDRam build complete]
15:34:58 **** Incremental Build of configuration Nios II for project SDCard_SDRam_bsp ****
make all 
[BSP build complete]
17:59:44 **** Incremental Build of configuration Nios II for project SDCard_SDRam ****
make all 
Info: Building ../SDCard_SDRam_bsp/
C:/altera/15.1/nios2eds/bin/gnu/H-x86_64-mingw32/bin/make --no-print-directory -C ../SDCard_SDRam_bsp/
[BSP build complete]
Info: Compiling main.c to obj/default/main.o
nios2-elf-gcc -xc -MP -MMD -c -I../SDCard_SDRam_bsp//HAL/inc -I../SDCard_SDRam_bsp/ -I../SDCard_SDRam_bsp//drivers/inc  -pipe -D__hal__ -DALT_NO_INSTRUCTION_EMULATION -DALT_SINGLE_THREADED    -O0 -g -Wall   -mno-hw-div -mhw-mul -mno-hw-mulx  -o obj/default/main.o main.c
main.c: In function 'main':
main.c:34:6: warning: implicit declaration of function 'free' [-Wimplicit-function-declaration]
      free(list);
      ^
main.c:34:6: warning: incompatible implicit declaration of built-in function 'free'
main.c: In function 'List_SD_Card_Files':
main.c:62:61: warning: pointer targets in passing argument 2 of 'alt_up_sd_card_find_first' differ in signedness [-Wpointer-sign]
  alt_16 first_file_result = alt_up_sd_card_find_first("/.", root_filename);
                                                             ^
In file included from main.c:10:0:
../SDCard_SDRam_bsp//drivers/inc/Altera_UP_SD_Card_Avalon_Interface.h:60:11: note: expected 'char *' but argument is of type 'alt_8 *'
 short int alt_up_sd_card_find_first(char *directory_to_search_through, char *file_name);
           ^
main.c:65:34: warning: pointer targets in passing argument 1 of 'alt_up_sd_card_find_next' differ in signedness [-Wpointer-sign]
   while(alt_up_sd_card_find_next(root_filename) != -1)
                                  ^
In file included from main.c:10:0:
../SDCard_SDRam_bsp//drivers/inc/Altera_UP_SD_Card_Avalon_Interface.h:86:11: note: expected 'char *' but argument is of type 'alt_8 *'
 short int alt_up_sd_card_find_next(char *file_name);
           ^
main.c: In function 'Get_File_Len':
main.c:79:34: warning: pointer targets in passing argument 1 of 'alt_up_sd_card_fopen' differ in signedness [-Wpointer-sign]
  sd_fileh = alt_up_sd_card_fopen(filename, false);
                                  ^
In file included from main.c:10:0:
../SDCard_SDRam_bsp//drivers/inc/Altera_UP_SD_Card_Avalon_Interface.h:48:11: note: expected 'char *' but argument is of type 'alt_u8 *'
 short int alt_up_sd_card_fopen(char *name, bool create);
           ^
main.c:88:2: warning: format '%d' expects argument of type 'int', but argument 3 has type 'alt_32' [-Wformat=]
  printf("Info: %s is %d bytes.\n", filename, count);
  ^
main.c:88:2: warning: format '%d' expects argument of type 'int', but argument 3 has type 'alt_32' [-Wformat=]
main.c: In function 'File_Read_Into_List':
main.c:96:2: warning: implicit declaration of function 'malloc' [-Wimplicit-function-declaration]
  alt_u8 *list = malloc(len * sizeof(alt_u8));
  ^
main.c:96:17: warning: incompatible implicit declaration of built-in function 'malloc'
  alt_u8 *list = malloc(len * sizeof(alt_u8));
                 ^
main.c:100:35: warning: pointer targets in passing argument 1 of 'alt_up_sd_card_fopen' differ in signedness [-Wpointer-sign]
   sd_fileh = alt_up_sd_card_fopen(filename, false);
                                   ^
In file included from main.c:10:0:
../SDCard_SDRam_bsp//drivers/inc/Altera_UP_SD_Card_Avalon_Interface.h:48:11: note: expected 'char *' but argument is of type 'alt_u8 *'
 short int alt_up_sd_card_fopen(char *name, bool create);
           ^
Info: Linking SDCard_SDRam.elf
nios2-elf-g++  -T'../SDCard_SDRam_bsp//linker.x' -msys-crt0='../SDCard_SDRam_bsp//obj/HAL/src/crt0.o' -msys-lib=hal_bsp -L../SDCard_SDRam_bsp/   -Wl,-Map=SDCard_SDRam.map   -O0 -g -Wall   -mno-hw-div -mhw-mul -mno-hw-mulx  -o SDCard_SDRam.elf obj/default/main.o -lm -msys-lib=m
nios2-elf-insert SDCard_SDRam.elf --thread_model hal --cpu_name nios2_gen2 --qsys true --simulation_enabled false --id 0 --sidp 0x10001438 --timestamp 1508998657 --stderr_dev jtag_uart --stdin_dev jtag_uart --stdout_dev jtag_uart --sopc_system_name Qsys_system --quartus_project_dir "C:/Users/M10512001/Documents/GitHub/DE2-115/SDCard_SDRam" --jdi ../..//output_files/SDCard_SDRam.jdi --sopcinfo C:/Users/M10512001/Documents/GitHub/DE2-115/SDCard_SDRam/software/SDCard_SDRam_bsp/../../Qsys_system.sopcinfo
Info: (SDCard_SDRam.elf) 122 KBytes program size (code + initialized data).
Info:                    130942 KBytes free for stack + heap.
Info: Creating SDCard_SDRam.objdump
nios2-elf-objdump --disassemble --syms --all-header --source SDCard_SDRam.elf >SDCard_SDRam.objdump
[SDCard_SDRam build complete]
17:59:46 **** Incremental Build of configuration Nios II for project SDCard_SDRam_bsp ****
make all 
[BSP build complete]
17:59:55 **** Incremental Build of configuration Nios II for project SDCard_SDRam ****
make all 
Info: Building ../SDCard_SDRam_bsp/
C:/altera/15.1/nios2eds/bin/gnu/H-x86_64-mingw32/bin/make --no-print-directory -C ../SDCard_SDRam_bsp/
[BSP build complete]
[SDCard_SDRam build complete]
17:59:55 **** Incremental Build of configuration Nios II for project SDCard_SDRam_bsp ****
make all 
[BSP build complete]
18:05:29 **** Incremental Build of configuration Nios II for project SDCard_SDRam ****
make all 
Info: Building ../SDCard_SDRam_bsp/
C:/altera/15.1/nios2eds/bin/gnu/H-x86_64-mingw32/bin/make --no-print-directory -C ../SDCard_SDRam_bsp/
[BSP build complete]
Info: Compiling main.c to obj/default/main.o
nios2-elf-gcc -xc -MP -MMD -c -I../SDCard_SDRam_bsp//HAL/inc -I../SDCard_SDRam_bsp/ -I../SDCard_SDRam_bsp//drivers/inc  -pipe -D__hal__ -DALT_NO_INSTRUCTION_EMULATION -DALT_SINGLE_THREADED    -O0 -g -Wall   -mno-hw-div -mhw-mul -mno-hw-mulx  -o obj/default/main.o main.c
main.c: In function 'main':
main.c:34:6: warning: implicit declaration of function 'free' [-Wimplicit-function-declaration]
      free(list);
      ^
main.c:34:6: warning: incompatible implicit declaration of built-in function 'free'
main.c: In function 'SD_Card_Init':
main.c:42:4: warning: suggest explicit braces to avoid ambiguous 'else' [-Wparentheses]
  if(sd_card_dev != 0)
    ^
main.c: In function 'List_SD_Card_Files':
main.c:60:61: warning: pointer targets in passing argument 2 of 'alt_up_sd_card_find_first' differ in signedness [-Wpointer-sign]
  alt_16 first_file_result = alt_up_sd_card_find_first("/.", root_filename);
                                                             ^
In file included from main.c:10:0:
../SDCard_SDRam_bsp//drivers/inc/Altera_UP_SD_Card_Avalon_Interface.h:60:11: note: expected 'char *' but argument is of type 'alt_8 *'
 short int alt_up_sd_card_find_first(char *directory_to_search_through, char *file_name);
           ^
main.c:63:34: warning: pointer targets in passing argument 1 of 'alt_up_sd_card_find_next' differ in signedness [-Wpointer-sign]
   while(alt_up_sd_card_find_next(root_filename) != -1)
                                  ^
In file included from main.c:10:0:
../SDCard_SDRam_bsp//drivers/inc/Altera_UP_SD_Card_Avalon_Interface.h:86:11: note: expected 'char *' but argument is of type 'alt_8 *'
 short int alt_up_sd_card_find_next(char *file_name);
           ^
main.c: In function 'Get_File_Len':
main.c:77:34: warning: pointer targets in passing argument 1 of 'alt_up_sd_card_fopen' differ in signedness [-Wpointer-sign]
  sd_fileh = alt_up_sd_card_fopen(filename, false);
                                  ^
In file included from main.c:10:0:
../SDCard_SDRam_bsp//drivers/inc/Altera_UP_SD_Card_Avalon_Interface.h:48:11: note: expected 'char *' but argument is of type 'alt_u8 *'
 short int alt_up_sd_card_fopen(char *name, bool create);
           ^
main.c:86:2: warning: format '%d' expects argument of type 'int', but argument 3 has type 'alt_32' [-Wformat=]
  printf("Info: %s is %d bytes.\n", filename, count);
  ^
main.c:86:2: warning: format '%d' expects argument of type 'int', but argument 3 has type 'alt_32' [-Wformat=]
main.c: In function 'File_Read_Into_List':
main.c:94:2: warning: implicit declaration of function 'malloc' [-Wimplicit-function-declaration]
  alt_u8 *list = malloc(len * sizeof(alt_u8));
  ^
main.c:94:17: warning: incompatible implicit declaration of built-in function 'malloc'
  alt_u8 *list = malloc(len * sizeof(alt_u8));
                 ^
main.c:98:35: warning: pointer targets in passing argument 1 of 'alt_up_sd_card_fopen' differ in signedness [-Wpointer-sign]
   sd_fileh = alt_up_sd_card_fopen(filename, false);
                                   ^
In file included from main.c:10:0:
../SDCard_SDRam_bsp//drivers/inc/Altera_UP_SD_Card_Avalon_Interface.h:48:11: note: expected 'char *' but argument is of type 'alt_u8 *'
 short int alt_up_sd_card_fopen(char *name, bool create);
           ^
Info: Linking SDCard_SDRam.elf
nios2-elf-g++  -T'../SDCard_SDRam_bsp//linker.x' -msys-crt0='../SDCard_SDRam_bsp//obj/HAL/src/crt0.o' -msys-lib=hal_bsp -L../SDCard_SDRam_bsp/   -Wl,-Map=SDCard_SDRam.map   -O0 -g -Wall   -mno-hw-div -mhw-mul -mno-hw-mulx  -o SDCard_SDRam.elf obj/default/main.o -lm -msys-lib=m
nios2-elf-insert SDCard_SDRam.elf --thread_model hal --cpu_name nios2_gen2 --qsys true --simulation_enabled false --id 0 --sidp 0x10001438 --timestamp 1508998657 --stderr_dev jtag_uart --stdin_dev jtag_uart --stdout_dev jtag_uart --sopc_system_name Qsys_system --quartus_project_dir "C:/Users/M10512001/Documents/GitHub/DE2-115/SDCard_SDRam" --jdi ../..//output_files/SDCard_SDRam.jdi --sopcinfo C:/Users/M10512001/Documents/GitHub/DE2-115/SDCard_SDRam/software/SDCard_SDRam_bsp/../../Qsys_system.sopcinfo
Info: (SDCard_SDRam.elf) 122 KBytes program size (code + initialized data).
Info:                    130942 KBytes free for stack + heap.
Info: Creating SDCard_SDRam.objdump
nios2-elf-objdump --disassemble --syms --all-header --source SDCard_SDRam.elf >SDCard_SDRam.objdump
[SDCard_SDRam build complete]
18:05:30 **** Incremental Build of configuration Nios II for project SDCard_SDRam_bsp ****
make all 
[BSP build complete]
18:05:33 **** Incremental Build of configuration Nios II for project SDCard_SDRam ****
make all 
Info: Building ../SDCard_SDRam_bsp/
C:/altera/15.1/nios2eds/bin/gnu/H-x86_64-mingw32/bin/make --no-print-directory -C ../SDCard_SDRam_bsp/
[BSP build complete]
[SDCard_SDRam build complete]
18:05:33 **** Incremental Build of configuration Nios II for project SDCard_SDRam_bsp ****
make all 
[BSP build complete]
16:32:48 **** Incremental Build of configuration Nios II for project SDCard_SDRam ****
make all 
Info: Building ../SDCard_SDRam_bsp/
C:/altera/15.1/nios2eds/bin/gnu/H-x86_64-mingw32/bin/make --no-print-directory -C ../SDCard_SDRam_bsp/
[BSP build complete]
Info: Compiling main.c to obj/default/main.o
nios2-elf-gcc -xc -MP -MMD -c -I../SDCard_SDRam_bsp//HAL/inc -I../SDCard_SDRam_bsp/ -I../SDCard_SDRam_bsp//drivers/inc  -pipe -D__hal__ -DALT_NO_INSTRUCTION_EMULATION -DALT_SINGLE_THREADED    -O0 -g -Wall   -mno-hw-div -mhw-mul -mno-hw-mulx  -o obj/default/main.o main.c
main.c: In function 'main':
main.c:35:3: warning: implicit declaration of function 'free' [-Wimplicit-function-declaration]
   free(list);
   ^
main.c:35:3: warning: incompatible implicit declaration of built-in function 'free'
main.c: In function 'List_SD_Card_Files':
main.c:61:61: warning: pointer targets in passing argument 2 of 'alt_up_sd_card_find_first' differ in signedness [-Wpointer-sign]
  alt_16 first_file_result = alt_up_sd_card_find_first("/.", root_filename);
                                                             ^
In file included from main.c:11:0:
../SDCard_SDRam_bsp//drivers/inc/Altera_UP_SD_Card_Avalon_Interface.h:60:11: note: expected 'char *' but argument is of type 'alt_8 *'
 short int alt_up_sd_card_find_first(char *directory_to_search_through, char *file_name);
           ^
main.c:64:34: warning: pointer targets in passing argument 1 of 'alt_up_sd_card_find_next' differ in signedness [-Wpointer-sign]
   while(alt_up_sd_card_find_next(root_filename) != -1)
                                  ^
In file included from main.c:11:0:
../SDCard_SDRam_bsp//drivers/inc/Altera_UP_SD_Card_Avalon_Interface.h:86:11: note: expected 'char *' but argument is of type 'alt_8 *'
 short int alt_up_sd_card_find_next(char *file_name);
           ^
main.c: In function 'Get_File_Len':
main.c:77:34: warning: pointer targets in passing argument 1 of 'alt_up_sd_card_fopen' differ in signedness [-Wpointer-sign]
  sd_fileh = alt_up_sd_card_fopen(filename, false);
                                  ^
In file included from main.c:11:0:
../SDCard_SDRam_bsp//drivers/inc/Altera_UP_SD_Card_Avalon_Interface.h:48:11: note: expected 'char *' but argument is of type 'alt_u8 *'
 short int alt_up_sd_card_fopen(char *name, bool create);
           ^
main.c:86:2: warning: format '%d' expects argument of type 'int', but argument 3 has type 'alt_32' [-Wformat=]
  printf("Info: %s is %d bytes.\n", filename, count);
  ^
main.c:86:2: warning: format '%d' expects argument of type 'int', but argument 3 has type 'alt_32' [-Wformat=]
main.c: In function 'File_Read_Into_List':
main.c:94:2: warning: implicit declaration of function 'malloc' [-Wimplicit-function-declaration]
  alt_u8 *list = malloc(len * sizeof(alt_u8));
  ^
main.c:94:17: warning: incompatible implicit declaration of built-in function 'malloc'
  alt_u8 *list = malloc(len * sizeof(alt_u8));
                 ^
main.c:98:35: warning: pointer targets in passing argument 1 of 'alt_up_sd_card_fopen' differ in signedness [-Wpointer-sign]
   sd_fileh = alt_up_sd_card_fopen(filename, false);
                                   ^
In file included from main.c:11:0:
../SDCard_SDRam_bsp//drivers/inc/Altera_UP_SD_Card_Avalon_Interface.h:48:11: note: expected 'char *' but argument is of type 'alt_u8 *'
 short int alt_up_sd_card_fopen(char *name, bool create);
           ^
Info: Linking SDCard_SDRam.elf
nios2-elf-g++  -T'../SDCard_SDRam_bsp//linker.x' -msys-crt0='../SDCard_SDRam_bsp//obj/HAL/src/crt0.o' -msys-lib=hal_bsp -L../SDCard_SDRam_bsp/   -Wl,-Map=SDCard_SDRam.map   -O0 -g -Wall   -mno-hw-div -mhw-mul -mno-hw-mulx  -o SDCard_SDRam.elf obj/default/main.o -lm -msys-lib=m
nios2-elf-insert SDCard_SDRam.elf --thread_model hal --cpu_name nios2_gen2 --qsys true --simulation_enabled false --id 0 --sidp 0x10001438 --timestamp 1508998657 --stderr_dev jtag_uart --stdin_dev jtag_uart --stdout_dev jtag_uart --sopc_system_name Qsys_system --quartus_project_dir "C:/Users/M10512001/Desktop/DE2-115/SDCard_SDRam" --jdi ../..//output_files/SDCard_SDRam.jdi --sopcinfo C:/Users/M10512001/Desktop/DE2-115/SDCard_SDRam/software/SDCard_SDRam_bsp/../../Qsys_system.sopcinfo
Info: (SDCard_SDRam.elf) 122 KBytes program size (code + initialized data).
Info:                    130942 KBytes free for stack + heap.
Info: Creating SDCard_SDRam.objdump
nios2-elf-objdump --disassemble --syms --all-header --source SDCard_SDRam.elf >SDCard_SDRam.objdump
[SDCard_SDRam build complete]
16:32:50 **** Incremental Build of configuration Nios II for project SDCard_SDRam_bsp ****
make all 
[BSP build complete]
16:32:53 **** Incremental Build of configuration Nios II for project SDCard_SDRam ****
make all 
Info: Building ../SDCard_SDRam_bsp/
C:/altera/15.1/nios2eds/bin/gnu/H-x86_64-mingw32/bin/make --no-print-directory -C ../SDCard_SDRam_bsp/
[BSP build complete]
[SDCard_SDRam build complete]
16:33:43 **** Incremental Build of configuration Nios II for project SDCard_SDRam ****
make all 
Info: Building ../SDCard_SDRam_bsp/
C:/altera/15.1/nios2eds/bin/gnu/H-x86_64-mingw32/bin/make --no-print-directory -C ../SDCard_SDRam_bsp/
[BSP build complete]
[SDCard_SDRam build complete]
16:33:44 **** Incremental Build of configuration Nios II for project SDCard_SDRam_bsp ****
make all 
[BSP build complete]
18:21:32 **** Incremental Build of configuration Nios II for project SDCard_SDRam ****
make all 
Info: Building ../SDCard_SDRam_bsp/
C:/altera/15.1/nios2eds/bin/gnu/H-x86_64-mingw32/bin/make --no-print-directory -C ../SDCard_SDRam_bsp/
[BSP build complete]
[SDCard_SDRam build complete]
18:21:33 **** Incremental Build of configuration Nios II for project SDCard_SDRam_bsp ****
make all 
[BSP build complete]
18:21:35 **** Incremental Build of configuration Nios II for project SDCard_SDRam ****
make all 
Info: Building ../SDCard_SDRam_bsp/
C:/altera/15.1/nios2eds/bin/gnu/H-x86_64-mingw32/bin/make --no-print-directory -C ../SDCard_SDRam_bsp/
[BSP build complete]
[SDCard_SDRam build complete]
18:23:25 **** Incremental Build of configuration Nios II for project SDCard_SDRam ****
make all 
Info: Building ../SDCard_SDRam_bsp/
C:/altera/15.1/nios2eds/bin/gnu/H-x86_64-mingw32/bin/make --no-print-directory -C ../SDCard_SDRam_bsp/
[BSP build complete]
[SDCard_SDRam build complete]
18:23:26 **** Incremental Build of configuration Nios II for project SDCard_SDRam_bsp ****
make all 
[BSP build complete]
14:47:20 **** Build of configuration Nios II for project SDCard_SDRam ****
make all 
Info: Building ../SDCard_SDRam_bsp/
C:/altera/15.1/nios2eds/bin/gnu/H-x86_64-mingw32/bin/make --no-print-directory -C ../SDCard_SDRam_bsp/
[BSP build complete]
[SDCard_SDRam build complete]
14:47:21 **** Build of configuration Nios II for project SDCard_SDRam_bsp ****
make all 
[BSP build complete]
14:50:56 **** Build of configuration Nios II for project SDCard_SDRam ****
make all 
Info: Building ../SDCard_SDRam_bsp/
C:/altera/15.1/nios2eds/bin/gnu/H-x86_64-mingw32/bin/make --no-print-directory -C ../SDCard_SDRam_bsp/
[BSP build complete]
[SDCard_SDRam build complete]
14:50:58 **** Build of configuration Nios II for project SDCard_SDRam_bsp ****
make all 
[BSP build complete]
