Info: Starting: Create block symbol file (.bsf)
Info: qsys-generate C:\Users\M10512001\Desktop\M10512001\Chaos_Key_Nios\Qsys_system.qsys --block-symbol-file --output-directory=C:\Users\M10512001\Desktop\M10512001\Chaos_Key_Nios\Qsys_system --family="Cyclone IV E" --part=EP4CE115F29C7
Progress: Loading Chaos_Key_Nios/Qsys_system.qsys
Progress: Reading input file
Progress: Adding altpll [altpll 15.1]
Progress: Parameterizing module altpll
Progress: Adding clk [clock_source 15.1]
Progress: Parameterizing module clk
Progress: Adding jtag_uart [altera_avalon_jtag_uart 15.1]
Progress: Parameterizing module jtag_uart
Progress: Adding nios2_gen2 [altera_nios2_gen2 15.1]
Progress: Parameterizing module nios2_gen2
Progress: Adding pio_chaos_done [altera_avalon_pio 15.1]
Progress: Parameterizing module pio_chaos_done
Progress: Adding pio_chaos_reset [altera_avalon_pio 15.1]
Progress: Parameterizing module pio_chaos_reset
Progress: Adding pio_chaos_shift [altera_avalon_pio 15.1]
Progress: Parameterizing module pio_chaos_shift
Progress: Adding pio_chaos_step [altera_avalon_pio 15.1]
Progress: Parameterizing module pio_chaos_step
Progress: Adding pio_chaos_w [altera_avalon_pio 15.1]
Progress: Parameterizing module pio_chaos_w
Progress: Adding pio_chaos_x [altera_avalon_pio 15.1]
Progress: Parameterizing module pio_chaos_x
Progress: Adding pio_chaos_y [altera_avalon_pio 15.1]
Progress: Parameterizing module pio_chaos_y
Progress: Adding pio_chaos_z [altera_avalon_pio 15.1]
Progress: Parameterizing module pio_chaos_z
Progress: Adding sdram [altera_avalon_new_sdram_controller 15.1]
Progress: Parameterizing module sdram
Progress: Adding sysid [altera_avalon_sysid_qsys 15.1]
Progress: Parameterizing module sysid
Progress: Adding timer [altera_avalon_timer 15.1]
Progress: Parameterizing module timer
Progress: Building connections
Progress: Parameterizing connections
Progress: Validating
Progress: Done reading input file
Info: Qsys_system.pio_chaos_done: PIO inputs are not hardwired in test bench. Undefined values will be read from PIO inputs during simulation.
Info: Qsys_system.pio_chaos_w: PIO inputs are not hardwired in test bench. Undefined values will be read from PIO inputs during simulation.
Info: Qsys_system.pio_chaos_x: PIO inputs are not hardwired in test bench. Undefined values will be read from PIO inputs during simulation.
Info: Qsys_system.pio_chaos_y: PIO inputs are not hardwired in test bench. Undefined values will be read from PIO inputs during simulation.
Info: Qsys_system.pio_chaos_z: PIO inputs are not hardwired in test bench. Undefined values will be read from PIO inputs during simulation.
Info: Qsys_system.sysid: System ID is not assigned automatically. Edit the System ID parameter to provide a unique ID
Info: Qsys_system.sysid: Time stamp will be automatically updated when this component is generated.
Warning: Qsys_system.altpll: altpll.areset_conduit must be exported, or connected to a matching conduit.
Warning: Qsys_system.altpll: altpll.locked_conduit must be exported, or connected to a matching conduit.
Warning: Qsys_system.altpll: altpll.phasedone_conduit must be exported, or connected to a matching conduit.
Info: qsys-generate succeeded.
Info: Finished: Create block symbol file (.bsf)
Info: 
Info: Starting: Create HDL design files for synthesis
Info: qsys-generate C:\Users\M10512001\Desktop\M10512001\Chaos_Key_Nios\Qsys_system.qsys --synthesis=VERILOG --output-directory=C:\Users\M10512001\Desktop\M10512001\Chaos_Key_Nios\Qsys_system\synthesis --family="Cyclone IV E" --part=EP4CE115F29C7
Progress: Loading Chaos_Key_Nios/Qsys_system.qsys
Progress: Reading input file
Progress: Adding altpll [altpll 15.1]
Progress: Parameterizing module altpll
Progress: Adding clk [clock_source 15.1]
Progress: Parameterizing module clk
Progress: Adding jtag_uart [altera_avalon_jtag_uart 15.1]
Progress: Parameterizing module jtag_uart
Progress: Adding nios2_gen2 [altera_nios2_gen2 15.1]
Progress: Parameterizing module nios2_gen2
Progress: Adding pio_chaos_done [altera_avalon_pio 15.1]
Progress: Parameterizing module pio_chaos_done
Progress: Adding pio_chaos_reset [altera_avalon_pio 15.1]
Progress: Parameterizing module pio_chaos_reset
Progress: Adding pio_chaos_shift [altera_avalon_pio 15.1]
Progress: Parameterizing module pio_chaos_shift
Progress: Adding pio_chaos_step [altera_avalon_pio 15.1]
Progress: Parameterizing module pio_chaos_step
Progress: Adding pio_chaos_w [altera_avalon_pio 15.1]
Progress: Parameterizing module pio_chaos_w
Progress: Adding pio_chaos_x [altera_avalon_pio 15.1]
Progress: Parameterizing module pio_chaos_x
Progress: Adding pio_chaos_y [altera_avalon_pio 15.1]
Progress: Parameterizing module pio_chaos_y
Progress: Adding pio_chaos_z [altera_avalon_pio 15.1]
Progress: Parameterizing module pio_chaos_z
Progress: Adding sdram [altera_avalon_new_sdram_controller 15.1]
Progress: Parameterizing module sdram
Progress: Adding sysid [altera_avalon_sysid_qsys 15.1]
Progress: Parameterizing module sysid
Progress: Adding timer [altera_avalon_timer 15.1]
Progress: Parameterizing module timer
Progress: Building connections
Progress: Parameterizing connections
Progress: Validating
Progress: Done reading input file
Info: Qsys_system.pio_chaos_done: PIO inputs are not hardwired in test bench. Undefined values will be read from PIO inputs during simulation.
Info: Qsys_system.pio_chaos_w: PIO inputs are not hardwired in test bench. Undefined values will be read from PIO inputs during simulation.
Info: Qsys_system.pio_chaos_x: PIO inputs are not hardwired in test bench. Undefined values will be read from PIO inputs during simulation.
Info: Qsys_system.pio_chaos_y: PIO inputs are not hardwired in test bench. Undefined values will be read from PIO inputs during simulation.
Info: Qsys_system.pio_chaos_z: PIO inputs are not hardwired in test bench. Undefined values will be read from PIO inputs during simulation.
Info: Qsys_system.sysid: System ID is not assigned automatically. Edit the System ID parameter to provide a unique ID
Info: Qsys_system.sysid: Time stamp will be automatically updated when this component is generated.
Warning: Qsys_system.altpll: altpll.areset_conduit must be exported, or connected to a matching conduit.
Warning: Qsys_system.altpll: altpll.locked_conduit must be exported, or connected to a matching conduit.
Warning: Qsys_system.altpll: altpll.phasedone_conduit must be exported, or connected to a matching conduit.
Info: Qsys_system: Generating Qsys_system "Qsys_system" for QUARTUS_SYNTH
Info: Inserting clock-crossing logic between cmd_demux.src3 and cmd_mux_003.sink0
Info: Inserting clock-crossing logic between rsp_demux_003.src0 and rsp_mux.sink3
Info: altpll: "Qsys_system" instantiated altpll "altpll"
Info: jtag_uart: Starting RTL generation for module 'Qsys_system_jtag_uart'
Info: jtag_uart:   Generation command is [exec C:/altera/15.1/quartus/bin64/perl/bin/perl.exe -I C:/altera/15.1/quartus/bin64/perl/lib -I C:/altera/15.1/quartus/sopc_builder/bin/europa -I C:/altera/15.1/quartus/sopc_builder/bin/perl_lib -I C:/altera/15.1/quartus/sopc_builder/bin -I C:/altera/15.1/quartus/../ip/altera/sopc_builder_ip/common -I C:/altera/15.1/quartus/../ip/altera/sopc_builder_ip/altera_avalon_jtag_uart -- C:/altera/15.1/quartus/../ip/altera/sopc_builder_ip/altera_avalon_jtag_uart/generate_rtl.pl --name=Qsys_system_jtag_uart --dir=C:/Users/M10512~1/AppData/Local/Temp/alt7595_1684573980529057021.dir/0003_jtag_uart_gen/ --quartus_dir=C:/altera/15.1/quartus --verilog --config=C:/Users/M10512~1/AppData/Local/Temp/alt7595_1684573980529057021.dir/0003_jtag_uart_gen//Qsys_system_jtag_uart_component_configuration.pl  --do_build_sim=0  ]
Info: jtag_uart: Done RTL generation for module 'Qsys_system_jtag_uart'
Info: jtag_uart: "Qsys_system" instantiated altera_avalon_jtag_uart "jtag_uart"
Info: nios2_gen2: "Qsys_system" instantiated altera_nios2_gen2 "nios2_gen2"
Info: pio_chaos_done: Starting RTL generation for module 'Qsys_system_pio_chaos_done'
Info: pio_chaos_done:   Generation command is [exec C:/altera/15.1/quartus/bin64/perl/bin/perl.exe -I C:/altera/15.1/quartus/bin64/perl/lib -I C:/altera/15.1/quartus/sopc_builder/bin/europa -I C:/altera/15.1/quartus/sopc_builder/bin/perl_lib -I C:/altera/15.1/quartus/sopc_builder/bin -I C:/altera/15.1/quartus/../ip/altera/sopc_builder_ip/common -I C:/altera/15.1/quartus/../ip/altera/sopc_builder_ip/altera_avalon_pio -- C:/altera/15.1/quartus/../ip/altera/sopc_builder_ip/altera_avalon_pio/generate_rtl.pl --name=Qsys_system_pio_chaos_done --dir=C:/Users/M10512~1/AppData/Local/Temp/alt7595_1684573980529057021.dir/0004_pio_chaos_done_gen/ --quartus_dir=C:/altera/15.1/quartus --verilog --config=C:/Users/M10512~1/AppData/Local/Temp/alt7595_1684573980529057021.dir/0004_pio_chaos_done_gen//Qsys_system_pio_chaos_done_component_configuration.pl  --do_build_sim=0  ]
Info: pio_chaos_done: Done RTL generation for module 'Qsys_system_pio_chaos_done'
Info: pio_chaos_done: "Qsys_system" instantiated altera_avalon_pio "pio_chaos_done"
Info: pio_chaos_reset: Starting RTL generation for module 'Qsys_system_pio_chaos_reset'
Info: pio_chaos_reset:   Generation command is [exec C:/altera/15.1/quartus/bin64/perl/bin/perl.exe -I C:/altera/15.1/quartus/bin64/perl/lib -I C:/altera/15.1/quartus/sopc_builder/bin/europa -I C:/altera/15.1/quartus/sopc_builder/bin/perl_lib -I C:/altera/15.1/quartus/sopc_builder/bin -I C:/altera/15.1/quartus/../ip/altera/sopc_builder_ip/common -I C:/altera/15.1/quartus/../ip/altera/sopc_builder_ip/altera_avalon_pio -- C:/altera/15.1/quartus/../ip/altera/sopc_builder_ip/altera_avalon_pio/generate_rtl.pl --name=Qsys_system_pio_chaos_reset --dir=C:/Users/M10512~1/AppData/Local/Temp/alt7595_1684573980529057021.dir/0005_pio_chaos_reset_gen/ --quartus_dir=C:/altera/15.1/quartus --verilog --config=C:/Users/M10512~1/AppData/Local/Temp/alt7595_1684573980529057021.dir/0005_pio_chaos_reset_gen//Qsys_system_pio_chaos_reset_component_configuration.pl  --do_build_sim=0  ]
Info: pio_chaos_reset: Done RTL generation for module 'Qsys_system_pio_chaos_reset'
Info: pio_chaos_reset: "Qsys_system" instantiated altera_avalon_pio "pio_chaos_reset"
Info: pio_chaos_shift: Starting RTL generation for module 'Qsys_system_pio_chaos_shift'
Info: pio_chaos_shift:   Generation command is [exec C:/altera/15.1/quartus/bin64/perl/bin/perl.exe -I C:/altera/15.1/quartus/bin64/perl/lib -I C:/altera/15.1/quartus/sopc_builder/bin/europa -I C:/altera/15.1/quartus/sopc_builder/bin/perl_lib -I C:/altera/15.1/quartus/sopc_builder/bin -I C:/altera/15.1/quartus/../ip/altera/sopc_builder_ip/common -I C:/altera/15.1/quartus/../ip/altera/sopc_builder_ip/altera_avalon_pio -- C:/altera/15.1/quartus/../ip/altera/sopc_builder_ip/altera_avalon_pio/generate_rtl.pl --name=Qsys_system_pio_chaos_shift --dir=C:/Users/M10512~1/AppData/Local/Temp/alt7595_1684573980529057021.dir/0006_pio_chaos_shift_gen/ --quartus_dir=C:/altera/15.1/quartus --verilog --config=C:/Users/M10512~1/AppData/Local/Temp/alt7595_1684573980529057021.dir/0006_pio_chaos_shift_gen//Qsys_system_pio_chaos_shift_component_configuration.pl  --do_build_sim=0  ]
Info: pio_chaos_shift: Done RTL generation for module 'Qsys_system_pio_chaos_shift'
Info: pio_chaos_shift: "Qsys_system" instantiated altera_avalon_pio "pio_chaos_shift"
Info: pio_chaos_w: Starting RTL generation for module 'Qsys_system_pio_chaos_w'
Info: pio_chaos_w:   Generation command is [exec C:/altera/15.1/quartus/bin64/perl/bin/perl.exe -I C:/altera/15.1/quartus/bin64/perl/lib -I C:/altera/15.1/quartus/sopc_builder/bin/europa -I C:/altera/15.1/quartus/sopc_builder/bin/perl_lib -I C:/altera/15.1/quartus/sopc_builder/bin -I C:/altera/15.1/quartus/../ip/altera/sopc_builder_ip/common -I C:/altera/15.1/quartus/../ip/altera/sopc_builder_ip/altera_avalon_pio -- C:/altera/15.1/quartus/../ip/altera/sopc_builder_ip/altera_avalon_pio/generate_rtl.pl --name=Qsys_system_pio_chaos_w --dir=C:/Users/M10512~1/AppData/Local/Temp/alt7595_1684573980529057021.dir/0007_pio_chaos_w_gen/ --quartus_dir=C:/altera/15.1/quartus --verilog --config=C:/Users/M10512~1/AppData/Local/Temp/alt7595_1684573980529057021.dir/0007_pio_chaos_w_gen//Qsys_system_pio_chaos_w_component_configuration.pl  --do_build_sim=0  ]
Info: pio_chaos_w: Done RTL generation for module 'Qsys_system_pio_chaos_w'
Info: pio_chaos_w: "Qsys_system" instantiated altera_avalon_pio "pio_chaos_w"
Info: sdram: Starting RTL generation for module 'Qsys_system_sdram'
Info: sdram:   Generation command is [exec C:/altera/15.1/quartus/bin64/perl/bin/perl.exe -I C:/altera/15.1/quartus/bin64/perl/lib -I C:/altera/15.1/quartus/sopc_builder/bin/europa -I C:/altera/15.1/quartus/sopc_builder/bin/perl_lib -I C:/altera/15.1/quartus/sopc_builder/bin -I C:/altera/15.1/quartus/../ip/altera/sopc_builder_ip/common -I C:/altera/15.1/quartus/../ip/altera/sopc_builder_ip/altera_avalon_new_sdram_controller -- C:/altera/15.1/quartus/../ip/altera/sopc_builder_ip/altera_avalon_new_sdram_controller/generate_rtl.pl --name=Qsys_system_sdram --dir=C:/Users/M10512~1/AppData/Local/Temp/alt7595_1684573980529057021.dir/0008_sdram_gen/ --quartus_dir=C:/altera/15.1/quartus --verilog --config=C:/Users/M10512~1/AppData/Local/Temp/alt7595_1684573980529057021.dir/0008_sdram_gen//Qsys_system_sdram_component_configuration.pl  --do_build_sim=0  ]
Info: sdram: Done RTL generation for module 'Qsys_system_sdram'
Info: sdram: "Qsys_system" instantiated altera_avalon_new_sdram_controller "sdram"
Info: sysid: "Qsys_system" instantiated altera_avalon_sysid_qsys "sysid"
Info: timer: Starting RTL generation for module 'Qsys_system_timer'
Info: timer:   Generation command is [exec C:/altera/15.1/quartus/bin64//perl/bin/perl.exe -I C:/altera/15.1/quartus/bin64//perl/lib -I C:/altera/15.1/quartus/sopc_builder/bin/europa -I C:/altera/15.1/quartus/sopc_builder/bin/perl_lib -I C:/altera/15.1/quartus/sopc_builder/bin -I C:/altera/15.1/quartus/../ip/altera/sopc_builder_ip/common -I C:/altera/15.1/quartus/../ip/altera/sopc_builder_ip/altera_avalon_timer -- C:/altera/15.1/quartus/../ip/altera/sopc_builder_ip/altera_avalon_timer/generate_rtl.pl --name=Qsys_system_timer --dir=C:/Users/M10512~1/AppData/Local/Temp/alt7595_1684573980529057021.dir/0010_timer_gen/ --quartus_dir=C:/altera/15.1/quartus --verilog --config=C:/Users/M10512~1/AppData/Local/Temp/alt7595_1684573980529057021.dir/0010_timer_gen//Qsys_system_timer_component_configuration.pl  --do_build_sim=0  ]
Info: timer: Done RTL generation for module 'Qsys_system_timer'
Info: timer: "Qsys_system" instantiated altera_avalon_timer "timer"
Info: avalon_st_adapter: Inserting error_adapter: error_adapter_0
Info: avalon_st_adapter_001: Inserting error_adapter: error_adapter_0
Info: avalon_st_adapter_002: Inserting error_adapter: error_adapter_0
Info: avalon_st_adapter_003: Inserting error_adapter: error_adapter_0
Info: avalon_st_adapter_004: Inserting error_adapter: error_adapter_0
Info: avalon_st_adapter_005: Inserting error_adapter: error_adapter_0
Info: avalon_st_adapter_006: Inserting error_adapter: error_adapter_0
Info: avalon_st_adapter_007: Inserting error_adapter: error_adapter_0
Info: avalon_st_adapter_008: Inserting error_adapter: error_adapter_0
Info: avalon_st_adapter_009: Inserting error_adapter: error_adapter_0
Info: avalon_st_adapter_010: Inserting error_adapter: error_adapter_0
Info: avalon_st_adapter_011: Inserting error_adapter: error_adapter_0
Info: avalon_st_adapter_012: Inserting error_adapter: error_adapter_0
Info: avalon_st_adapter_013: Inserting error_adapter: error_adapter_0
Info: mm_interconnect_0: "Qsys_system" instantiated altera_mm_interconnect "mm_interconnect_0"
Info: irq_mapper: "Qsys_system" instantiated altera_irq_mapper "irq_mapper"
Info: rst_controller: "Qsys_system" instantiated altera_reset_controller "rst_controller"
Info: cpu: Starting RTL generation for module 'Qsys_system_nios2_gen2_cpu'
Info: cpu:   Generation command is [exec C:/altera/15.1/quartus/bin64//eperlcmd.exe -I C:/altera/15.1/quartus/bin64//perl/lib -I C:/altera/15.1/quartus/sopc_builder/bin/europa -I C:/altera/15.1/quartus/sopc_builder/bin/perl_lib -I C:/altera/15.1/quartus/sopc_builder/bin -I C:/altera/15.1/quartus/../ip/altera/nios2_ip/altera_nios2_gen2/cpu_lib -I C:/altera/15.1/quartus/../ip/altera/nios2_ip/altera_nios2_gen2/nios_lib -I C:/altera/15.1/quartus/../ip/altera/nios2_ip/altera_nios2_gen2 -I C:/altera/15.1/quartus/../ip/altera/nios2_ip/altera_nios2_gen2 -- C:/altera/15.1/quartus/../ip/altera/nios2_ip/altera_nios2_gen2/generate_rtl.epl --name=Qsys_system_nios2_gen2_cpu --dir=C:/Users/M10512~1/AppData/Local/Temp/alt7595_1684573980529057021.dir/0013_cpu_gen/ --quartus_bindir=C:/altera/15.1/quartus/bin64/ --verilog --config=C:/Users/M10512~1/AppData/Local/Temp/alt7595_1684573980529057021.dir/0013_cpu_gen//Qsys_system_nios2_gen2_cpu_processor_configuration.pl  --do_build_sim=0  ]
Info: cpu: # 2018.03.05 17:00:50 (*) Starting Nios II generation
Info: cpu: # 2018.03.05 17:00:50 (*)   Checking for plaintext license.
Info: cpu: # 2018.03.05 17:00:57 (*)   Plaintext license not found.
Info: cpu: # 2018.03.05 17:00:57 (*)   Checking for encrypted license (non-evaluation).
Info: cpu: # 2018.03.05 17:01:02 (*)   Encrypted license found.  SOF will not be time-limited.
Info: cpu: # 2018.03.05 17:01:02 (*)   Elaborating CPU configuration settings
Info: cpu: # 2018.03.05 17:01:02 (*)   Creating all objects for CPU
Info: cpu: # 2018.03.05 17:01:02 (*)     Testbench
Info: cpu: # 2018.03.05 17:01:03 (*)     Instruction decoding
Info: cpu: # 2018.03.05 17:01:03 (*)       Instruction fields
Info: cpu: # 2018.03.05 17:01:03 (*)       Instruction decodes
Info: cpu: # 2018.03.05 17:01:03 (*)       Signals for RTL simulation waveforms
Info: cpu: # 2018.03.05 17:01:04 (*)       Instruction controls
Info: cpu: # 2018.03.05 17:01:04 (*)     Pipeline frontend
Info: cpu: # 2018.03.05 17:01:04 (*)     Pipeline backend
Info: cpu: # 2018.03.05 17:01:07 (*)   Generating RTL from CPU objects
Info: cpu: # 2018.03.05 17:01:09 (*)   Creating encrypted RTL
Info: cpu: # 2018.03.05 17:01:10 (*) Done Nios II generation
Info: cpu: Done RTL generation for module 'Qsys_system_nios2_gen2_cpu'
Info: cpu: "nios2_gen2" instantiated altera_nios2_gen2_unit "cpu"
Info: nios2_gen2_data_master_translator: "mm_interconnect_0" instantiated altera_merlin_master_translator "nios2_gen2_data_master_translator"
Info: jtag_uart_avalon_jtag_slave_translator: "mm_interconnect_0" instantiated altera_merlin_slave_translator "jtag_uart_avalon_jtag_slave_translator"
Info: nios2_gen2_data_master_agent: "mm_interconnect_0" instantiated altera_merlin_master_agent "nios2_gen2_data_master_agent"
Info: jtag_uart_avalon_jtag_slave_agent: "mm_interconnect_0" instantiated altera_merlin_slave_agent "jtag_uart_avalon_jtag_slave_agent"
Info: jtag_uart_avalon_jtag_slave_agent_rsp_fifo: "mm_interconnect_0" instantiated altera_avalon_sc_fifo "jtag_uart_avalon_jtag_slave_agent_rsp_fifo"
Info: router: "mm_interconnect_0" instantiated altera_merlin_router "router"
Info: router_001: "mm_interconnect_0" instantiated altera_merlin_router "router_001"
Info: router_002: "mm_interconnect_0" instantiated altera_merlin_router "router_002"
Info: router_004: "mm_interconnect_0" instantiated altera_merlin_router "router_004"
Info: nios2_gen2_data_master_limiter: "mm_interconnect_0" instantiated altera_merlin_traffic_limiter "nios2_gen2_data_master_limiter"
Info: Reusing file C:/Users/M10512001/Desktop/M10512001/Chaos_Key_Nios/Qsys_system/synthesis/submodules/altera_avalon_sc_fifo.v
Info: cmd_demux: "mm_interconnect_0" instantiated altera_merlin_demultiplexer "cmd_demux"
Info: cmd_demux_001: "mm_interconnect_0" instantiated altera_merlin_demultiplexer "cmd_demux_001"
Info: cmd_mux: "mm_interconnect_0" instantiated altera_merlin_multiplexer "cmd_mux"
Info: cmd_mux_002: "mm_interconnect_0" instantiated altera_merlin_multiplexer "cmd_mux_002"
Info: Reusing file C:/Users/M10512001/Desktop/M10512001/Chaos_Key_Nios/Qsys_system/synthesis/submodules/altera_merlin_arbitrator.sv
Info: rsp_demux: "mm_interconnect_0" instantiated altera_merlin_demultiplexer "rsp_demux"
Info: rsp_demux_002: "mm_interconnect_0" instantiated altera_merlin_demultiplexer "rsp_demux_002"
Info: rsp_mux: "mm_interconnect_0" instantiated altera_merlin_multiplexer "rsp_mux"
Info: Reusing file C:/Users/M10512001/Desktop/M10512001/Chaos_Key_Nios/Qsys_system/synthesis/submodules/altera_merlin_arbitrator.sv
Info: rsp_mux_001: "mm_interconnect_0" instantiated altera_merlin_multiplexer "rsp_mux_001"
Info: Reusing file C:/Users/M10512001/Desktop/M10512001/Chaos_Key_Nios/Qsys_system/synthesis/submodules/altera_merlin_arbitrator.sv
Info: crosser: "mm_interconnect_0" instantiated altera_avalon_st_handshake_clock_crosser "crosser"
Info: Reusing file C:/Users/M10512001/Desktop/M10512001/Chaos_Key_Nios/Qsys_system/synthesis/submodules/altera_avalon_st_pipeline_base.v
Info: avalon_st_adapter: "mm_interconnect_0" instantiated altera_avalon_st_adapter "avalon_st_adapter"
Info: error_adapter_0: "avalon_st_adapter" instantiated error_adapter "error_adapter_0"
Info: Qsys_system: Done "Qsys_system" with 36 modules, 58 files
Info: qsys-generate succeeded.
Info: Finished: Create HDL design files for synthesis
